2025-08-20T19:29:40.3340037Z Current runner version: '2.328.0'
2025-08-20T19:29:40.3372573Z ##[group]Runner Image Provisioner
2025-08-20T19:29:40.3373694Z Hosted Compute Agent
2025-08-20T19:29:40.3374539Z Version: 20250818.377
2025-08-20T19:29:40.3375535Z Commit: 3c593e9f75fe0b87e893bca80d6e12ba089c61fc
2025-08-20T19:29:40.3376794Z Build Date: 2025-08-18T14:52:18Z
2025-08-20T19:29:40.3377771Z ##[endgroup]
2025-08-20T19:29:40.3378657Z ##[group]Operating System
2025-08-20T19:29:40.3379564Z Ubuntu
2025-08-20T19:29:40.3380404Z 24.04.2
2025-08-20T19:29:40.3381046Z LTS
2025-08-20T19:29:40.3381814Z ##[endgroup]
2025-08-20T19:29:40.3382615Z ##[group]Runner Image
2025-08-20T19:29:40.3383481Z Image: ubuntu-24.04
2025-08-20T19:29:40.3384199Z Version: 20250810.1.0
2025-08-20T19:29:40.3385933Z Included Software: https://github.com/actions/runner-images/blob/ubuntu24/20250810.1/images/ubuntu/Ubuntu2404-Readme.md
2025-08-20T19:29:40.3388674Z Image Release: https://github.com/actions/runner-images/releases/tag/ubuntu24%2F20250810.1
2025-08-20T19:29:40.3390405Z ##[endgroup]
2025-08-20T19:29:40.3392050Z ##[group]GITHUB_TOKEN Permissions
2025-08-20T19:29:40.3394487Z Contents: read
2025-08-20T19:29:40.3395357Z Metadata: read
2025-08-20T19:29:40.3396085Z Packages: read
2025-08-20T19:29:40.3397197Z ##[endgroup]
2025-08-20T19:29:40.3400508Z Secret source: Actions
2025-08-20T19:29:40.3401916Z Prepare workflow directory
2025-08-20T19:29:40.4006048Z Prepare all required actions
2025-08-20T19:29:40.4061520Z Getting action download info
2025-08-20T19:29:40.7158628Z Download action repository 'actions/checkout@v4' (SHA:08eba0b27e820071cde6df949e0beb9ba4906955)
2025-08-20T19:29:40.9792263Z Download action repository 'actions/setup-python@v5' (SHA:a26af69be951a213d495a4c3e4e4022e16d87065)
2025-08-20T19:29:41.2234029Z Download action repository 'actions/cache@v4' (SHA:0400d5f644dc74513175e3cd8d07132dd4860809)
2025-08-20T19:29:41.7315544Z Download action repository 'codecov/codecov-action@v4' (SHA:b9fd7d16f6d7d1b5d2bec1a2887e65ceed900238)
2025-08-20T19:29:41.9041332Z Download action repository 'dorny/test-reporter@v1' (SHA:d61b558e8df85cb60d09ca3e5b09653b4477cea7)
2025-08-20T19:29:42.3103330Z Complete job name: Backend Test Suite
2025-08-20T19:29:42.3572715Z ##[group]Checking docker version
2025-08-20T19:29:42.3585478Z ##[command]/usr/bin/docker version --format '{{.Server.APIVersion}}'
2025-08-20T19:29:42.4638643Z '1.48'
2025-08-20T19:29:42.4650193Z Docker daemon API version: '1.48'
2025-08-20T19:29:42.4650665Z ##[command]/usr/bin/docker version --format '{{.Client.APIVersion}}'
2025-08-20T19:29:42.4840153Z '1.48'
2025-08-20T19:29:42.4854167Z Docker client API version: '1.48'
2025-08-20T19:29:42.4858969Z ##[endgroup]
2025-08-20T19:29:42.4861640Z ##[group]Clean up resources from previous jobs
2025-08-20T19:29:42.4866856Z ##[command]/usr/bin/docker ps --all --quiet --no-trunc --filter "label=dd4110"
2025-08-20T19:29:42.4993604Z ##[command]/usr/bin/docker network prune --force --filter "label=dd4110"
2025-08-20T19:29:42.5118192Z ##[endgroup]
2025-08-20T19:29:42.5118507Z ##[group]Create local container network
2025-08-20T19:29:42.5127556Z ##[command]/usr/bin/docker network create --label dd4110 github_network_6babc8a2ce824d2e9ee7efb85dacd322
2025-08-20T19:29:42.5611279Z 6c1844b4f71b64a9d2f22b753d79cd29ff83e495fb5cfe8a6fe1f2371624589b
2025-08-20T19:29:42.5628853Z ##[endgroup]
2025-08-20T19:29:42.5651637Z ##[group]Starting postgres service container
2025-08-20T19:29:42.5670450Z ##[command]/usr/bin/docker pull postgres:15
2025-08-20T19:29:42.8520559Z 15: Pulling from library/postgres
2025-08-20T19:29:42.9190220Z 396b1da7636e: Pulling fs layer
2025-08-20T19:29:42.9190670Z fca2566eba32: Pulling fs layer
2025-08-20T19:29:42.9191070Z 631fe8c6d606: Pulling fs layer
2025-08-20T19:29:42.9191453Z 77c7671c4414: Pulling fs layer
2025-08-20T19:29:42.9191832Z 2d9e29180a27: Pulling fs layer
2025-08-20T19:29:42.9192219Z c6bcc2c9a041: Pulling fs layer
2025-08-20T19:29:42.9192624Z ac4b721eb66f: Pulling fs layer
2025-08-20T19:29:42.9193034Z 606bd164980e: Pulling fs layer
2025-08-20T19:29:42.9193421Z f5dfd246bc6e: Pulling fs layer
2025-08-20T19:29:42.9194194Z ba7036bb0a60: Pulling fs layer
2025-08-20T19:29:42.9194764Z 799f859abbbd: Pulling fs layer
2025-08-20T19:29:42.9195201Z d903e777080c: Pulling fs layer
2025-08-20T19:29:42.9195544Z 04adcb462801: Pulling fs layer
2025-08-20T19:29:42.9195805Z 5c10925b29ff: Pulling fs layer
2025-08-20T19:29:42.9196207Z 606bd164980e: Waiting
2025-08-20T19:29:42.9196696Z d903e777080c: Waiting
2025-08-20T19:29:42.9197009Z f5dfd246bc6e: Waiting
2025-08-20T19:29:42.9197328Z 04adcb462801: Waiting
2025-08-20T19:29:42.9197632Z ba7036bb0a60: Waiting
2025-08-20T19:29:42.9197921Z 5c10925b29ff: Waiting
2025-08-20T19:29:42.9198205Z 799f859abbbd: Waiting
2025-08-20T19:29:42.9198451Z 2d9e29180a27: Waiting
2025-08-20T19:29:42.9198630Z c6bcc2c9a041: Waiting
2025-08-20T19:29:42.9198818Z ac4b721eb66f: Waiting
2025-08-20T19:29:42.9198988Z 77c7671c4414: Waiting
2025-08-20T19:29:42.9737662Z fca2566eba32: Verifying Checksum
2025-08-20T19:29:43.0250520Z 631fe8c6d606: Download complete
2025-08-20T19:29:43.0503746Z 77c7671c4414: Verifying Checksum
2025-08-20T19:29:43.0504208Z 77c7671c4414: Download complete
2025-08-20T19:29:43.1578584Z c6bcc2c9a041: Verifying Checksum
2025-08-20T19:29:43.1579618Z c6bcc2c9a041: Download complete
2025-08-20T19:29:43.1842968Z 2d9e29180a27: Verifying Checksum
2025-08-20T19:29:43.1845888Z 2d9e29180a27: Download complete
2025-08-20T19:29:43.2385318Z 606bd164980e: Verifying Checksum
2025-08-20T19:29:43.2389194Z 606bd164980e: Download complete
2025-08-20T19:29:43.2407603Z ac4b721eb66f: Verifying Checksum
2025-08-20T19:29:43.2989151Z ac4b721eb66f: Download complete
2025-08-20T19:29:43.2989623Z 396b1da7636e: Verifying Checksum
2025-08-20T19:29:43.2994058Z 396b1da7636e: Download complete
2025-08-20T19:29:43.3027940Z ba7036bb0a60: Verifying Checksum
2025-08-20T19:29:43.3030482Z ba7036bb0a60: Download complete
2025-08-20T19:29:43.3794442Z 799f859abbbd: Verifying Checksum
2025-08-20T19:29:43.3797826Z 799f859abbbd: Download complete
2025-08-20T19:29:43.3982887Z d903e777080c: Verifying Checksum
2025-08-20T19:29:43.3985723Z d903e777080c: Download complete
2025-08-20T19:29:43.4479910Z 5c10925b29ff: Verifying Checksum
2025-08-20T19:29:43.4480949Z 5c10925b29ff: Download complete
2025-08-20T19:29:43.4519950Z 04adcb462801: Verifying Checksum
2025-08-20T19:29:43.4520559Z 04adcb462801: Download complete
2025-08-20T19:29:44.3312391Z 396b1da7636e: Pull complete
2025-08-20T19:29:45.0253619Z f5dfd246bc6e: Verifying Checksum
2025-08-20T19:29:46.1037534Z f5dfd246bc6e: Download complete
2025-08-20T19:29:46.1037904Z fca2566eba32: Pull complete
2025-08-20T19:29:46.2811989Z 631fe8c6d606: Pull complete
2025-08-20T19:29:46.3270066Z 77c7671c4414: Pull complete
2025-08-20T19:29:46.6434490Z 2d9e29180a27: Pull complete
2025-08-20T19:29:46.7501799Z c6bcc2c9a041: Pull complete
2025-08-20T19:29:46.7598473Z ac4b721eb66f: Pull complete
2025-08-20T19:29:46.7740699Z 606bd164980e: Pull complete
2025-08-20T19:29:49.9129990Z f5dfd246bc6e: Pull complete
2025-08-20T19:29:49.9353419Z ba7036bb0a60: Pull complete
2025-08-20T19:29:49.9498953Z 799f859abbbd: Pull complete
2025-08-20T19:29:49.9618990Z d903e777080c: Pull complete
2025-08-20T19:29:49.9745864Z 04adcb462801: Pull complete
2025-08-20T19:29:49.9882005Z 5c10925b29ff: Pull complete
2025-08-20T19:29:49.9930122Z Digest: sha256:bc51cf4f1fe02cce7ed2370b20128a9b00b4eb804573a77d2a0d877aaa9c82b1
2025-08-20T19:29:49.9943532Z Status: Downloaded newer image for postgres:15
2025-08-20T19:29:49.9954638Z docker.io/library/postgres:15
2025-08-20T19:29:50.0015237Z ##[command]/usr/bin/docker create --name 7964195e740b43da88257b134d654928_postgres15_e05b21 --label dd4110 --network github_network_6babc8a2ce824d2e9ee7efb85dacd322 --network-alias postgres -p 5432:5432 --health-cmd pg_isready --health-interval 10s --health-timeout 5s --health-retries 5 -e "POSTGRES_USER=test" -e "POSTGRES_PASSWORD=test" -e "POSTGRES_DB=test_db" -e GITHUB_ACTIONS=true -e CI=true postgres:15
2025-08-20T19:29:50.0299572Z 101acff1e13e46b4e5d700ad2a49ac9c16fe2bf7d3763c6dd21a0812f9b01d5b
2025-08-20T19:29:50.0323022Z ##[command]/usr/bin/docker start 101acff1e13e46b4e5d700ad2a49ac9c16fe2bf7d3763c6dd21a0812f9b01d5b
2025-08-20T19:29:50.3371540Z 101acff1e13e46b4e5d700ad2a49ac9c16fe2bf7d3763c6dd21a0812f9b01d5b
2025-08-20T19:29:50.3394153Z ##[command]/usr/bin/docker ps --all --filter id=101acff1e13e46b4e5d700ad2a49ac9c16fe2bf7d3763c6dd21a0812f9b01d5b --filter status=running --no-trunc --format "{{.ID}} {{.Status}}"
2025-08-20T19:29:50.3518740Z 101acff1e13e46b4e5d700ad2a49ac9c16fe2bf7d3763c6dd21a0812f9b01d5b Up Less than a second (health: starting)
2025-08-20T19:29:50.3542098Z ##[command]/usr/bin/docker port 101acff1e13e46b4e5d700ad2a49ac9c16fe2bf7d3763c6dd21a0812f9b01d5b
2025-08-20T19:29:50.3721670Z 5432/tcp -> 0.0.0.0:5432
2025-08-20T19:29:50.3722237Z 5432/tcp -> [::]:5432
2025-08-20T19:29:50.3779330Z ##[endgroup]
2025-08-20T19:29:50.3781041Z ##[group]Starting redis service container
2025-08-20T19:29:50.3782897Z ##[command]/usr/bin/docker pull redis:7-alpine
2025-08-20T19:29:50.6241998Z 7-alpine: Pulling from library/redis
2025-08-20T19:29:50.6804593Z 0368fd46e3c6: Pulling fs layer
2025-08-20T19:29:50.6805401Z 4c55286bbede: Pulling fs layer
2025-08-20T19:29:50.6805807Z 5e28347af205: Pulling fs layer
2025-08-20T19:29:50.6806299Z 311eca34042e: Pulling fs layer
2025-08-20T19:29:50.6889088Z e6fe6f07e192: Pulling fs layer
2025-08-20T19:29:50.6889507Z a2cadbfeca72: Pulling fs layer
2025-08-20T19:29:50.6889940Z 4f4fb700ef54: Pulling fs layer
2025-08-20T19:29:50.6890304Z a976ed7e7808: Pulling fs layer
2025-08-20T19:29:50.6890646Z 311eca34042e: Waiting
2025-08-20T19:29:50.6890961Z e6fe6f07e192: Waiting
2025-08-20T19:29:50.6891406Z 4f4fb700ef54: Waiting
2025-08-20T19:29:50.6891701Z a2cadbfeca72: Waiting
2025-08-20T19:29:50.6891995Z a976ed7e7808: Waiting
2025-08-20T19:29:50.7368637Z 5e28347af205: Verifying Checksum
2025-08-20T19:29:50.7369563Z 5e28347af205: Download complete
2025-08-20T19:29:50.7591570Z 4c55286bbede: Verifying Checksum
2025-08-20T19:29:50.7593112Z 4c55286bbede: Download complete
2025-08-20T19:29:50.8161794Z 0368fd46e3c6: Verifying Checksum
2025-08-20T19:29:50.8162408Z 0368fd46e3c6: Download complete
2025-08-20T19:29:50.9146707Z a2cadbfeca72: Verifying Checksum
2025-08-20T19:29:50.9148569Z a2cadbfeca72: Download complete
2025-08-20T19:29:50.9280641Z e6fe6f07e192: Download complete
2025-08-20T19:29:50.9616681Z 0368fd46e3c6: Pull complete
2025-08-20T19:29:50.9625229Z 4f4fb700ef54: Verifying Checksum
2025-08-20T19:29:50.9626255Z 4f4fb700ef54: Download complete
2025-08-20T19:29:50.9813462Z a976ed7e7808: Verifying Checksum
2025-08-20T19:29:50.9814186Z a976ed7e7808: Download complete
2025-08-20T19:29:51.0120268Z 4c55286bbede: Pull complete
2025-08-20T19:29:51.0392975Z 311eca34042e: Download complete
2025-08-20T19:29:51.1571729Z 5e28347af205: Pull complete
2025-08-20T19:29:51.1907072Z 311eca34042e: Pull complete
2025-08-20T19:29:51.3850718Z e6fe6f07e192: Pull complete
2025-08-20T19:29:51.3971279Z a2cadbfeca72: Pull complete
2025-08-20T19:29:51.4089414Z 4f4fb700ef54: Pull complete
2025-08-20T19:29:51.4223485Z a976ed7e7808: Pull complete
2025-08-20T19:29:51.4269476Z Digest: sha256:bb186d083732f669da90be8b0f975a37812b15e913465bb14d845db72a4e3e08
2025-08-20T19:29:51.4283378Z Status: Downloaded newer image for redis:7-alpine
2025-08-20T19:29:51.4292630Z docker.io/library/redis:7-alpine
2025-08-20T19:29:51.4309313Z ##[command]/usr/bin/docker create --name b5dd1f2741e24740baad41026642ba05_redis7alpine_bb90a6 --label dd4110 --network github_network_6babc8a2ce824d2e9ee7efb85dacd322 --network-alias redis -p 6379:6379 --health-cmd "redis-cli ping" --health-interval 10s --health-timeout 5s --health-retries 5 -e GITHUB_ACTIONS=true -e CI=true redis:7-alpine
2025-08-20T19:29:51.4549525Z 23074dc5014dbcb400da537f971bb155a4db391d1fa85896ed4bbd53a4aa2c42
2025-08-20T19:29:51.4563105Z ##[command]/usr/bin/docker start 23074dc5014dbcb400da537f971bb155a4db391d1fa85896ed4bbd53a4aa2c42
2025-08-20T19:29:51.6064057Z 23074dc5014dbcb400da537f971bb155a4db391d1fa85896ed4bbd53a4aa2c42
2025-08-20T19:29:51.6079999Z ##[command]/usr/bin/docker ps --all --filter id=23074dc5014dbcb400da537f971bb155a4db391d1fa85896ed4bbd53a4aa2c42 --filter status=running --no-trunc --format "{{.ID}} {{.Status}}"
2025-08-20T19:29:51.6203545Z 23074dc5014dbcb400da537f971bb155a4db391d1fa85896ed4bbd53a4aa2c42 Up Less than a second (health: starting)
2025-08-20T19:29:51.6216624Z ##[command]/usr/bin/docker port 23074dc5014dbcb400da537f971bb155a4db391d1fa85896ed4bbd53a4aa2c42
2025-08-20T19:29:51.6370103Z 6379/tcp -> 0.0.0.0:6379
2025-08-20T19:29:51.6370673Z 6379/tcp -> [::]:6379
2025-08-20T19:29:51.6384024Z ##[endgroup]
2025-08-20T19:29:51.6394129Z ##[group]Waiting for all services to be ready
2025-08-20T19:29:51.6407544Z ##[command]/usr/bin/docker inspect --format="{{if .Config.Healthcheck}}{{print .State.Health.Status}}{{end}}" 101acff1e13e46b4e5d700ad2a49ac9c16fe2bf7d3763c6dd21a0812f9b01d5b
2025-08-20T19:29:51.6520209Z starting
2025-08-20T19:29:51.6539955Z postgres service is starting, waiting 2 seconds before checking again.
2025-08-20T19:29:53.6545424Z ##[command]/usr/bin/docker inspect --format="{{if .Config.Healthcheck}}{{print .State.Health.Status}}{{end}}" 101acff1e13e46b4e5d700ad2a49ac9c16fe2bf7d3763c6dd21a0812f9b01d5b
2025-08-20T19:29:53.6663910Z starting
2025-08-20T19:29:53.6677849Z postgres service is starting, waiting 3 seconds before checking again.
2025-08-20T19:29:57.6225497Z ##[command]/usr/bin/docker inspect --format="{{if .Config.Healthcheck}}{{print .State.Health.Status}}{{end}}" 101acff1e13e46b4e5d700ad2a49ac9c16fe2bf7d3763c6dd21a0812f9b01d5b
2025-08-20T19:29:57.6349025Z starting
2025-08-20T19:29:57.6361917Z postgres service is starting, waiting 8 seconds before checking again.
2025-08-20T19:30:06.3416947Z ##[command]/usr/bin/docker inspect --format="{{if .Config.Healthcheck}}{{print .State.Health.Status}}{{end}}" 101acff1e13e46b4e5d700ad2a49ac9c16fe2bf7d3763c6dd21a0812f9b01d5b
2025-08-20T19:30:06.3537045Z healthy
2025-08-20T19:30:06.3552321Z postgres service is healthy.
2025-08-20T19:30:06.3553087Z ##[command]/usr/bin/docker inspect --format="{{if .Config.Healthcheck}}{{print .State.Health.Status}}{{end}}" 23074dc5014dbcb400da537f971bb155a4db391d1fa85896ed4bbd53a4aa2c42
2025-08-20T19:30:06.3664497Z healthy
2025-08-20T19:30:06.3678913Z redis service is healthy.
2025-08-20T19:30:06.3679597Z ##[endgroup]
2025-08-20T19:30:06.3932085Z ##[group]Run actions/checkout@v4
2025-08-20T19:30:06.3932622Z with:
2025-08-20T19:30:06.3932822Z   repository: Ai-Whisperers/AI-Investment
2025-08-20T19:30:06.3933220Z   token: ***
2025-08-20T19:30:06.3933403Z   ssh-strict: true
2025-08-20T19:30:06.3933575Z   ssh-user: git
2025-08-20T19:30:06.3933761Z   persist-credentials: true
2025-08-20T19:30:06.3933970Z   clean: true
2025-08-20T19:30:06.3934157Z   sparse-checkout-cone-mode: true
2025-08-20T19:30:06.3934376Z   fetch-depth: 1
2025-08-20T19:30:06.3934550Z   fetch-tags: false
2025-08-20T19:30:06.3934726Z   show-progress: true
2025-08-20T19:30:06.3934909Z   lfs: false
2025-08-20T19:30:06.3935069Z   submodules: false
2025-08-20T19:30:06.3935245Z   set-safe-directory: true
2025-08-20T19:30:06.3935654Z env:
2025-08-20T19:30:06.3935835Z   PYTHON_VERSION: 3.11
2025-08-20T19:30:06.3936040Z   WORKING_DIR: ./apps/api
2025-08-20T19:30:06.3936234Z ##[endgroup]
2025-08-20T19:30:06.4988086Z Syncing repository: Ai-Whisperers/AI-Investment
2025-08-20T19:30:06.4989404Z ##[group]Getting Git version info
2025-08-20T19:30:06.4989793Z Working directory is '/home/runner/work/AI-Investment/AI-Investment'
2025-08-20T19:30:06.4990331Z [command]/usr/bin/git version
2025-08-20T19:30:06.5036728Z git version 2.50.1
2025-08-20T19:30:06.5062123Z ##[endgroup]
2025-08-20T19:30:06.5081819Z Temporarily overriding HOME='/home/runner/work/_temp/704f39ef-d1eb-47a4-b207-173f23b4dffa' before making global git config changes
2025-08-20T19:30:06.5083176Z Adding repository directory to the temporary git global config as a safe directory
2025-08-20T19:30:06.5087523Z [command]/usr/bin/git config --global --add safe.directory /home/runner/work/AI-Investment/AI-Investment
2025-08-20T19:30:06.5122256Z Deleting the contents of '/home/runner/work/AI-Investment/AI-Investment'
2025-08-20T19:30:06.5125607Z ##[group]Initializing the repository
2025-08-20T19:30:06.5130001Z [command]/usr/bin/git init /home/runner/work/AI-Investment/AI-Investment
2025-08-20T19:30:06.5192457Z hint: Using 'master' as the name for the initial branch. This default branch name
2025-08-20T19:30:06.5193400Z hint: is subject to change. To configure the initial branch name to use in all
2025-08-20T19:30:06.5194029Z hint: of your new repositories, which will suppress this warning, call:
2025-08-20T19:30:06.5194376Z hint:
2025-08-20T19:30:06.5194661Z hint: 	git config --global init.defaultBranch <name>
2025-08-20T19:30:06.5194942Z hint:
2025-08-20T19:30:06.5195222Z hint: Names commonly chosen instead of 'master' are 'main', 'trunk' and
2025-08-20T19:30:06.5195971Z hint: 'development'. The just-created branch can be renamed via this command:
2025-08-20T19:30:06.5196829Z hint:
2025-08-20T19:30:06.5197037Z hint: 	git branch -m <name>
2025-08-20T19:30:06.5197258Z hint:
2025-08-20T19:30:06.5197568Z hint: Disable this message with "git config set advice.defaultBranchName false"
2025-08-20T19:30:06.5198453Z Initialized empty Git repository in /home/runner/work/AI-Investment/AI-Investment/.git/
2025-08-20T19:30:06.5208803Z [command]/usr/bin/git remote add origin https://github.com/Ai-Whisperers/AI-Investment
2025-08-20T19:30:06.5240481Z ##[endgroup]
2025-08-20T19:30:06.5241063Z ##[group]Disabling automatic garbage collection
2025-08-20T19:30:06.5245327Z [command]/usr/bin/git config --local gc.auto 0
2025-08-20T19:30:06.5272325Z ##[endgroup]
2025-08-20T19:30:06.5272911Z ##[group]Setting up auth
2025-08-20T19:30:06.5279899Z [command]/usr/bin/git config --local --name-only --get-regexp core\.sshCommand
2025-08-20T19:30:06.5309095Z [command]/usr/bin/git submodule foreach --recursive sh -c "git config --local --name-only --get-regexp 'core\.sshCommand' && git config --local --unset-all 'core.sshCommand' || :"
2025-08-20T19:30:06.5644010Z [command]/usr/bin/git config --local --name-only --get-regexp http\.https\:\/\/github\.com\/\.extraheader
2025-08-20T19:30:06.5671350Z [command]/usr/bin/git submodule foreach --recursive sh -c "git config --local --name-only --get-regexp 'http\.https\:\/\/github\.com\/\.extraheader' && git config --local --unset-all 'http.https://github.com/.extraheader' || :"
2025-08-20T19:30:06.5888468Z [command]/usr/bin/git config --local http.https://github.com/.extraheader AUTHORIZATION: basic ***
2025-08-20T19:30:06.5922464Z ##[endgroup]
2025-08-20T19:30:06.5923010Z ##[group]Fetching the repository
2025-08-20T19:30:06.5931295Z [command]/usr/bin/git -c protocol.version=2 fetch --no-tags --prune --no-recurse-submodules --depth=1 origin +08980fb49c284f5c3cf9f3ba659a6186c9cc715c:refs/remotes/origin/main
2025-08-20T19:30:06.8349746Z From https://github.com/Ai-Whisperers/AI-Investment
2025-08-20T19:30:06.8350847Z  * [new ref]         08980fb49c284f5c3cf9f3ba659a6186c9cc715c -> origin/main
2025-08-20T19:30:06.8376985Z ##[endgroup]
2025-08-20T19:30:06.8377566Z ##[group]Determining the checkout info
2025-08-20T19:30:06.8379516Z ##[endgroup]
2025-08-20T19:30:06.8384817Z [command]/usr/bin/git sparse-checkout disable
2025-08-20T19:30:06.8424606Z [command]/usr/bin/git config --local --unset-all extensions.worktreeConfig
2025-08-20T19:30:06.8457144Z ##[group]Checking out the ref
2025-08-20T19:30:06.8460150Z [command]/usr/bin/git checkout --progress --force -B main refs/remotes/origin/main
2025-08-20T19:30:06.8732603Z Switched to a new branch 'main'
2025-08-20T19:30:06.8734848Z branch 'main' set up to track 'origin/main'.
2025-08-20T19:30:06.8741584Z ##[endgroup]
2025-08-20T19:30:06.8778039Z [command]/usr/bin/git log -1 --format=%H
2025-08-20T19:30:06.8801451Z 08980fb49c284f5c3cf9f3ba659a6186c9cc715c
2025-08-20T19:30:06.9020757Z ##[group]Run actions/setup-python@v5
2025-08-20T19:30:06.9021022Z with:
2025-08-20T19:30:06.9021197Z   python-version: 3.11
2025-08-20T19:30:06.9021389Z   cache: pip
2025-08-20T19:30:06.9021616Z   cache-dependency-path: ./apps/api/requirements*.txt
2025-08-20T19:30:06.9021902Z   check-latest: false
2025-08-20T19:30:06.9022379Z   token: ***
2025-08-20T19:30:06.9022567Z   update-environment: true
2025-08-20T19:30:06.9022780Z   allow-prereleases: false
2025-08-20T19:30:06.9022982Z   freethreaded: false
2025-08-20T19:30:06.9023158Z env:
2025-08-20T19:30:06.9023318Z   PYTHON_VERSION: 3.11
2025-08-20T19:30:06.9023507Z   WORKING_DIR: ./apps/api
2025-08-20T19:30:06.9023699Z ##[endgroup]
2025-08-20T19:30:07.0654370Z ##[group]Installed versions
2025-08-20T19:30:07.0761692Z Successfully set up CPython (3.11.13)
2025-08-20T19:30:07.0762434Z ##[endgroup]
2025-08-20T19:30:07.1098061Z [command]/opt/hostedtoolcache/Python/3.11.13/x64/bin/pip cache dir
2025-08-20T19:30:07.3891248Z /home/runner/.cache/pip
2025-08-20T19:30:07.4983989Z pip cache is not found
2025-08-20T19:30:07.5626810Z ##[group]Run actions/cache@v4
2025-08-20T19:30:07.5627080Z with:
2025-08-20T19:30:07.5627249Z   path: ~/.cache/pip
2025-08-20T19:30:07.5627605Z   key: Linux-pip-b2ff43774a153bd86cef82abe8d8bee71b540cb5bbb0f96e2f88d454cb52bfd7
2025-08-20T19:30:07.5628021Z   restore-keys: Linux-pip-

2025-08-20T19:30:07.5628252Z   enableCrossOsArchive: false
2025-08-20T19:30:07.5628466Z   fail-on-cache-miss: false
2025-08-20T19:30:07.5628668Z   lookup-only: false
2025-08-20T19:30:07.5628849Z   save-always: false
2025-08-20T19:30:07.5629015Z env:
2025-08-20T19:30:07.5629171Z   PYTHON_VERSION: 3.11
2025-08-20T19:30:07.5629367Z   WORKING_DIR: ./apps/api
2025-08-20T19:30:07.5629631Z   pythonLocation: /opt/hostedtoolcache/Python/3.11.13/x64
2025-08-20T19:30:07.5630029Z   PKG_CONFIG_PATH: /opt/hostedtoolcache/Python/3.11.13/x64/lib/pkgconfig
2025-08-20T19:30:07.5630408Z   Python_ROOT_DIR: /opt/hostedtoolcache/Python/3.11.13/x64
2025-08-20T19:30:07.5630775Z   Python2_ROOT_DIR: /opt/hostedtoolcache/Python/3.11.13/x64
2025-08-20T19:30:07.5631115Z   Python3_ROOT_DIR: /opt/hostedtoolcache/Python/3.11.13/x64
2025-08-20T19:30:07.5631458Z   LD_LIBRARY_PATH: /opt/hostedtoolcache/Python/3.11.13/x64/lib
2025-08-20T19:30:07.5631735Z ##[endgroup]
2025-08-20T19:30:07.7527816Z Cache not found for input keys: Linux-pip-b2ff43774a153bd86cef82abe8d8bee71b540cb5bbb0f96e2f88d454cb52bfd7, Linux-pip-
2025-08-20T19:30:07.7612468Z ##[group]Run python -m pip install --upgrade pip pip-tools
2025-08-20T19:30:07.7612916Z [36;1mpython -m pip install --upgrade pip pip-tools[0m
2025-08-20T19:30:07.7613293Z [36;1mpip check || true  # Check for conflicts but don't fail yet[0m
2025-08-20T19:30:07.7656858Z shell: /usr/bin/bash -e {0}
2025-08-20T19:30:07.7657089Z env:
2025-08-20T19:30:07.7657254Z   PYTHON_VERSION: 3.11
2025-08-20T19:30:07.7657464Z   WORKING_DIR: ./apps/api
2025-08-20T19:30:07.7657746Z   pythonLocation: /opt/hostedtoolcache/Python/3.11.13/x64
2025-08-20T19:30:07.7680175Z   PKG_CONFIG_PATH: /opt/hostedtoolcache/Python/3.11.13/x64/lib/pkgconfig
2025-08-20T19:30:07.7680820Z   Python_ROOT_DIR: /opt/hostedtoolcache/Python/3.11.13/x64
2025-08-20T19:30:07.7681372Z   Python2_ROOT_DIR: /opt/hostedtoolcache/Python/3.11.13/x64
2025-08-20T19:30:07.7681934Z   Python3_ROOT_DIR: /opt/hostedtoolcache/Python/3.11.13/x64
2025-08-20T19:30:07.7682320Z   LD_LIBRARY_PATH: /opt/hostedtoolcache/Python/3.11.13/x64/lib
2025-08-20T19:30:07.7682644Z ##[endgroup]
2025-08-20T19:30:08.6295393Z Requirement already satisfied: pip in /opt/hostedtoolcache/Python/3.11.13/x64/lib/python3.11/site-packages (25.2)
2025-08-20T19:30:08.7313873Z Collecting pip-tools
2025-08-20T19:30:08.7660667Z   Downloading pip_tools-7.5.0-py3-none-any.whl.metadata (26 kB)
2025-08-20T19:30:08.7881530Z Collecting build>=1.0.0 (from pip-tools)
2025-08-20T19:30:08.7918022Z   Downloading build-1.3.0-py3-none-any.whl.metadata (5.6 kB)
2025-08-20T19:30:08.8118274Z Collecting click>=8 (from pip-tools)
2025-08-20T19:30:08.8157173Z   Downloading click-8.2.1-py3-none-any.whl.metadata (2.5 kB)
2025-08-20T19:30:08.8334568Z Collecting pyproject_hooks (from pip-tools)
2025-08-20T19:30:08.8371618Z   Downloading pyproject_hooks-1.2.0-py3-none-any.whl.metadata (1.3 kB)
2025-08-20T19:30:08.8405087Z Requirement already satisfied: setuptools in /opt/hostedtoolcache/Python/3.11.13/x64/lib/python3.11/site-packages (from pip-tools) (65.5.0)
2025-08-20T19:30:08.8577797Z Collecting wheel (from pip-tools)
2025-08-20T19:30:08.8612985Z   Downloading wheel-0.45.1-py3-none-any.whl.metadata (2.3 kB)
2025-08-20T19:30:08.8863322Z Collecting packaging>=19.1 (from build>=1.0.0->pip-tools)
2025-08-20T19:30:08.8923955Z   Downloading packaging-25.0-py3-none-any.whl.metadata (3.3 kB)
2025-08-20T19:30:08.9067915Z Downloading pip_tools-7.5.0-py3-none-any.whl (65 kB)
2025-08-20T19:30:08.9164909Z Downloading build-1.3.0-py3-none-any.whl (23 kB)
2025-08-20T19:30:08.9237818Z Downloading click-8.2.1-py3-none-any.whl (102 kB)
2025-08-20T19:30:08.9319661Z Downloading packaging-25.0-py3-none-any.whl (66 kB)
2025-08-20T19:30:08.9390085Z Downloading pyproject_hooks-1.2.0-py3-none-any.whl (10 kB)
2025-08-20T19:30:08.9452183Z Downloading wheel-0.45.1-py3-none-any.whl (72 kB)
2025-08-20T19:30:08.9699520Z Installing collected packages: wheel, pyproject_hooks, packaging, click, build, pip-tools
2025-08-20T19:30:09.1704062Z 
2025-08-20T19:30:09.1714006Z Successfully installed build-1.3.0 click-8.2.1 packaging-25.0 pip-tools-7.5.0 pyproject_hooks-1.2.0 wheel-0.45.1
2025-08-20T19:30:09.4593322Z No broken requirements found.
2025-08-20T19:30:09.4858905Z ##[group]Run # First attempt with standard install
2025-08-20T19:30:09.4859286Z [36;1m# First attempt with standard install[0m
2025-08-20T19:30:09.4859574Z [36;1mpython -m pip install --upgrade pip[0m
2025-08-20T19:30:09.4859821Z [36;1m[0m
2025-08-20T19:30:09.4859993Z [36;1m# Install main dependencies[0m
2025-08-20T19:30:09.4860250Z [36;1mpip install -r requirements.txt[0m
2025-08-20T19:30:09.4860480Z [36;1m[0m
2025-08-20T19:30:09.4860781Z [36;1m# Install test dependencies (may have minor conflicts with black/packaging)[0m
2025-08-20T19:30:09.4861194Z [36;1mpip install -r requirements-test.txt || true[0m
2025-08-20T19:30:09.4861458Z [36;1m[0m
2025-08-20T19:30:09.4861693Z [36;1m# Verify installation but don't fail on minor conflicts[0m
2025-08-20T19:30:09.4862145Z [36;1mpip check || echo "Minor dependency conflicts detected but proceeding with tests"[0m
2025-08-20T19:30:09.4901628Z shell: /usr/bin/bash -e {0}
2025-08-20T19:30:09.4901851Z env:
2025-08-20T19:30:09.4902042Z   PYTHON_VERSION: 3.11
2025-08-20T19:30:09.4902250Z   WORKING_DIR: ./apps/api
2025-08-20T19:30:09.4902525Z   pythonLocation: /opt/hostedtoolcache/Python/3.11.13/x64
2025-08-20T19:30:09.4902927Z   PKG_CONFIG_PATH: /opt/hostedtoolcache/Python/3.11.13/x64/lib/pkgconfig
2025-08-20T19:30:09.4903300Z   Python_ROOT_DIR: /opt/hostedtoolcache/Python/3.11.13/x64
2025-08-20T19:30:09.4903640Z   Python2_ROOT_DIR: /opt/hostedtoolcache/Python/3.11.13/x64
2025-08-20T19:30:09.4903977Z   Python3_ROOT_DIR: /opt/hostedtoolcache/Python/3.11.13/x64
2025-08-20T19:30:09.4904324Z   LD_LIBRARY_PATH: /opt/hostedtoolcache/Python/3.11.13/x64/lib
2025-08-20T19:30:09.4904607Z ##[endgroup]
2025-08-20T19:30:10.0582058Z Requirement already satisfied: pip in /opt/hostedtoolcache/Python/3.11.13/x64/lib/python3.11/site-packages (25.2)
2025-08-20T19:30:10.5954374Z Collecting fastapi==0.112.0 (from -r requirements.txt (line 1))
2025-08-20T19:30:10.6281149Z   Downloading fastapi-0.112.0-py3-none-any.whl.metadata (27 kB)
2025-08-20T19:30:10.6609122Z Collecting uvicorn==0.30.1 (from -r requirements.txt (line 2))
2025-08-20T19:30:10.6652904Z   Downloading uvicorn-0.30.1-py3-none-any.whl.metadata (6.3 kB)
2025-08-20T19:30:10.9216659Z Collecting SQLAlchemy==2.0.32 (from -r requirements.txt (line 3))
2025-08-20T19:30:10.9280067Z   Downloading SQLAlchemy-2.0.32-cp311-cp311-manylinux_2_17_x86_64.manylinux2014_x86_64.whl.metadata (9.6 kB)
2025-08-20T19:30:10.9923144Z Collecting psycopg2-binary==2.9.9 (from -r requirements.txt (line 4))
2025-08-20T19:30:10.9966113Z   Downloading psycopg2_binary-2.9.9-cp311-cp311-manylinux_2_17_x86_64.manylinux2014_x86_64.whl.metadata (4.4 kB)
2025-08-20T19:30:11.0975390Z Collecting pydantic==2.11.7 (from -r requirements.txt (line 5))
2025-08-20T19:30:11.1016039Z   Downloading pydantic-2.11.7-py3-none-any.whl.metadata (67 kB)
2025-08-20T19:30:11.1215470Z Collecting pydantic-settings==2.4.0 (from -r requirements.txt (line 6))
2025-08-20T19:30:11.1252522Z   Downloading pydantic_settings-2.4.0-py3-none-any.whl.metadata (3.5 kB)
2025-08-20T19:30:11.1377988Z Collecting passlib==1.7.4 (from passlib[bcrypt]==1.7.4->-r requirements.txt (line 7))
2025-08-20T19:30:11.1415442Z   Downloading passlib-1.7.4-py2.py3-none-any.whl.metadata (1.7 kB)
2025-08-20T19:30:11.1549824Z Collecting python-jose==3.3.0 (from -r requirements.txt (line 8))
2025-08-20T19:30:11.1585172Z   Downloading python_jose-3.3.0-py2.py3-none-any.whl.metadata (5.4 kB)
2025-08-20T19:30:11.1867490Z Collecting python-multipart==0.0.9 (from -r requirements.txt (line 9))
2025-08-20T19:30:11.1907694Z   Downloading python_multipart-0.0.9-py3-none-any.whl.metadata (2.5 kB)
2025-08-20T19:30:11.2085034Z Collecting twelvedata==1.2.15 (from twelvedata[pandas,websocket-client]==1.2.15->-r requirements.txt (line 10))
2025-08-20T19:30:11.2130964Z   Downloading twelvedata-1.2.15-py2.py3-none-any.whl.metadata (19 kB)
2025-08-20T19:30:11.3163194Z Collecting pandas==2.2.2 (from -r requirements.txt (line 11))
2025-08-20T19:30:11.3202641Z   Downloading pandas-2.2.2-cp311-cp311-manylinux_2_17_x86_64.manylinux2014_x86_64.whl.metadata (19 kB)
2025-08-20T19:30:11.4992497Z Collecting numpy<1.28.0,>=1.23.2 (from -r requirements.txt (line 12))
2025-08-20T19:30:11.5031878Z   Downloading numpy-1.26.4-cp311-cp311-manylinux_2_17_x86_64.manylinux2014_x86_64.whl.metadata (61 kB)
2025-08-20T19:30:11.6175031Z Collecting scipy<2.0.0,>=1.11.4 (from -r requirements.txt (line 13))
2025-08-20T19:30:11.6214340Z   Downloading scipy-1.16.1-cp311-cp311-manylinux2014_x86_64.manylinux_2_17_x86_64.whl.metadata (61 kB)
2025-08-20T19:30:11.6613226Z Collecting requests==2.32.3 (from -r requirements.txt (line 14))
2025-08-20T19:30:11.6652925Z   Downloading requests-2.32.3-py3-none-any.whl.metadata (4.6 kB)
2025-08-20T19:30:11.6840399Z Collecting email-validator==2.1.1 (from -r requirements.txt (line 15))
2025-08-20T19:30:11.6900860Z   Downloading email_validator-2.1.1-py3-none-any.whl.metadata (26 kB)
2025-08-20T19:30:11.7381963Z Collecting redis==5.0.7 (from -r requirements.txt (line 16))
2025-08-20T19:30:11.7431776Z   Downloading redis-5.0.7-py3-none-any.whl.metadata (9.3 kB)
2025-08-20T19:30:11.8230970Z Collecting hiredis==2.3.2 (from -r requirements.txt (line 17))
2025-08-20T19:30:11.8295581Z   Downloading hiredis-2.3.2-cp311-cp311-manylinux_2_17_x86_64.manylinux2014_x86_64.whl.metadata (7.1 kB)
2025-08-20T19:30:11.8592785Z Collecting celery==5.3.4 (from -r requirements.txt (line 18))
2025-08-20T19:30:11.8640232Z   Downloading celery-5.3.4-py3-none-any.whl.metadata (21 kB)
2025-08-20T19:30:11.8922559Z Collecting flower==2.0.1 (from -r requirements.txt (line 19))
2025-08-20T19:30:11.8960013Z   Downloading flower-2.0.1-py2.py3-none-any.whl.metadata (4.5 kB)
2025-08-20T19:30:11.9192592Z Collecting tenacity==8.5.0 (from -r requirements.txt (line 20))
2025-08-20T19:30:11.9231687Z   Downloading tenacity-8.5.0-py3-none-any.whl.metadata (1.2 kB)
2025-08-20T19:30:11.9412806Z Collecting httpx==0.27.0 (from -r requirements.txt (line 21))
2025-08-20T19:30:11.9455628Z   Downloading httpx-0.27.0-py3-none-any.whl.metadata (7.2 kB)
2025-08-20T19:30:11.9897102Z Collecting black==24.3.0 (from -r requirements.txt (line 22))
2025-08-20T19:30:11.9948152Z   Downloading black-24.3.0-cp311-cp311-manylinux_2_17_x86_64.manylinux2014_x86_64.whl.metadata (75 kB)
2025-08-20T19:30:12.0313175Z Collecting starlette<0.38.0,>=0.37.2 (from fastapi==0.112.0->-r requirements.txt (line 1))
2025-08-20T19:30:12.0350379Z   Downloading starlette-0.37.2-py3-none-any.whl.metadata (5.9 kB)
2025-08-20T19:30:12.0755771Z Collecting typing-extensions>=4.8.0 (from fastapi==0.112.0->-r requirements.txt (line 1))
2025-08-20T19:30:12.0791719Z   Downloading typing_extensions-4.14.1-py3-none-any.whl.metadata (3.0 kB)
2025-08-20T19:30:12.0911866Z Collecting annotated-types>=0.6.0 (from pydantic==2.11.7->-r requirements.txt (line 5))
2025-08-20T19:30:12.0946040Z   Downloading annotated_types-0.7.0-py3-none-any.whl.metadata (15 kB)
2025-08-20T19:30:12.7088670Z Collecting pydantic-core==2.33.2 (from pydantic==2.11.7->-r requirements.txt (line 5))
2025-08-20T19:30:12.7128218Z   Downloading pydantic_core-2.33.2-cp311-cp311-manylinux_2_17_x86_64.manylinux2014_x86_64.whl.metadata (6.8 kB)
2025-08-20T19:30:12.7271180Z Collecting typing-inspection>=0.4.0 (from pydantic==2.11.7->-r requirements.txt (line 5))
2025-08-20T19:30:12.7308673Z   Downloading typing_inspection-0.4.1-py3-none-any.whl.metadata (2.6 kB)
2025-08-20T19:30:12.7349229Z Requirement already satisfied: click>=7.0 in /opt/hostedtoolcache/Python/3.11.13/x64/lib/python3.11/site-packages (from uvicorn==0.30.1->-r requirements.txt (line 2)) (8.2.1)
2025-08-20T19:30:12.7432913Z Collecting h11>=0.8 (from uvicorn==0.30.1->-r requirements.txt (line 2))
2025-08-20T19:30:12.7468747Z   Downloading h11-0.16.0-py3-none-any.whl.metadata (8.3 kB)
2025-08-20T19:30:12.9081606Z Collecting greenlet!=0.4.17 (from SQLAlchemy==2.0.32->-r requirements.txt (line 3))
2025-08-20T19:30:12.9119657Z   Downloading greenlet-3.2.4-cp311-cp311-manylinux_2_24_x86_64.manylinux_2_28_x86_64.whl.metadata (4.1 kB)
2025-08-20T19:30:12.9540796Z Collecting python-dotenv>=0.21.0 (from pydantic-settings==2.4.0->-r requirements.txt (line 6))
2025-08-20T19:30:12.9576125Z   Downloading python_dotenv-1.1.1-py3-none-any.whl.metadata (24 kB)
2025-08-20T19:30:12.9753059Z Collecting ecdsa!=0.15 (from python-jose==3.3.0->-r requirements.txt (line 8))
2025-08-20T19:30:12.9795624Z   Downloading ecdsa-0.19.1-py2.py3-none-any.whl.metadata (29 kB)
2025-08-20T19:30:12.9970233Z Collecting rsa (from python-jose==3.3.0->-r requirements.txt (line 8))
2025-08-20T19:30:13.0006341Z   Downloading rsa-4.9.1-py3-none-any.whl.metadata (5.6 kB)
2025-08-20T19:30:13.0233643Z Collecting pyasn1 (from python-jose==3.3.0->-r requirements.txt (line 8))
2025-08-20T19:30:13.0270891Z   Downloading pyasn1-0.6.1-py3-none-any.whl.metadata (8.4 kB)
2025-08-20T19:30:13.0405419Z Collecting pytimeparse<2,>=1.1 (from twelvedata==1.2.15->twelvedata[pandas,websocket-client]==1.2.15->-r requirements.txt (line 10))
2025-08-20T19:30:13.0442185Z   Downloading pytimeparse-1.1.8-py2.py3-none-any.whl.metadata (3.4 kB)
2025-08-20T19:30:13.1269655Z Collecting charset-normalizer<4,>=2 (from requests==2.32.3->-r requirements.txt (line 14))
2025-08-20T19:30:13.1319546Z   Downloading charset_normalizer-3.4.3-cp311-cp311-manylinux2014_x86_64.manylinux_2_17_x86_64.manylinux_2_28_x86_64.whl.metadata (36 kB)
2025-08-20T19:30:13.1476589Z Collecting idna<4,>=2.5 (from requests==2.32.3->-r requirements.txt (line 14))
2025-08-20T19:30:13.1512924Z   Downloading idna-3.10-py3-none-any.whl.metadata (10 kB)
2025-08-20T19:30:13.1792620Z Collecting urllib3<3,>=1.21.1 (from requests==2.32.3->-r requirements.txt (line 14))
2025-08-20T19:30:13.1828443Z   Downloading urllib3-2.5.0-py3-none-any.whl.metadata (6.5 kB)
2025-08-20T19:30:13.2042443Z Collecting certifi>=2017.4.17 (from requests==2.32.3->-r requirements.txt (line 14))
2025-08-20T19:30:13.2081271Z   Downloading certifi-2025.8.3-py3-none-any.whl.metadata (2.4 kB)
2025-08-20T19:30:13.2231783Z Collecting python-dateutil>=2.8.2 (from pandas==2.2.2->-r requirements.txt (line 11))
2025-08-20T19:30:13.2271862Z   Downloading python_dateutil-2.9.0.post0-py2.py3-none-any.whl.metadata (8.4 kB)
2025-08-20T19:30:13.2634239Z Collecting pytz>=2020.1 (from pandas==2.2.2->-r requirements.txt (line 11))
2025-08-20T19:30:13.2671551Z   Downloading pytz-2025.2-py2.py3-none-any.whl.metadata (22 kB)
2025-08-20T19:30:13.2816682Z Collecting tzdata>=2022.7 (from pandas==2.2.2->-r requirements.txt (line 11))
2025-08-20T19:30:13.2852253Z   Downloading tzdata-2025.2-py2.py3-none-any.whl.metadata (1.4 kB)
2025-08-20T19:30:13.3007501Z Collecting dnspython>=2.0.0 (from email-validator==2.1.1->-r requirements.txt (line 15))
2025-08-20T19:30:13.3045492Z   Downloading dnspython-2.7.0-py3-none-any.whl.metadata (5.8 kB)
2025-08-20T19:30:13.3336153Z Collecting billiard<5.0,>=4.1.0 (from celery==5.3.4->-r requirements.txt (line 18))
2025-08-20T19:30:13.3375245Z   Downloading billiard-4.2.1-py3-none-any.whl.metadata (4.4 kB)
2025-08-20T19:30:13.3694560Z Collecting kombu<6.0,>=5.3.2 (from celery==5.3.4->-r requirements.txt (line 18))
2025-08-20T19:30:13.3735195Z   Downloading kombu-5.5.4-py3-none-any.whl.metadata (3.5 kB)
2025-08-20T19:30:13.3915608Z Collecting vine<6.0,>=5.0.0 (from celery==5.3.4->-r requirements.txt (line 18))
2025-08-20T19:30:13.3954711Z   Downloading vine-5.1.0-py3-none-any.whl.metadata (2.7 kB)
2025-08-20T19:30:13.4074339Z Collecting click-didyoumean>=0.3.0 (from celery==5.3.4->-r requirements.txt (line 18))
2025-08-20T19:30:13.4112913Z   Downloading click_didyoumean-0.3.1-py3-none-any.whl.metadata (3.9 kB)
2025-08-20T19:30:13.4222251Z Collecting click-repl>=0.2.0 (from celery==5.3.4->-r requirements.txt (line 18))
2025-08-20T19:30:13.4343993Z   Downloading click_repl-0.3.0-py3-none-any.whl.metadata (3.6 kB)
2025-08-20T19:30:13.4461942Z Collecting click-plugins>=1.1.1 (from celery==5.3.4->-r requirements.txt (line 18))
2025-08-20T19:30:13.4500096Z   Downloading click_plugins-1.1.1.2-py2.py3-none-any.whl.metadata (6.5 kB)
2025-08-20T19:30:13.4939679Z Collecting tornado<7.0.0,>=5.0.0 (from flower==2.0.1->-r requirements.txt (line 19))
2025-08-20T19:30:13.4979488Z   Downloading tornado-6.5.2-cp39-abi3-manylinux_2_5_x86_64.manylinux1_x86_64.manylinux_2_17_x86_64.manylinux2014_x86_64.whl.metadata (2.8 kB)
2025-08-20T19:30:13.5127017Z Collecting prometheus-client>=0.8.0 (from flower==2.0.1->-r requirements.txt (line 19))
2025-08-20T19:30:13.5167192Z   Downloading prometheus_client-0.22.1-py3-none-any.whl.metadata (1.9 kB)
2025-08-20T19:30:13.5337696Z Collecting humanize (from flower==2.0.1->-r requirements.txt (line 19))
2025-08-20T19:30:13.5378391Z   Downloading humanize-4.12.3-py3-none-any.whl.metadata (7.8 kB)
2025-08-20T19:30:13.5600824Z Collecting anyio (from httpx==0.27.0->-r requirements.txt (line 21))
2025-08-20T19:30:13.5638307Z   Downloading anyio-4.10.0-py3-none-any.whl.metadata (4.0 kB)
2025-08-20T19:30:13.5847036Z Collecting httpcore==1.* (from httpx==0.27.0->-r requirements.txt (line 21))
2025-08-20T19:30:13.5889057Z   Downloading httpcore-1.0.9-py3-none-any.whl.metadata (21 kB)
2025-08-20T19:30:13.6067769Z Collecting sniffio (from httpx==0.27.0->-r requirements.txt (line 21))
2025-08-20T19:30:13.6106601Z   Downloading sniffio-1.3.1-py3-none-any.whl.metadata (3.9 kB)
2025-08-20T19:30:13.6218791Z Collecting mypy-extensions>=0.4.3 (from black==24.3.0->-r requirements.txt (line 22))
2025-08-20T19:30:13.6255551Z   Downloading mypy_extensions-1.1.0-py3-none-any.whl.metadata (1.1 kB)
2025-08-20T19:30:13.6288452Z Requirement already satisfied: packaging>=22.0 in /opt/hostedtoolcache/Python/3.11.13/x64/lib/python3.11/site-packages (from black==24.3.0->-r requirements.txt (line 22)) (25.0)
2025-08-20T19:30:13.6393423Z Collecting pathspec>=0.9.0 (from black==24.3.0->-r requirements.txt (line 22))
2025-08-20T19:30:13.6432407Z   Downloading pathspec-0.12.1-py3-none-any.whl.metadata (21 kB)
2025-08-20T19:30:13.6632000Z Collecting platformdirs>=2 (from black==24.3.0->-r requirements.txt (line 22))
2025-08-20T19:30:13.6669519Z   Downloading platformdirs-4.3.8-py3-none-any.whl.metadata (12 kB)
2025-08-20T19:30:13.7082308Z Collecting bcrypt>=3.1.0 (from passlib[bcrypt]==1.7.4->-r requirements.txt (line 7))
2025-08-20T19:30:13.7120712Z   Downloading bcrypt-4.3.0-cp39-abi3-manylinux_2_34_x86_64.whl.metadata (10 kB)
2025-08-20T19:30:13.7215352Z WARNING: twelvedata 1.2.15 does not provide the extra 'websocket-client'
2025-08-20T19:30:13.7601459Z Collecting amqp<6.0.0,>=5.1.1 (from kombu<6.0,>=5.3.2->celery==5.3.4->-r requirements.txt (line 18))
2025-08-20T19:30:13.7640070Z   Downloading amqp-5.3.1-py3-none-any.whl.metadata (8.9 kB)
2025-08-20T19:30:13.8255154Z Collecting prompt-toolkit>=3.0.36 (from click-repl>=0.2.0->celery==5.3.4->-r requirements.txt (line 18))
2025-08-20T19:30:13.8299608Z   Downloading prompt_toolkit-3.0.51-py3-none-any.whl.metadata (6.4 kB)
2025-08-20T19:30:13.8469311Z Collecting six>=1.9.0 (from ecdsa!=0.15->python-jose==3.3.0->-r requirements.txt (line 8))
2025-08-20T19:30:13.8508995Z   Downloading six-1.17.0-py2.py3-none-any.whl.metadata (1.7 kB)
2025-08-20T19:30:13.8750351Z Collecting wcwidth (from prompt-toolkit>=3.0.36->click-repl>=0.2.0->celery==5.3.4->-r requirements.txt (line 18))
2025-08-20T19:30:13.8789988Z   Downloading wcwidth-0.2.13-py2.py3-none-any.whl.metadata (14 kB)
2025-08-20T19:30:13.9197407Z Downloading fastapi-0.112.0-py3-none-any.whl (93 kB)
2025-08-20T19:30:13.9259855Z Downloading pydantic-2.11.7-py3-none-any.whl (444 kB)
2025-08-20T19:30:13.9346901Z Downloading uvicorn-0.30.1-py3-none-any.whl (62 kB)
2025-08-20T19:30:13.9418362Z Downloading SQLAlchemy-2.0.32-cp311-cp311-manylinux_2_17_x86_64.manylinux2014_x86_64.whl (3.2 MB)
2025-08-20T19:30:13.9611415Z    ━━━━━━━━━━━━━━━━━━━━━━━━━━━━━━━━━━━━━━━━ 3.2/3.2 MB 185.3 MB/s  0:00:00
2025-08-20T19:30:13.9723086Z Downloading psycopg2_binary-2.9.9-cp311-cp311-manylinux_2_17_x86_64.manylinux2014_x86_64.whl (3.0 MB)
2025-08-20T19:30:13.9898855Z    ━━━━━━━━━━━━━━━━━━━━━━━━━━━━━━━━━━━━━━━━ 3.0/3.0 MB 187.7 MB/s  0:00:00
2025-08-20T19:30:13.9938339Z Downloading pydantic_settings-2.4.0-py3-none-any.whl (23 kB)
2025-08-20T19:30:13.9998738Z Downloading passlib-1.7.4-py2.py3-none-any.whl (525 kB)
2025-08-20T19:30:14.0057790Z    ━━━━━━━━━━━━━━━━━━━━━━━━━━━━━━━━━━━━━━━━ 525.6/525.6 kB 81.2 MB/s  0:00:00
2025-08-20T19:30:14.0098373Z Downloading python_jose-3.3.0-py2.py3-none-any.whl (33 kB)
2025-08-20T19:30:14.0162901Z Downloading python_multipart-0.0.9-py3-none-any.whl (22 kB)
2025-08-20T19:30:14.0226258Z Downloading twelvedata-1.2.15-py2.py3-none-any.whl (46 kB)
2025-08-20T19:30:14.0283205Z Downloading requests-2.32.3-py3-none-any.whl (64 kB)
2025-08-20T19:30:14.0384486Z Downloading pandas-2.2.2-cp311-cp311-manylinux_2_17_x86_64.manylinux2014_x86_64.whl (13.0 MB)
2025-08-20T19:30:14.1530952Z    ━━━━━━━━━━━━━━━━━━━━━━━━━━━━━━━━━━━━━━━━ 13.0/13.0 MB 114.3 MB/s  0:00:00
2025-08-20T19:30:14.1579407Z Downloading email_validator-2.1.1-py3-none-any.whl (30 kB)
2025-08-20T19:30:14.1642397Z Downloading redis-5.0.7-py3-none-any.whl (252 kB)
2025-08-20T19:30:14.1722775Z Downloading hiredis-2.3.2-cp311-cp311-manylinux_2_17_x86_64.manylinux2014_x86_64.whl (167 kB)
2025-08-20T19:30:14.1783503Z Downloading celery-5.3.4-py3-none-any.whl (421 kB)
2025-08-20T19:30:14.1878806Z Downloading flower-2.0.1-py2.py3-none-any.whl (383 kB)
2025-08-20T19:30:14.1975016Z Downloading tenacity-8.5.0-py3-none-any.whl (28 kB)
2025-08-20T19:30:14.2034616Z Downloading httpx-0.27.0-py3-none-any.whl (75 kB)
2025-08-20T19:30:14.2286758Z Downloading black-24.3.0-cp311-cp311-manylinux_2_17_x86_64.manylinux2014_x86_64.whl (1.7 MB)
2025-08-20T19:30:14.2412206Z    ━━━━━━━━━━━━━━━━━━━━━━━━━━━━━━━━━━━━━━━━ 1.7/1.7 MB 144.5 MB/s  0:00:00
2025-08-20T19:30:14.2451684Z Downloading pydantic_core-2.33.2-cp311-cp311-manylinux_2_17_x86_64.manylinux2014_x86_64.whl (2.0 MB)
2025-08-20T19:30:14.2570094Z    ━━━━━━━━━━━━━━━━━━━━━━━━━━━━━━━━━━━━━━━━ 2.0/2.0 MB 177.4 MB/s  0:00:00
2025-08-20T19:30:14.2605389Z Downloading numpy-1.26.4-cp311-cp311-manylinux_2_17_x86_64.manylinux2014_x86_64.whl (18.3 MB)
2025-08-20T19:30:14.3352052Z    ━━━━━━━━━━━━━━━━━━━━━━━━━━━━━━━━━━━━━━━━ 18.3/18.3 MB 248.5 MB/s  0:00:00
2025-08-20T19:30:14.3397447Z Downloading scipy-1.16.1-cp311-cp311-manylinux2014_x86_64.manylinux_2_17_x86_64.whl (35.4 MB)
2025-08-20T19:30:14.4865306Z    ━━━━━━━━━━━━━━━━━━━━━━━━━━━━━━━━━━━━━━━━ 35.4/35.4 MB 244.2 MB/s  0:00:00
2025-08-20T19:30:14.4906709Z Downloading billiard-4.2.1-py3-none-any.whl (86 kB)
2025-08-20T19:30:14.4972133Z Downloading charset_normalizer-3.4.3-cp311-cp311-manylinux2014_x86_64.manylinux_2_17_x86_64.manylinux_2_28_x86_64.whl (150 kB)
2025-08-20T19:30:14.5030710Z Downloading httpcore-1.0.9-py3-none-any.whl (78 kB)
2025-08-20T19:30:14.5089774Z Downloading idna-3.10-py3-none-any.whl (70 kB)
2025-08-20T19:30:14.5147079Z Downloading kombu-5.5.4-py3-none-any.whl (210 kB)
2025-08-20T19:30:14.5206993Z Downloading vine-5.1.0-py3-none-any.whl (9.6 kB)
2025-08-20T19:30:14.5263663Z Downloading amqp-5.3.1-py3-none-any.whl (50 kB)
2025-08-20T19:30:14.5316111Z Downloading pytimeparse-1.1.8-py2.py3-none-any.whl (10.0 kB)
2025-08-20T19:30:14.5372830Z Downloading starlette-0.37.2-py3-none-any.whl (71 kB)
2025-08-20T19:30:14.5434412Z Downloading anyio-4.10.0-py3-none-any.whl (107 kB)
2025-08-20T19:30:14.5492425Z Downloading tornado-6.5.2-cp39-abi3-manylinux_2_5_x86_64.manylinux1_x86_64.manylinux_2_17_x86_64.manylinux2014_x86_64.whl (443 kB)
2025-08-20T19:30:14.5594397Z Downloading urllib3-2.5.0-py3-none-any.whl (129 kB)
2025-08-20T19:30:14.5653634Z Downloading annotated_types-0.7.0-py3-none-any.whl (13 kB)
2025-08-20T19:30:14.5710635Z Downloading bcrypt-4.3.0-cp39-abi3-manylinux_2_34_x86_64.whl (284 kB)
2025-08-20T19:30:14.5785641Z Downloading certifi-2025.8.3-py3-none-any.whl (161 kB)
2025-08-20T19:30:14.5849982Z Downloading click_didyoumean-0.3.1-py3-none-any.whl (3.6 kB)
2025-08-20T19:30:14.5909141Z Downloading click_plugins-1.1.1.2-py2.py3-none-any.whl (11 kB)
2025-08-20T19:30:14.5973514Z Downloading click_repl-0.3.0-py3-none-any.whl (10 kB)
2025-08-20T19:30:14.6031723Z Downloading dnspython-2.7.0-py3-none-any.whl (313 kB)
2025-08-20T19:30:14.6101633Z Downloading ecdsa-0.19.1-py2.py3-none-any.whl (150 kB)
2025-08-20T19:30:14.6166356Z Downloading greenlet-3.2.4-cp311-cp311-manylinux_2_24_x86_64.manylinux_2_28_x86_64.whl (587 kB)
2025-08-20T19:30:14.6232086Z    ━━━━━━━━━━━━━━━━━━━━━━━━━━━━━━━━━━━━━━━━ 587.7/587.7 kB 89.2 MB/s  0:00:00
2025-08-20T19:30:14.6267262Z Downloading h11-0.16.0-py3-none-any.whl (37 kB)
2025-08-20T19:30:14.6323335Z Downloading mypy_extensions-1.1.0-py3-none-any.whl (5.0 kB)
2025-08-20T19:30:14.6379349Z Downloading pathspec-0.12.1-py3-none-any.whl (31 kB)
2025-08-20T19:30:14.6433960Z Downloading platformdirs-4.3.8-py3-none-any.whl (18 kB)
2025-08-20T19:30:14.6491707Z Downloading prometheus_client-0.22.1-py3-none-any.whl (58 kB)
2025-08-20T19:30:14.6551839Z Downloading prompt_toolkit-3.0.51-py3-none-any.whl (387 kB)
2025-08-20T19:30:14.6627837Z Downloading python_dateutil-2.9.0.post0-py2.py3-none-any.whl (229 kB)
2025-08-20T19:30:14.6696693Z Downloading python_dotenv-1.1.1-py3-none-any.whl (20 kB)
2025-08-20T19:30:14.6754753Z Downloading pytz-2025.2-py2.py3-none-any.whl (509 kB)
2025-08-20T19:30:14.6839335Z Downloading six-1.17.0-py2.py3-none-any.whl (11 kB)
2025-08-20T19:30:14.6891779Z Downloading sniffio-1.3.1-py3-none-any.whl (10 kB)
2025-08-20T19:30:14.6947169Z Downloading typing_extensions-4.14.1-py3-none-any.whl (43 kB)
2025-08-20T19:30:14.7003989Z Downloading typing_inspection-0.4.1-py3-none-any.whl (14 kB)
2025-08-20T19:30:14.7059122Z Downloading tzdata-2025.2-py2.py3-none-any.whl (347 kB)
2025-08-20T19:30:14.7128958Z Downloading humanize-4.12.3-py3-none-any.whl (128 kB)
2025-08-20T19:30:14.7188340Z Downloading pyasn1-0.6.1-py3-none-any.whl (83 kB)
2025-08-20T19:30:14.7246360Z Downloading rsa-4.9.1-py3-none-any.whl (34 kB)
2025-08-20T19:30:14.7327061Z Downloading wcwidth-0.2.13-py2.py3-none-any.whl (34 kB)
2025-08-20T19:30:15.0461024Z Installing collected packages: wcwidth, pytz, pytimeparse, passlib, vine, urllib3, tzdata, typing-extensions, tornado, tenacity, sniffio, six, redis, python-multipart, python-dotenv, pyasn1, psycopg2-binary, prompt-toolkit, prometheus-client, platformdirs, pathspec, numpy, mypy-extensions, idna, humanize, hiredis, h11, greenlet, dnspython, click-plugins, click-didyoumean, charset-normalizer, certifi, billiard, bcrypt, annotated-types, uvicorn, typing-inspection, SQLAlchemy, scipy, rsa, requests, python-dateutil, pydantic-core, httpcore, email-validator, ecdsa, click-repl, black, anyio, amqp, twelvedata, starlette, python-jose, pydantic, pandas, kombu, httpx, pydantic-settings, fastapi, celery, flower
2025-08-20T19:30:28.8533889Z 
2025-08-20T19:30:28.8570156Z Successfully installed SQLAlchemy-2.0.32 amqp-5.3.1 annotated-types-0.7.0 anyio-4.10.0 bcrypt-4.3.0 billiard-4.2.1 black-24.3.0 celery-5.3.4 certifi-2025.8.3 charset-normalizer-3.4.3 click-didyoumean-0.3.1 click-plugins-1.1.1.2 click-repl-0.3.0 dnspython-2.7.0 ecdsa-0.19.1 email-validator-2.1.1 fastapi-0.112.0 flower-2.0.1 greenlet-3.2.4 h11-0.16.0 hiredis-2.3.2 httpcore-1.0.9 httpx-0.27.0 humanize-4.12.3 idna-3.10 kombu-5.5.4 mypy-extensions-1.1.0 numpy-1.26.4 pandas-2.2.2 passlib-1.7.4 pathspec-0.12.1 platformdirs-4.3.8 prometheus-client-0.22.1 prompt-toolkit-3.0.51 psycopg2-binary-2.9.9 pyasn1-0.6.1 pydantic-2.11.7 pydantic-core-2.33.2 pydantic-settings-2.4.0 python-dateutil-2.9.0.post0 python-dotenv-1.1.1 python-jose-3.3.0 python-multipart-0.0.9 pytimeparse-1.1.8 pytz-2025.2 redis-5.0.7 requests-2.32.3 rsa-4.9.1 scipy-1.16.1 six-1.17.0 sniffio-1.3.1 starlette-0.37.2 tenacity-8.5.0 tornado-6.5.2 twelvedata-1.2.15 typing-extensions-4.14.1 typing-inspection-0.4.1 tzdata-2025.2 urllib3-2.5.0 uvicorn-0.30.1 vine-5.1.0 wcwidth-0.2.13
2025-08-20T19:30:29.5372266Z Requirement already satisfied: pip-tools>=7.4.0 in /opt/hostedtoolcache/Python/3.11.13/x64/lib/python3.11/site-packages (from -r requirements-test.txt (line 2)) (7.5.0)
2025-08-20T19:30:29.5375949Z Requirement already satisfied: packaging>=22.0 in /opt/hostedtoolcache/Python/3.11.13/x64/lib/python3.11/site-packages (from -r requirements-test.txt (line 3)) (25.0)
2025-08-20T19:30:29.6157824Z Collecting pytest<8.0.0,>=7.4.0 (from -r requirements-test.txt (line 6))
2025-08-20T19:30:29.6481656Z   Downloading pytest-7.4.4-py3-none-any.whl.metadata (7.9 kB)
2025-08-20T19:30:29.6702146Z Collecting pytest-asyncio>=0.21.0 (from -r requirements-test.txt (line 7))
2025-08-20T19:30:29.6738808Z   Downloading pytest_asyncio-1.1.0-py3-none-any.whl.metadata (4.1 kB)
2025-08-20T19:30:29.6901856Z Collecting pytest-cov>=4.1.0 (from -r requirements-test.txt (line 8))
2025-08-20T19:30:29.6938940Z   Downloading pytest_cov-6.2.1-py3-none-any.whl.metadata (30 kB)
2025-08-20T19:30:29.7161158Z Collecting pytest-mock>=3.11.0 (from -r requirements-test.txt (line 9))
2025-08-20T19:30:29.7202848Z   Downloading pytest_mock-3.14.1-py3-none-any.whl.metadata (3.9 kB)
2025-08-20T19:30:29.7321227Z Collecting pytest-env>=1.0.0 (from -r requirements-test.txt (line 10))
2025-08-20T19:30:29.7358544Z   Downloading pytest_env-1.1.5-py3-none-any.whl.metadata (5.2 kB)
2025-08-20T19:30:29.7482508Z Collecting pytest-dotenv>=0.5.0 (from -r requirements-test.txt (line 11))
2025-08-20T19:30:29.7531025Z   Downloading pytest_dotenv-0.5.2-py3-none-any.whl.metadata (2.8 kB)
2025-08-20T19:30:29.7768396Z Collecting pytest-benchmark>=4.0.0 (from -r requirements-test.txt (line 12))
2025-08-20T19:30:29.7809254Z   Downloading pytest_benchmark-5.1.0-py3-none-any.whl.metadata (25 kB)
2025-08-20T19:30:29.8570157Z Collecting Faker>=19.0.0 (from -r requirements-test.txt (line 13))
2025-08-20T19:30:29.8647047Z   Downloading faker-37.5.3-py3-none-any.whl.metadata (15 kB)
2025-08-20T19:30:29.8799549Z Collecting factory-boy>=3.3.0 (from -r requirements-test.txt (line 16))
2025-08-20T19:30:29.8855279Z   Downloading factory_boy-3.3.3-py2.py3-none-any.whl.metadata (15 kB)
2025-08-20T19:30:29.9051467Z Collecting responses>=0.23.0 (from -r requirements-test.txt (line 17))
2025-08-20T19:30:29.9091022Z   Downloading responses-0.25.8-py3-none-any.whl.metadata (47 kB)
2025-08-20T19:30:29.9176724Z Requirement already satisfied: httpx==0.27.0 in /opt/hostedtoolcache/Python/3.11.13/x64/lib/python3.11/site-packages (from -r requirements-test.txt (line 18)) (0.27.0)
2025-08-20T19:30:30.2051476Z Collecting coverage>=7.3.0 (from -r requirements-test.txt (line 19))
2025-08-20T19:30:30.2095666Z   Downloading coverage-7.10.4-cp311-cp311-manylinux1_x86_64.manylinux_2_28_x86_64.manylinux_2_5_x86_64.whl.metadata (8.9 kB)
2025-08-20T19:30:30.2345119Z Collecting safety>=2.3.0 (from -r requirements-test.txt (line 22))
2025-08-20T19:30:30.2391994Z   Downloading safety-3.6.0-py3-none-any.whl.metadata (11 kB)
2025-08-20T19:30:30.2603227Z Collecting bandit>=1.7.0 (from -r requirements-test.txt (line 23))
2025-08-20T19:30:30.2653369Z   Downloading bandit-1.8.6-py3-none-any.whl.metadata (6.9 kB)
2025-08-20T19:30:30.3850162Z Collecting locust>=2.17.0 (from -r requirements-test.txt (line 26))
2025-08-20T19:30:30.3897201Z   Downloading locust-2.39.0-py3-none-any.whl.metadata (9.5 kB)
2025-08-20T19:30:30.3957690Z Requirement already satisfied: anyio in /opt/hostedtoolcache/Python/3.11.13/x64/lib/python3.11/site-packages (from httpx==0.27.0->-r requirements-test.txt (line 18)) (4.10.0)
2025-08-20T19:30:30.3962057Z Requirement already satisfied: certifi in /opt/hostedtoolcache/Python/3.11.13/x64/lib/python3.11/site-packages (from httpx==0.27.0->-r requirements-test.txt (line 18)) (2025.8.3)
2025-08-20T19:30:30.3967437Z Requirement already satisfied: httpcore==1.* in /opt/hostedtoolcache/Python/3.11.13/x64/lib/python3.11/site-packages (from httpx==0.27.0->-r requirements-test.txt (line 18)) (1.0.9)
2025-08-20T19:30:30.3971587Z Requirement already satisfied: idna in /opt/hostedtoolcache/Python/3.11.13/x64/lib/python3.11/site-packages (from httpx==0.27.0->-r requirements-test.txt (line 18)) (3.10)
2025-08-20T19:30:30.3975804Z Requirement already satisfied: sniffio in /opt/hostedtoolcache/Python/3.11.13/x64/lib/python3.11/site-packages (from httpx==0.27.0->-r requirements-test.txt (line 18)) (1.3.1)
2025-08-20T19:30:30.4061162Z Collecting iniconfig (from pytest<8.0.0,>=7.4.0->-r requirements-test.txt (line 6))
2025-08-20T19:30:30.4100314Z   Downloading iniconfig-2.1.0-py3-none-any.whl.metadata (2.7 kB)
2025-08-20T19:30:30.4233890Z Collecting pluggy<2.0,>=0.12 (from pytest<8.0.0,>=7.4.0->-r requirements-test.txt (line 6))
2025-08-20T19:30:30.4271506Z   Downloading pluggy-1.6.0-py3-none-any.whl.metadata (4.8 kB)
2025-08-20T19:30:30.4319131Z Requirement already satisfied: h11>=0.16 in /opt/hostedtoolcache/Python/3.11.13/x64/lib/python3.11/site-packages (from httpcore==1.*->httpx==0.27.0->-r requirements-test.txt (line 18)) (0.16.0)
2025-08-20T19:30:30.4340566Z Requirement already satisfied: build>=1.0.0 in /opt/hostedtoolcache/Python/3.11.13/x64/lib/python3.11/site-packages (from pip-tools>=7.4.0->-r requirements-test.txt (line 2)) (1.3.0)
2025-08-20T19:30:30.4345615Z Requirement already satisfied: click>=8 in /opt/hostedtoolcache/Python/3.11.13/x64/lib/python3.11/site-packages (from pip-tools>=7.4.0->-r requirements-test.txt (line 2)) (8.2.1)
2025-08-20T19:30:30.4350894Z Requirement already satisfied: pip>=22.2 in /opt/hostedtoolcache/Python/3.11.13/x64/lib/python3.11/site-packages (from pip-tools>=7.4.0->-r requirements-test.txt (line 2)) (25.2)
2025-08-20T19:30:30.4355408Z Requirement already satisfied: pyproject_hooks in /opt/hostedtoolcache/Python/3.11.13/x64/lib/python3.11/site-packages (from pip-tools>=7.4.0->-r requirements-test.txt (line 2)) (1.2.0)
2025-08-20T19:30:30.4360691Z Requirement already satisfied: setuptools in /opt/hostedtoolcache/Python/3.11.13/x64/lib/python3.11/site-packages (from pip-tools>=7.4.0->-r requirements-test.txt (line 2)) (65.5.0)
2025-08-20T19:30:30.4364727Z Requirement already satisfied: wheel in /opt/hostedtoolcache/Python/3.11.13/x64/lib/python3.11/site-packages (from pip-tools>=7.4.0->-r requirements-test.txt (line 2)) (0.45.1)
2025-08-20T19:30:30.4488034Z INFO: pip is looking at multiple versions of pytest-asyncio to determine which version is compatible with other requirements. This could take a while.
2025-08-20T19:30:30.4491803Z Collecting pytest-asyncio>=0.21.0 (from -r requirements-test.txt (line 7))
2025-08-20T19:30:30.4545507Z   Downloading pytest_asyncio-1.0.0-py3-none-any.whl.metadata (4.0 kB)
2025-08-20T19:30:30.4617915Z   Downloading pytest_asyncio-0.26.0-py3-none-any.whl.metadata (4.0 kB)
2025-08-20T19:30:30.4716247Z   Downloading pytest_asyncio-0.25.3-py3-none-any.whl.metadata (3.9 kB)
2025-08-20T19:30:30.4792743Z   Downloading pytest_asyncio-0.25.2-py3-none-any.whl.metadata (3.9 kB)
2025-08-20T19:30:30.4883503Z   Downloading pytest_asyncio-0.25.1-py3-none-any.whl.metadata (3.9 kB)
2025-08-20T19:30:30.4963435Z   Downloading pytest_asyncio-0.25.0-py3-none-any.whl.metadata (3.9 kB)
2025-08-20T19:30:30.5039841Z   Downloading pytest_asyncio-0.24.0-py3-none-any.whl.metadata (3.9 kB)
2025-08-20T19:30:30.5078938Z INFO: pip is still looking at multiple versions of pytest-asyncio to determine which version is compatible with other requirements. This could take a while.
2025-08-20T19:30:30.5133007Z   Downloading pytest_asyncio-0.23.8-py3-none-any.whl.metadata (3.9 kB)
2025-08-20T19:30:30.5681676Z INFO: pip is looking at multiple versions of pytest-env to determine which version is compatible with other requirements. This could take a while.
2025-08-20T19:30:30.5685450Z Collecting pytest-env>=1.0.0 (from -r requirements-test.txt (line 10))
2025-08-20T19:30:30.5740963Z   Downloading pytest_env-1.1.4-py3-none-any.whl.metadata (5.3 kB)
2025-08-20T19:30:30.5934552Z   Downloading pytest_env-1.1.3-py3-none-any.whl.metadata (5.3 kB)
2025-08-20T19:30:30.6222578Z Requirement already satisfied: python-dotenv>=0.9.1 in /opt/hostedtoolcache/Python/3.11.13/x64/lib/python3.11/site-packages (from pytest-dotenv>=0.5.0->-r requirements-test.txt (line 11)) (1.1.1)
2025-08-20T19:30:30.6343119Z INFO: pip is looking at multiple versions of pytest-benchmark to determine which version is compatible with other requirements. This could take a while.
2025-08-20T19:30:30.6347088Z Collecting pytest-benchmark>=4.0.0 (from -r requirements-test.txt (line 12))
2025-08-20T19:30:30.6401644Z   Downloading pytest_benchmark-5.0.1-py3-none-any.whl.metadata (24 kB)
2025-08-20T19:30:30.6664073Z Collecting py-cpuinfo (from pytest-benchmark>=4.0.0->-r requirements-test.txt (line 12))
2025-08-20T19:30:30.6703572Z   Downloading py_cpuinfo-9.0.0-py3-none-any.whl.metadata (794 bytes)
2025-08-20T19:30:30.6743552Z Requirement already satisfied: tzdata in /opt/hostedtoolcache/Python/3.11.13/x64/lib/python3.11/site-packages (from Faker>=19.0.0->-r requirements-test.txt (line 13)) (2025.2)
2025-08-20T19:30:30.7170423Z Requirement already satisfied: requests<3.0,>=2.30.0 in /opt/hostedtoolcache/Python/3.11.13/x64/lib/python3.11/site-packages (from responses>=0.23.0->-r requirements-test.txt (line 17)) (2.32.3)
2025-08-20T19:30:30.7174306Z Requirement already satisfied: urllib3<3.0,>=1.25.10 in /opt/hostedtoolcache/Python/3.11.13/x64/lib/python3.11/site-packages (from responses>=0.23.0->-r requirements-test.txt (line 17)) (2.5.0)
2025-08-20T19:30:30.7483845Z Collecting pyyaml (from responses>=0.23.0->-r requirements-test.txt (line 17))
2025-08-20T19:30:30.7526129Z   Downloading PyYAML-6.0.2-cp311-cp311-manylinux_2_17_x86_64.manylinux2014_x86_64.whl.metadata (2.1 kB)
2025-08-20T19:30:30.7568810Z Requirement already satisfied: charset-normalizer<4,>=2 in /opt/hostedtoolcache/Python/3.11.13/x64/lib/python3.11/site-packages (from requests<3.0,>=2.30.0->responses>=0.23.0->-r requirements-test.txt (line 17)) (3.4.3)
2025-08-20T19:30:30.7761728Z Collecting authlib>=1.2.0 (from safety>=2.3.0->-r requirements-test.txt (line 22))
2025-08-20T19:30:30.7798443Z   Downloading authlib-1.6.1-py2.py3-none-any.whl.metadata (1.6 kB)
2025-08-20T19:30:30.7913143Z Collecting dparse>=0.6.4 (from safety>=2.3.0->-r requirements-test.txt (line 22))
2025-08-20T19:30:30.7950276Z   Downloading dparse-0.6.4-py3-none-any.whl.metadata (5.5 kB)
2025-08-20T19:30:30.8148668Z Collecting filelock~=3.16.1 (from safety>=2.3.0->-r requirements-test.txt (line 22))
2025-08-20T19:30:30.8186672Z   Downloading filelock-3.16.1-py3-none-any.whl.metadata (2.9 kB)
2025-08-20T19:30:30.8352916Z Collecting jinja2>=3.1.0 (from safety>=2.3.0->-r requirements-test.txt (line 22))
2025-08-20T19:30:30.8392573Z   Downloading jinja2-3.1.6-py3-none-any.whl.metadata (2.9 kB)
2025-08-20T19:30:30.8732227Z Collecting marshmallow>=3.15.0 (from safety>=2.3.0->-r requirements-test.txt (line 22))
2025-08-20T19:30:30.8771493Z   Downloading marshmallow-4.0.0-py3-none-any.whl.metadata (7.4 kB)
2025-08-20T19:30:30.8942274Z Collecting nltk>=3.9 (from safety>=2.3.0->-r requirements-test.txt (line 22))
2025-08-20T19:30:30.8992210Z   Downloading nltk-3.9.1-py3-none-any.whl.metadata (2.9 kB)
2025-08-20T19:30:30.9665592Z Collecting psutil~=6.1.0 (from safety>=2.3.0->-r requirements-test.txt (line 22))
2025-08-20T19:30:30.9706943Z   Downloading psutil-6.1.1-cp36-abi3-manylinux_2_12_x86_64.manylinux2010_x86_64.manylinux_2_17_x86_64.manylinux2014_x86_64.whl.metadata (22 kB)
2025-08-20T19:30:31.0765097Z Collecting pydantic<2.10.0,>=2.6.0 (from safety>=2.3.0->-r requirements-test.txt (line 22))
2025-08-20T19:30:31.0808043Z   Downloading pydantic-2.9.2-py3-none-any.whl.metadata (149 kB)
2025-08-20T19:30:31.2405557Z Collecting ruamel-yaml>=0.17.21 (from safety>=2.3.0->-r requirements-test.txt (line 22))
2025-08-20T19:30:31.2445061Z   Downloading ruamel.yaml-0.18.15-py3-none-any.whl.metadata (25 kB)
2025-08-20T19:30:31.2572836Z Collecting safety-schemas==0.0.14 (from safety>=2.3.0->-r requirements-test.txt (line 22))
2025-08-20T19:30:31.2615132Z   Downloading safety_schemas-0.0.14-py3-none-any.whl.metadata (1.1 kB)
2025-08-20T19:30:31.3682949Z Collecting setuptools (from pip-tools>=7.4.0->-r requirements-test.txt (line 2))
2025-08-20T19:30:31.3725649Z   Downloading setuptools-80.9.0-py3-none-any.whl.metadata (6.6 kB)
2025-08-20T19:30:31.3826719Z Requirement already satisfied: tenacity in /opt/hostedtoolcache/Python/3.11.13/x64/lib/python3.11/site-packages (from safety>=2.3.0->-r requirements-test.txt (line 22)) (8.5.0)
2025-08-20T19:30:31.3979470Z Collecting tomlkit (from safety>=2.3.0->-r requirements-test.txt (line 22))
2025-08-20T19:30:31.4021648Z   Downloading tomlkit-0.13.3-py3-none-any.whl.metadata (2.8 kB)
2025-08-20T19:30:31.4181450Z Collecting typer>=0.16.0 (from safety>=2.3.0->-r requirements-test.txt (line 22))
2025-08-20T19:30:31.4222310Z   Downloading typer-0.16.1-py3-none-any.whl.metadata (15 kB)
2025-08-20T19:30:31.4263604Z Requirement already satisfied: typing-extensions>=4.7.1 in /opt/hostedtoolcache/Python/3.11.13/x64/lib/python3.11/site-packages (from safety>=2.3.0->-r requirements-test.txt (line 22)) (4.14.1)
2025-08-20T19:30:31.4320091Z Requirement already satisfied: annotated-types>=0.6.0 in /opt/hostedtoolcache/Python/3.11.13/x64/lib/python3.11/site-packages (from pydantic<2.10.0,>=2.6.0->safety>=2.3.0->-r requirements-test.txt (line 22)) (0.7.0)
2025-08-20T19:30:32.0539557Z Collecting pydantic-core==2.23.4 (from pydantic<2.10.0,>=2.6.0->safety>=2.3.0->-r requirements-test.txt (line 22))
2025-08-20T19:30:32.0597416Z   Downloading pydantic_core-2.23.4-cp311-cp311-manylinux_2_17_x86_64.manylinux2014_x86_64.whl.metadata (6.6 kB)
2025-08-20T19:30:32.0870162Z Collecting stevedore>=1.20.0 (from bandit>=1.7.0->-r requirements-test.txt (line 23))
2025-08-20T19:30:32.0907319Z   Downloading stevedore-5.4.1-py3-none-any.whl.metadata (2.3 kB)
2025-08-20T19:30:32.1697594Z Collecting rich (from bandit>=1.7.0->-r requirements-test.txt (line 23))
2025-08-20T19:30:32.1739603Z   Downloading rich-14.1.0-py3-none-any.whl.metadata (18 kB)
2025-08-20T19:30:32.1884581Z Collecting configargparse>=1.7.1 (from locust>=2.17.0->-r requirements-test.txt (line 26))
2025-08-20T19:30:32.1921845Z   Downloading configargparse-1.7.1-py3-none-any.whl.metadata (24 kB)
2025-08-20T19:30:32.2096955Z Collecting flask-cors>=3.0.10 (from locust>=2.17.0->-r requirements-test.txt (line 26))
2025-08-20T19:30:32.2135155Z   Downloading flask_cors-6.0.1-py3-none-any.whl.metadata (5.3 kB)
2025-08-20T19:30:32.2247118Z Collecting flask-login>=0.6.3 (from locust>=2.17.0->-r requirements-test.txt (line 26))
2025-08-20T19:30:32.2299790Z   Downloading Flask_Login-0.6.3-py3-none-any.whl.metadata (5.8 kB)
2025-08-20T19:30:32.2470375Z Collecting flask>=2.0.0 (from locust>=2.17.0->-r requirements-test.txt (line 26))
2025-08-20T19:30:32.2509784Z   Downloading flask-3.1.2-py3-none-any.whl.metadata (3.2 kB)
2025-08-20T19:30:32.3409310Z Collecting gevent<26.0.0,>=24.10.1 (from locust>=2.17.0->-r requirements-test.txt (line 26))
2025-08-20T19:30:32.3449111Z   Downloading gevent-25.5.1-cp311-cp311-manylinux_2_17_x86_64.manylinux2014_x86_64.whl.metadata (13 kB)
2025-08-20T19:30:32.4566327Z Collecting geventhttpclient>=2.3.1 (from locust>=2.17.0->-r requirements-test.txt (line 26))
2025-08-20T19:30:32.4619185Z   Downloading geventhttpclient-2.3.4-cp311-cp311-manylinux_2_5_x86_64.manylinux1_x86_64.manylinux_2_17_x86_64.manylinux2014_x86_64.whl.metadata (8.4 kB)
2025-08-20T19:30:32.4905095Z Collecting locust-cloud>=1.26.3 (from locust>=2.17.0->-r requirements-test.txt (line 26))
2025-08-20T19:30:32.5100661Z   Downloading locust_cloud-1.26.3-py3-none-any.whl.metadata (822 bytes)
2025-08-20T19:30:32.5694024Z Collecting msgpack>=1.0.0 (from locust>=2.17.0->-r requirements-test.txt (line 26))
2025-08-20T19:30:32.5735312Z   Downloading msgpack-1.1.1-cp311-cp311-manylinux_2_17_x86_64.manylinux2014_x86_64.whl.metadata (8.4 kB)
2025-08-20T19:30:32.5966852Z Collecting python-socketio==5.13.0 (from python-socketio[client]==5.13.0->locust>=2.17.0->-r requirements-test.txt (line 26))
2025-08-20T19:30:32.6003107Z   Downloading python_socketio-5.13.0-py3-none-any.whl.metadata (3.2 kB)
2025-08-20T19:30:32.8820308Z Collecting pyzmq>=25.0.0 (from locust>=2.17.0->-r requirements-test.txt (line 26))
2025-08-20T19:30:32.8863498Z   Downloading pyzmq-27.0.1-cp311-cp311-manylinux_2_26_x86_64.manylinux_2_28_x86_64.whl.metadata (6.0 kB)
2025-08-20T19:30:32.9461626Z Collecting werkzeug>=2.0.0 (from locust>=2.17.0->-r requirements-test.txt (line 26))
2025-08-20T19:30:32.9501386Z   Downloading werkzeug-3.1.3-py3-none-any.whl.metadata (3.7 kB)
2025-08-20T19:30:32.9659695Z Collecting bidict>=0.21.0 (from python-socketio==5.13.0->python-socketio[client]==5.13.0->locust>=2.17.0->-r requirements-test.txt (line 26))
2025-08-20T19:30:32.9697791Z   Downloading bidict-0.23.1-py3-none-any.whl.metadata (8.7 kB)
2025-08-20T19:30:32.9937318Z Collecting python-engineio>=4.11.0 (from python-socketio==5.13.0->python-socketio[client]==5.13.0->locust>=2.17.0->-r requirements-test.txt (line 26))
2025-08-20T19:30:32.9976569Z   Downloading python_engineio-4.12.2-py3-none-any.whl.metadata (2.2 kB)
2025-08-20T19:30:33.0205811Z Collecting websocket-client>=0.54.0 (from python-socketio[client]==5.13.0->locust>=2.17.0->-r requirements-test.txt (line 26))
2025-08-20T19:30:33.0244511Z   Downloading websocket_client-1.8.0-py3-none-any.whl.metadata (8.0 kB)
2025-08-20T19:30:33.0303589Z Requirement already satisfied: greenlet>=3.2.2 in /opt/hostedtoolcache/Python/3.11.13/x64/lib/python3.11/site-packages (from gevent<26.0.0,>=24.10.1->locust>=2.17.0->-r requirements-test.txt (line 26)) (3.2.4)
2025-08-20T19:30:33.0385267Z Collecting zope.event (from gevent<26.0.0,>=24.10.1->locust>=2.17.0->-r requirements-test.txt (line 26))
2025-08-20T19:30:33.0423758Z   Downloading zope_event-5.1.1-py3-none-any.whl.metadata (5.0 kB)
2025-08-20T19:30:33.1362227Z Collecting zope.interface (from gevent<26.0.0,>=24.10.1->locust>=2.17.0->-r requirements-test.txt (line 26))
2025-08-20T19:30:33.1403327Z   Downloading zope.interface-7.2-cp311-cp311-manylinux_2_5_x86_64.manylinux1_x86_64.manylinux_2_17_x86_64.manylinux2014_x86_64.whl.metadata (44 kB)
2025-08-20T19:30:33.3110337Z Collecting cryptography (from authlib>=1.2.0->safety>=2.3.0->-r requirements-test.txt (line 22))
2025-08-20T19:30:33.3155554Z   Downloading cryptography-45.0.6-cp311-abi3-manylinux_2_34_x86_64.whl.metadata (5.7 kB)
2025-08-20T19:30:33.3425017Z Collecting blinker>=1.9.0 (from flask>=2.0.0->locust>=2.17.0->-r requirements-test.txt (line 26))
2025-08-20T19:30:33.3468095Z   Downloading blinker-1.9.0-py3-none-any.whl.metadata (1.6 kB)
2025-08-20T19:30:33.3580632Z Collecting itsdangerous>=2.2.0 (from flask>=2.0.0->locust>=2.17.0->-r requirements-test.txt (line 26))
2025-08-20T19:30:33.3617969Z   Downloading itsdangerous-2.2.0-py3-none-any.whl.metadata (1.9 kB)
2025-08-20T19:30:33.4124043Z Collecting markupsafe>=2.1.1 (from flask>=2.0.0->locust>=2.17.0->-r requirements-test.txt (line 26))
2025-08-20T19:30:33.4165755Z   Downloading MarkupSafe-3.0.2-cp311-cp311-manylinux_2_17_x86_64.manylinux2014_x86_64.whl.metadata (4.0 kB)
2025-08-20T19:30:33.4806847Z Collecting brotli (from geventhttpclient>=2.3.1->locust>=2.17.0->-r requirements-test.txt (line 26))
2025-08-20T19:30:33.4845455Z   Downloading Brotli-1.1.0-cp311-cp311-manylinux_2_17_x86_64.manylinux2014_x86_64.whl.metadata (5.5 kB)
2025-08-20T19:30:33.4976076Z Requirement already satisfied: platformdirs<5.0.0,>=4.3.6 in /opt/hostedtoolcache/Python/3.11.13/x64/lib/python3.11/site-packages (from locust-cloud>=1.26.3->locust>=2.17.0->-r requirements-test.txt (line 26)) (4.3.8)
2025-08-20T19:30:33.5300684Z Collecting joblib (from nltk>=3.9->safety>=2.3.0->-r requirements-test.txt (line 22))
2025-08-20T19:30:33.5336667Z   Downloading joblib-1.5.1-py3-none-any.whl.metadata (5.6 kB)
2025-08-20T19:30:33.9164132Z Collecting regex>=2021.8.3 (from nltk>=3.9->safety>=2.3.0->-r requirements-test.txt (line 22))
2025-08-20T19:30:33.9209263Z   Downloading regex-2025.7.34-cp311-cp311-manylinux2014_x86_64.manylinux_2_17_x86_64.manylinux_2_28_x86_64.whl.metadata (40 kB)
2025-08-20T19:30:33.9567089Z Collecting tqdm (from nltk>=3.9->safety>=2.3.0->-r requirements-test.txt (line 22))
2025-08-20T19:30:33.9607760Z   Downloading tqdm-4.67.1-py3-none-any.whl.metadata (57 kB)
2025-08-20T19:30:33.9823988Z Collecting simple-websocket>=0.10.0 (from python-engineio>=4.11.0->python-socketio==5.13.0->python-socketio[client]==5.13.0->locust>=2.17.0->-r requirements-test.txt (line 26))
2025-08-20T19:30:33.9898179Z   Downloading simple_websocket-1.1.0-py3-none-any.whl.metadata (1.5 kB)
2025-08-20T19:30:34.0266911Z Collecting ruamel.yaml.clib>=0.2.7 (from ruamel-yaml>=0.17.21->safety>=2.3.0->-r requirements-test.txt (line 22))
2025-08-20T19:30:34.0306825Z   Downloading ruamel.yaml.clib-0.2.12-cp311-cp311-manylinux_2_17_x86_64.manylinux2014_x86_64.whl.metadata (2.7 kB)
2025-08-20T19:30:34.0480133Z Collecting wsproto (from simple-websocket>=0.10.0->python-engineio>=4.11.0->python-socketio==5.13.0->python-socketio[client]==5.13.0->locust>=2.17.0->-r requirements-test.txt (line 26))
2025-08-20T19:30:34.0517666Z   Downloading wsproto-1.2.0-py3-none-any.whl.metadata (5.6 kB)
2025-08-20T19:30:34.0784262Z Collecting pbr>=2.0.0 (from stevedore>=1.20.0->bandit>=1.7.0->-r requirements-test.txt (line 23))
2025-08-20T19:30:34.0829522Z   Downloading pbr-7.0.0-py2.py3-none-any.whl.metadata (1.4 kB)
2025-08-20T19:30:34.1006356Z Collecting shellingham>=1.3.0 (from typer>=0.16.0->safety>=2.3.0->-r requirements-test.txt (line 22))
2025-08-20T19:30:34.1081595Z   Downloading shellingham-1.5.4-py2.py3-none-any.whl.metadata (3.5 kB)
2025-08-20T19:30:34.1360131Z Collecting markdown-it-py>=2.2.0 (from rich->bandit>=1.7.0->-r requirements-test.txt (line 23))
2025-08-20T19:30:34.1398307Z   Downloading markdown_it_py-4.0.0-py3-none-any.whl.metadata (7.3 kB)
2025-08-20T19:30:34.1619240Z Collecting pygments<3.0.0,>=2.13.0 (from rich->bandit>=1.7.0->-r requirements-test.txt (line 23))
2025-08-20T19:30:34.1657645Z   Downloading pygments-2.19.2-py3-none-any.whl.metadata (2.5 kB)
2025-08-20T19:30:34.1792062Z Collecting mdurl~=0.1 (from markdown-it-py>=2.2.0->rich->bandit>=1.7.0->-r requirements-test.txt (line 23))
2025-08-20T19:30:34.1828660Z   Downloading mdurl-0.1.2-py3-none-any.whl.metadata (1.6 kB)
2025-08-20T19:30:34.2939445Z Collecting cffi>=1.14 (from cryptography->authlib>=1.2.0->safety>=2.3.0->-r requirements-test.txt (line 22))
2025-08-20T19:30:34.2980659Z   Downloading cffi-1.17.1-cp311-cp311-manylinux_2_17_x86_64.manylinux2014_x86_64.whl.metadata (1.5 kB)
2025-08-20T19:30:34.3114435Z Collecting pycparser (from cffi>=1.14->cryptography->authlib>=1.2.0->safety>=2.3.0->-r requirements-test.txt (line 22))
2025-08-20T19:30:34.3151390Z   Downloading pycparser-2.22-py3-none-any.whl.metadata (943 bytes)
2025-08-20T19:30:34.3826896Z Downloading pytest-7.4.4-py3-none-any.whl (325 kB)
2025-08-20T19:30:34.3912778Z Downloading pluggy-1.6.0-py3-none-any.whl (20 kB)
2025-08-20T19:30:34.3970966Z Downloading pytest_asyncio-0.23.8-py3-none-any.whl (17 kB)
2025-08-20T19:30:34.4041474Z Downloading pytest_cov-6.2.1-py3-none-any.whl (24 kB)
2025-08-20T19:30:34.4097031Z Downloading pytest_mock-3.14.1-py3-none-any.whl (9.9 kB)
2025-08-20T19:30:34.4159716Z Downloading pytest_env-1.1.3-py3-none-any.whl (6.2 kB)
2025-08-20T19:30:34.4213586Z Downloading pytest_dotenv-0.5.2-py3-none-any.whl (4.0 kB)
2025-08-20T19:30:34.4276324Z Downloading pytest_benchmark-5.0.1-py3-none-any.whl (44 kB)
2025-08-20T19:30:34.4332529Z Downloading faker-37.5.3-py3-none-any.whl (1.9 MB)
2025-08-20T19:30:34.4479443Z    ━━━━━━━━━━━━━━━━━━━━━━━━━━━━━━━━━━━━━━━━ 1.9/1.9 MB 142.0 MB/s  0:00:00
2025-08-20T19:30:34.4517928Z Downloading factory_boy-3.3.3-py2.py3-none-any.whl (37 kB)
2025-08-20T19:30:34.4577413Z Downloading responses-0.25.8-py3-none-any.whl (34 kB)
2025-08-20T19:30:34.4634308Z Downloading coverage-7.10.4-cp311-cp311-manylinux1_x86_64.manylinux_2_28_x86_64.manylinux_2_5_x86_64.whl (249 kB)
2025-08-20T19:30:34.4698682Z Downloading safety-3.6.0-py3-none-any.whl (285 kB)
2025-08-20T19:30:34.4793778Z Downloading safety_schemas-0.0.14-py3-none-any.whl (39 kB)
2025-08-20T19:30:34.4851535Z Downloading filelock-3.16.1-py3-none-any.whl (16 kB)
2025-08-20T19:30:34.4908985Z Downloading psutil-6.1.1-cp36-abi3-manylinux_2_12_x86_64.manylinux2010_x86_64.manylinux_2_17_x86_64.manylinux2014_x86_64.whl (287 kB)
2025-08-20T19:30:34.4984891Z Downloading pydantic-2.9.2-py3-none-any.whl (434 kB)
2025-08-20T19:30:34.5063164Z Downloading pydantic_core-2.23.4-cp311-cp311-manylinux_2_17_x86_64.manylinux2014_x86_64.whl (2.1 MB)
2025-08-20T19:30:34.5209171Z    ━━━━━━━━━━━━━━━━━━━━━━━━━━━━━━━━━━━━━━━━ 2.1/2.1 MB 159.8 MB/s  0:00:00
2025-08-20T19:30:34.5244412Z Downloading bandit-1.8.6-py3-none-any.whl (133 kB)
2025-08-20T19:30:34.5342577Z Downloading locust-2.39.0-py3-none-any.whl (1.4 MB)
2025-08-20T19:30:34.5448680Z    ━━━━━━━━━━━━━━━━━━━━━━━━━━━━━━━━━━━━━━━━ 1.4/1.4 MB 141.5 MB/s  0:00:00
2025-08-20T19:30:34.5487271Z Downloading python_socketio-5.13.0-py3-none-any.whl (77 kB)
2025-08-20T19:30:34.5544205Z Downloading gevent-25.5.1-cp311-cp311-manylinux_2_17_x86_64.manylinux2014_x86_64.whl (2.1 MB)
2025-08-20T19:30:34.5715266Z    ━━━━━━━━━━━━━━━━━━━━━━━━━━━━━━━━━━━━━━━━ 2.1/2.1 MB 128.7 MB/s  0:00:00
2025-08-20T19:30:34.5754284Z Downloading authlib-1.6.1-py2.py3-none-any.whl (239 kB)
2025-08-20T19:30:34.5819328Z Downloading bidict-0.23.1-py3-none-any.whl (32 kB)
2025-08-20T19:30:34.5874660Z Downloading configargparse-1.7.1-py3-none-any.whl (25 kB)
2025-08-20T19:30:34.5933248Z Downloading dparse-0.6.4-py3-none-any.whl (11 kB)
2025-08-20T19:30:34.5987185Z Downloading flask-3.1.2-py3-none-any.whl (103 kB)
2025-08-20T19:30:34.6051801Z Downloading blinker-1.9.0-py3-none-any.whl (8.5 kB)
2025-08-20T19:30:34.6108638Z Downloading flask_cors-6.0.1-py3-none-any.whl (13 kB)
2025-08-20T19:30:34.6162982Z Downloading Flask_Login-0.6.3-py3-none-any.whl (17 kB)
2025-08-20T19:30:34.6221131Z Downloading geventhttpclient-2.3.4-cp311-cp311-manylinux_2_5_x86_64.manylinux1_x86_64.manylinux_2_17_x86_64.manylinux2014_x86_64.whl (113 kB)
2025-08-20T19:30:34.6282493Z Downloading itsdangerous-2.2.0-py3-none-any.whl (16 kB)
2025-08-20T19:30:34.6343464Z Downloading jinja2-3.1.6-py3-none-any.whl (134 kB)
2025-08-20T19:30:34.6450901Z Downloading locust_cloud-1.26.3-py3-none-any.whl (410 kB)
2025-08-20T19:30:34.6526268Z Downloading MarkupSafe-3.0.2-cp311-cp311-manylinux_2_17_x86_64.manylinux2014_x86_64.whl (23 kB)
2025-08-20T19:30:34.6581311Z Downloading marshmallow-4.0.0-py3-none-any.whl (48 kB)
2025-08-20T19:30:34.6640051Z Downloading msgpack-1.1.1-cp311-cp311-manylinux_2_17_x86_64.manylinux2014_x86_64.whl (429 kB)
2025-08-20T19:30:34.6715549Z Downloading nltk-3.9.1-py3-none-any.whl (1.5 MB)
2025-08-20T19:30:34.6827231Z    ━━━━━━━━━━━━━━━━━━━━━━━━━━━━━━━━━━━━━━━━ 1.5/1.5 MB 146.5 MB/s  0:00:00
2025-08-20T19:30:34.6868211Z Downloading python_engineio-4.12.2-py3-none-any.whl (59 kB)
2025-08-20T19:30:34.6924554Z Downloading PyYAML-6.0.2-cp311-cp311-manylinux_2_17_x86_64.manylinux2014_x86_64.whl (762 kB)
2025-08-20T19:30:34.6991184Z    ━━━━━━━━━━━━━━━━━━━━━━━━━━━━━━━━━━━━━━━━ 763.0/763.0 kB 109.9 MB/s  0:00:00
2025-08-20T19:30:34.7029257Z Downloading pyzmq-27.0.1-cp311-cp311-manylinux_2_26_x86_64.manylinux_2_28_x86_64.whl (856 kB)
2025-08-20T19:30:34.7143385Z    ━━━━━━━━━━━━━━━━━━━━━━━━━━━━━━━━━━━━━━━━ 856.6/856.6 kB 88.5 MB/s  0:00:00
2025-08-20T19:30:34.7194157Z Downloading regex-2025.7.34-cp311-cp311-manylinux2014_x86_64.manylinux_2_17_x86_64.manylinux_2_28_x86_64.whl (798 kB)
2025-08-20T19:30:34.7254189Z    ━━━━━━━━━━━━━━━━━━━━━━━━━━━━━━━━━━━━━━━━ 798.9/798.9 kB 135.8 MB/s  0:00:00
2025-08-20T19:30:34.7298458Z Downloading ruamel.yaml-0.18.15-py3-none-any.whl (119 kB)
2025-08-20T19:30:34.7372998Z Downloading ruamel.yaml.clib-0.2.12-cp311-cp311-manylinux_2_17_x86_64.manylinux2014_x86_64.whl (739 kB)
2025-08-20T19:30:34.7439445Z    ━━━━━━━━━━━━━━━━━━━━━━━━━━━━━━━━━━━━━━━━ 739.1/739.1 kB 115.0 MB/s  0:00:00
2025-08-20T19:30:34.7478161Z Downloading setuptools-80.9.0-py3-none-any.whl (1.2 MB)
2025-08-20T19:30:34.7564463Z    ━━━━━━━━━━━━━━━━━━━━━━━━━━━━━━━━━━━━━━━━ 1.2/1.2 MB 146.4 MB/s  0:00:00
2025-08-20T19:30:34.7604631Z Downloading simple_websocket-1.1.0-py3-none-any.whl (13 kB)
2025-08-20T19:30:34.7658258Z Downloading stevedore-5.4.1-py3-none-any.whl (49 kB)
2025-08-20T19:30:34.7713415Z Downloading pbr-7.0.0-py2.py3-none-any.whl (125 kB)
2025-08-20T19:30:34.7772722Z Downloading typer-0.16.1-py3-none-any.whl (46 kB)
2025-08-20T19:30:34.7828368Z Downloading rich-14.1.0-py3-none-any.whl (243 kB)
2025-08-20T19:30:34.7894277Z Downloading pygments-2.19.2-py3-none-any.whl (1.2 MB)
2025-08-20T19:30:34.7980013Z    ━━━━━━━━━━━━━━━━━━━━━━━━━━━━━━━━━━━━━━━━ 1.2/1.2 MB 156.9 MB/s  0:00:00
2025-08-20T19:30:34.8015777Z Downloading markdown_it_py-4.0.0-py3-none-any.whl (87 kB)
2025-08-20T19:30:34.8074849Z Downloading mdurl-0.1.2-py3-none-any.whl (10.0 kB)
2025-08-20T19:30:34.8135586Z Downloading shellingham-1.5.4-py2.py3-none-any.whl (9.8 kB)
2025-08-20T19:30:34.8191964Z Downloading websocket_client-1.8.0-py3-none-any.whl (58 kB)
2025-08-20T19:30:34.8246028Z Downloading werkzeug-3.1.3-py3-none-any.whl (224 kB)
2025-08-20T19:30:34.8312620Z Downloading Brotli-1.1.0-cp311-cp311-manylinux_2_17_x86_64.manylinux2014_x86_64.whl (2.9 MB)
2025-08-20T19:30:34.8498421Z    ━━━━━━━━━━━━━━━━━━━━━━━━━━━━━━━━━━━━━━━━ 2.9/2.9 MB 163.9 MB/s  0:00:00
2025-08-20T19:30:34.8537155Z Downloading cryptography-45.0.6-cp311-abi3-manylinux_2_34_x86_64.whl (4.5 MB)
2025-08-20T19:30:34.8792893Z    ━━━━━━━━━━━━━━━━━━━━━━━━━━━━━━━━━━━━━━━━ 4.5/4.5 MB 178.7 MB/s  0:00:00
2025-08-20T19:30:34.8836089Z Downloading cffi-1.17.1-cp311-cp311-manylinux_2_17_x86_64.manylinux2014_x86_64.whl (467 kB)
2025-08-20T19:30:34.8909968Z Downloading iniconfig-2.1.0-py3-none-any.whl (6.0 kB)
2025-08-20T19:30:34.8964934Z Downloading joblib-1.5.1-py3-none-any.whl (307 kB)
2025-08-20T19:30:34.9032568Z Downloading py_cpuinfo-9.0.0-py3-none-any.whl (22 kB)
2025-08-20T19:30:34.9085056Z Downloading pycparser-2.22-py3-none-any.whl (117 kB)
2025-08-20T19:30:34.9153993Z Downloading tomlkit-0.13.3-py3-none-any.whl (38 kB)
2025-08-20T19:30:34.9216606Z Downloading tqdm-4.67.1-py3-none-any.whl (78 kB)
2025-08-20T19:30:34.9277298Z Downloading wsproto-1.2.0-py3-none-any.whl (24 kB)
2025-08-20T19:30:34.9333101Z Downloading zope_event-5.1.1-py3-none-any.whl (7.0 kB)
2025-08-20T19:30:34.9394292Z Downloading zope.interface-7.2-cp311-cp311-manylinux_2_5_x86_64.manylinux1_x86_64.manylinux_2_17_x86_64.manylinux2014_x86_64.whl (259 kB)
2025-08-20T19:30:35.1869212Z Installing collected packages: py-cpuinfo, brotli, wsproto, websocket-client, tqdm, tomlkit, shellingham, setuptools, ruamel.yaml.clib, regex, pyzmq, pyyaml, pygments, pydantic-core, pycparser, psutil, pluggy, msgpack, mdurl, marshmallow, markupsafe, joblib, itsdangerous, iniconfig, filelock, Faker, dparse, coverage, configargparse, blinker, bidict, zope.interface, zope.event, werkzeug, simple-websocket, ruamel-yaml, responses, pytest, pydantic, pbr, nltk, markdown-it-py, jinja2, factory-boy, cffi, stevedore, safety-schemas, rich, python-engineio, pytest-mock, pytest-env, pytest-dotenv, pytest-cov, pytest-benchmark, pytest-asyncio, gevent, flask, cryptography, typer, python-socketio, geventhttpclient, flask-login, flask-cors, bandit, authlib, safety, locust-cloud, locust
2025-08-20T19:30:35.3796809Z   Attempting uninstall: setuptools
2025-08-20T19:30:35.3824183Z     Found existing installation: setuptools 65.5.0
2025-08-20T19:30:35.4703920Z     Uninstalling setuptools-65.5.0:
2025-08-20T19:30:35.5458512Z       Successfully uninstalled setuptools-65.5.0
2025-08-20T19:30:37.0623185Z   Attempting uninstall: pydantic-core
2025-08-20T19:30:37.0650329Z     Found existing installation: pydantic_core 2.33.2
2025-08-20T19:30:37.0667646Z     Uninstalling pydantic_core-2.33.2:
2025-08-20T19:30:37.0675201Z       Successfully uninstalled pydantic_core-2.33.2
2025-08-20T19:30:39.7170613Z   Attempting uninstall: pydantic
2025-08-20T19:30:39.7210490Z     Found existing installation: pydantic 2.11.7
2025-08-20T19:30:39.7299032Z     Uninstalling pydantic-2.11.7:
2025-08-20T19:30:39.7314104Z       Successfully uninstalled pydantic-2.11.7
2025-08-20T19:30:42.5383863Z 
2025-08-20T19:30:42.5442401Z Successfully installed Faker-37.5.3 authlib-1.6.1 bandit-1.8.6 bidict-0.23.1 blinker-1.9.0 brotli-1.1.0 cffi-1.17.1 configargparse-1.7.1 coverage-7.10.4 cryptography-45.0.6 dparse-0.6.4 factory-boy-3.3.3 filelock-3.16.1 flask-3.1.2 flask-cors-6.0.1 flask-login-0.6.3 gevent-25.5.1 geventhttpclient-2.3.4 iniconfig-2.1.0 itsdangerous-2.2.0 jinja2-3.1.6 joblib-1.5.1 locust-2.39.0 locust-cloud-1.26.3 markdown-it-py-4.0.0 markupsafe-3.0.2 marshmallow-4.0.0 mdurl-0.1.2 msgpack-1.1.1 nltk-3.9.1 pbr-7.0.0 pluggy-1.6.0 psutil-6.1.1 py-cpuinfo-9.0.0 pycparser-2.22 pydantic-2.9.2 pydantic-core-2.23.4 pygments-2.19.2 pytest-7.4.4 pytest-asyncio-0.23.8 pytest-benchmark-5.0.1 pytest-cov-6.2.1 pytest-dotenv-0.5.2 pytest-env-1.1.3 pytest-mock-3.14.1 python-engineio-4.12.2 python-socketio-5.13.0 pyyaml-6.0.2 pyzmq-27.0.1 regex-2025.7.34 responses-0.25.8 rich-14.1.0 ruamel-yaml-0.18.15 ruamel.yaml.clib-0.2.12 safety-3.6.0 safety-schemas-0.0.14 setuptools-80.9.0 shellingham-1.5.4 simple-websocket-1.1.0 stevedore-5.4.1 tomlkit-0.13.3 tqdm-4.67.1 typer-0.16.1 websocket-client-1.8.0 werkzeug-3.1.3 wsproto-1.2.0 zope.event-5.1.1 zope.interface-7.2
2025-08-20T19:30:43.3986369Z No broken requirements found.
2025-08-20T19:30:43.4295674Z ##[group]Run python --version
2025-08-20T19:30:43.4295956Z [36;1mpython --version[0m
2025-08-20T19:30:43.4296162Z [36;1mpip --version[0m
2025-08-20T19:30:43.4296372Z [36;1mpython -m pytest --version[0m
2025-08-20T19:30:43.4337451Z shell: /usr/bin/bash -e {0}
2025-08-20T19:30:43.4337675Z env:
2025-08-20T19:30:43.4337837Z   PYTHON_VERSION: 3.11
2025-08-20T19:30:43.4338054Z   WORKING_DIR: ./apps/api
2025-08-20T19:30:43.4338326Z   pythonLocation: /opt/hostedtoolcache/Python/3.11.13/x64
2025-08-20T19:30:43.4338714Z   PKG_CONFIG_PATH: /opt/hostedtoolcache/Python/3.11.13/x64/lib/pkgconfig
2025-08-20T19:30:43.4339089Z   Python_ROOT_DIR: /opt/hostedtoolcache/Python/3.11.13/x64
2025-08-20T19:30:43.4339421Z   Python2_ROOT_DIR: /opt/hostedtoolcache/Python/3.11.13/x64
2025-08-20T19:30:43.4339762Z   Python3_ROOT_DIR: /opt/hostedtoolcache/Python/3.11.13/x64
2025-08-20T19:30:43.4340101Z   LD_LIBRARY_PATH: /opt/hostedtoolcache/Python/3.11.13/x64/lib
2025-08-20T19:30:43.4340389Z ##[endgroup]
2025-08-20T19:30:43.4415091Z Python 3.11.13
2025-08-20T19:30:43.5854146Z pip 25.2 from /opt/hostedtoolcache/Python/3.11.13/x64/lib/python3.11/site-packages/pip (python 3.11)
2025-08-20T19:30:46.0020483Z pytest 7.4.4
2025-08-20T19:30:46.1090003Z ##[group]Run python -m pytest tests/unit -v \
2025-08-20T19:30:46.1090372Z [36;1mpython -m pytest tests/unit -v \[0m
2025-08-20T19:30:46.1090815Z [36;1m  --tb=short \[0m
2025-08-20T19:30:46.1091017Z [36;1m  --maxfail=5 \[0m
2025-08-20T19:30:46.1091218Z [36;1m  --cov=app \[0m
2025-08-20T19:30:46.1091432Z [36;1m  --cov-report=term-missing \[0m
2025-08-20T19:30:46.1091675Z [36;1m  --cov-report=xml \[0m
2025-08-20T19:30:46.1091909Z [36;1m  --cov-fail-under=50[0m
2025-08-20T19:30:46.1131691Z shell: /usr/bin/bash -e {0}
2025-08-20T19:30:46.1131908Z env:
2025-08-20T19:30:46.1132074Z   PYTHON_VERSION: 3.11
2025-08-20T19:30:46.1132270Z   WORKING_DIR: ./apps/api
2025-08-20T19:30:46.1132541Z   pythonLocation: /opt/hostedtoolcache/Python/3.11.13/x64
2025-08-20T19:30:46.1132941Z   PKG_CONFIG_PATH: /opt/hostedtoolcache/Python/3.11.13/x64/lib/pkgconfig
2025-08-20T19:30:46.1133333Z   Python_ROOT_DIR: /opt/hostedtoolcache/Python/3.11.13/x64
2025-08-20T19:30:46.1133706Z   Python2_ROOT_DIR: /opt/hostedtoolcache/Python/3.11.13/x64
2025-08-20T19:30:46.1134051Z   Python3_ROOT_DIR: /opt/hostedtoolcache/Python/3.11.13/x64
2025-08-20T19:30:46.1134398Z   LD_LIBRARY_PATH: /opt/hostedtoolcache/Python/3.11.13/x64/lib
2025-08-20T19:30:46.1135085Z   DATABASE_URL: ***localhost:5432/test_db
2025-08-20T19:30:46.1135372Z   REDIS_URL: redis://localhost:6379/0
2025-08-20T19:30:46.1135653Z   SECRET_KEY: test-secret-key-for-jwt-signing
2025-08-20T19:30:46.1135926Z   JWT_SECRET_KEY: test-secret-key
2025-08-20T19:30:46.1136143Z   JWT_ALGORITHM: HS256
2025-08-20T19:30:46.1136346Z   TWELVEDATA_API_KEY: test-key
2025-08-20T19:30:46.1136772Z   ENVIRONMENT: test
2025-08-20T19:30:46.1136946Z ##[endgroup]
2025-08-20T19:30:49.4749965Z ============================= test session starts ==============================
2025-08-20T19:30:49.4751064Z platform linux -- Python 3.11.13, pytest-7.4.4, pluggy-1.6.0 -- /opt/hostedtoolcache/Python/3.11.13/x64/bin/python
2025-08-20T19:30:49.4751974Z cachedir: .pytest_cache
2025-08-20T19:30:49.4753250Z benchmark: 5.0.1 (defaults: timer=time.perf_counter disable_gc=False min_rounds=5 min_time=0.000005 max_time=1.0 calibration_precision=10 warmup=False warmup_iterations=100000)
2025-08-20T19:30:49.4754336Z rootdir: /home/runner/work/AI-Investment/AI-Investment/apps/api
2025-08-20T19:30:49.4754775Z configfile: pytest.ini
2025-08-20T19:30:49.4755290Z plugins: benchmark-5.0.1, Faker-37.5.3, cov-6.2.1, mock-3.14.1, env-1.1.3, anyio-4.10.0, dotenv-0.5.2, asyncio-0.23.8
2025-08-20T19:30:49.4755852Z asyncio: mode=Mode.STRICT
2025-08-20T19:30:49.8628216Z collecting ... collected 125 items
2025-08-20T19:30:49.8628556Z 
2025-08-20T19:30:49.9972243Z tests/unit/models/test_portfolio.py::TestPortfolioModel::test_portfolio_creation PASSED [  0%]
2025-08-20T19:30:50.0227958Z tests/unit/models/test_portfolio.py::TestPortfolioModel::test_portfolio_user_relationship PASSED [  1%]
2025-08-20T19:30:50.0447534Z tests/unit/models/test_portfolio.py::TestPortfolioModel::test_portfolio_default_values PASSED [  2%]
2025-08-20T19:30:50.0670616Z tests/unit/models/test_portfolio.py::TestPortfolioModel::test_portfolio_json_strategy_config PASSED [  3%]
2025-08-20T19:30:50.1011144Z tests/unit/models/test_portfolio.py::TestPortfolioModel::test_portfolio_updates PASSED [  4%]
2025-08-20T19:30:50.1273838Z tests/unit/models/test_portfolio.py::TestPortfolioModel::test_multiple_portfolios_per_user PASSED [  4%]
2025-08-20T19:30:50.1537692Z tests/unit/models/test_portfolio.py::TestPortfolioModel::test_portfolio_cascade_delete PASSED [  5%]
2025-08-20T19:30:50.2888215Z tests/unit/models/test_portfolio.py::TestPortfolioModel::test_portfolio_validation_constraints FAILED [  6%]
2025-08-20T19:30:50.3239877Z tests/unit/models/test_portfolio.py::TestPortfolioModel::test_portfolio_query_performance PASSED [  7%]
2025-08-20T19:30:50.8255487Z tests/unit/routers/test_auth.py::TestAuthEndpoints::test_register_new_user PASSED [  8%]
2025-08-20T19:30:51.1353266Z tests/unit/routers/test_auth.py::TestAuthEndpoints::test_register_duplicate_email PASSED [  8%]
2025-08-20T19:30:51.1720036Z tests/unit/routers/test_auth.py::TestAuthEndpoints::test_register_weak_password PASSED [  9%]
2025-08-20T19:30:51.7483363Z tests/unit/routers/test_auth.py::TestAuthEndpoints::test_login_valid_credentials PASSED [ 10%]
2025-08-20T19:30:52.3269967Z tests/unit/routers/test_auth.py::TestAuthEndpoints::test_login_invalid_password PASSED [ 11%]
2025-08-20T19:30:52.8509980Z tests/unit/routers/test_auth.py::TestAuthEndpoints::test_login_nonexistent_user FAILED [ 12%]
2025-08-20T19:30:53.3292875Z tests/unit/routers/test_auth.py::TestAuthEndpoints::test_login_inactive_user FAILED [ 12%]
2025-08-20T19:30:53.6663899Z tests/unit/routers/test_auth.py::TestAuthEndpoints::test_get_current_user ERROR [ 13%]
2025-08-20T19:30:53.7033274Z tests/unit/routers/test_auth.py::TestAuthEndpoints::test_get_current_user_no_token PASSED [ 14%]
2025-08-20T19:30:53.7392960Z tests/unit/routers/test_auth.py::TestAuthEndpoints::test_get_current_user_invalid_token PASSED [ 15%]
2025-08-20T19:30:54.0508031Z tests/unit/routers/test_auth.py::TestAuthEndpoints::test_get_current_user_expired_token FAILED [ 16%]
2025-08-20T19:30:54.0508802Z 
2025-08-20T19:30:54.0509005Z ==================================== ERRORS ====================================
2025-08-20T19:30:54.0509692Z __________ ERROR at setup of TestAuthEndpoints.test_get_current_user ___________
2025-08-20T19:30:54.0510330Z tests/conftest.py:122: in auth_headers
2025-08-20T19:30:54.0510911Z     access_token = create_access_token(data={"sub": test_user.email})
2025-08-20T19:30:54.0511540Z app/core/security.py:26: in create_access_token
2025-08-20T19:30:54.0512265Z     encoded_jwt = jwt.encode(to_encode, settings.SECRET_KEY, algorithm=settings.ALGORITHM)
2025-08-20T19:30:54.0513346Z /opt/hostedtoolcache/Python/3.11.13/x64/lib/python3.11/site-packages/pydantic/main.py:856: in __getattr__
2025-08-20T19:30:54.0514391Z     raise AttributeError(f'{type(self).__name__!r} object has no attribute {item!r}')
2025-08-20T19:30:54.0515206Z E   AttributeError: 'Settings' object has no attribute 'ALGORITHM'
2025-08-20T19:30:54.0515971Z ------------------------------ Captured log setup ------------------------------
2025-08-20T19:30:54.0517209Z WARNING  app.utils.run_migrations:run_migrations.py:39 Table prices does not exist, skipping index idx_price_asset_date
2025-08-20T19:30:54.0518462Z WARNING  app.utils.run_migrations:run_migrations.py:39 Table prices does not exist, skipping index idx_price_date
2025-08-20T19:30:54.0519688Z WARNING  app.utils.run_migrations:run_migrations.py:39 Table prices does not exist, skipping index idx_price_asset_id
2025-08-20T19:30:54.0520985Z WARNING  app.utils.run_migrations:run_migrations.py:39 Table allocations does not exist, skipping index idx_allocation_date
2025-08-20T19:30:54.0522339Z WARNING  app.utils.run_migrations:run_migrations.py:39 Table allocations does not exist, skipping index idx_allocation_asset_date
2025-08-20T19:30:54.0523725Z WARNING  app.utils.run_migrations:run_migrations.py:39 Table index_values does not exist, skipping index idx_index_value_date
2025-08-20T19:30:54.0525237Z ERROR    app.utils.run_migrations:run_migrations.py:169 Google auth migration failed: (psycopg2.errors.UndefinedTable) relation "users" does not exist
2025-08-20T19:30:54.0526153Z 
2025-08-20T19:30:54.0526279Z [SQL: 
2025-08-20T19:30:54.0526744Z                 ALTER TABLE users 
2025-08-20T19:30:54.0527208Z                 ADD COLUMN is_google_user BOOLEAN DEFAULT FALSE
2025-08-20T19:30:54.0527673Z             ]
2025-08-20T19:30:54.0528119Z (Background on this error at: https://sqlalche.me/e/20/f405)
2025-08-20T19:30:54.0528886Z ERROR    app.utils.run_migrations:run_migrations.py:188 Migration google_auth failed
2025-08-20T19:30:54.0529691Z WARNING  app.main:main.py:45 Some database migrations failed - check logs
2025-08-20T19:30:54.0530339Z =================================== FAILURES ===================================
2025-08-20T19:30:54.0531039Z ___________ TestPortfolioModel.test_portfolio_validation_constraints ___________
2025-08-20T19:30:54.0532220Z tests/unit/models/test_portfolio.py:304: in test_portfolio_validation_constraints
2025-08-20T19:30:54.0533079Z     with pytest.raises(Exception):  # Should raise IntegrityError
2025-08-20T19:30:54.0533907Z E   Failed: DID NOT RAISE <class 'Exception'>
2025-08-20T19:30:54.0534556Z ________________ TestAuthEndpoints.test_login_nonexistent_user _________________
2025-08-20T19:30:54.0535248Z   + Exception Group Traceback (most recent call last):
2025-08-20T19:30:54.0536286Z   |   File "/opt/hostedtoolcache/Python/3.11.13/x64/lib/python3.11/site-packages/starlette/_utils.py", line 87, in collapse_excgroups
2025-08-20T19:30:54.0537432Z   |     yield
2025-08-20T19:30:54.0538270Z   |   File "/opt/hostedtoolcache/Python/3.11.13/x64/lib/python3.11/site-packages/starlette/middleware/base.py", line 190, in __call__
2025-08-20T19:30:54.0539303Z   |     async with anyio.create_task_group() as task_group:
2025-08-20T19:30:54.0540334Z   |   File "/opt/hostedtoolcache/Python/3.11.13/x64/lib/python3.11/site-packages/anyio/_backends/_asyncio.py", line 772, in __aexit__
2025-08-20T19:30:54.0541269Z   |     raise BaseExceptionGroup(
2025-08-20T19:30:54.0541842Z   | ExceptionGroup: unhandled errors in a TaskGroup (1 sub-exception)
2025-08-20T19:30:54.0542443Z   +-+---------------- 1 ----------------
2025-08-20T19:30:54.0542871Z     | Traceback (most recent call last):
2025-08-20T19:30:54.0543751Z     |   File "/opt/hostedtoolcache/Python/3.11.13/x64/lib/python3.11/site-packages/_pytest/runner.py", line 341, in from_call
2025-08-20T19:30:54.0544661Z     |     result: Optional[TResult] = func()
2025-08-20T19:30:54.0545089Z     |                                 ^^^^^^
2025-08-20T19:30:54.0545922Z     |   File "/opt/hostedtoolcache/Python/3.11.13/x64/lib/python3.11/site-packages/_pytest/runner.py", line 262, in <lambda>
2025-08-20T19:30:54.0547070Z     |     lambda: ihook(item=item, **kwds), when=when, reraise=reraise
2025-08-20T19:30:54.0547600Z     |             ^^^^^^^^^^^^^^^^^^^^^^^^
2025-08-20T19:30:54.0548454Z     |   File "/opt/hostedtoolcache/Python/3.11.13/x64/lib/python3.11/site-packages/pluggy/_hooks.py", line 512, in __call__
2025-08-20T19:30:54.0549529Z     |     return self._hookexec(self.name, self._hookimpls.copy(), kwargs, firstresult)
2025-08-20T19:30:54.0550195Z     |            ^^^^^^^^^^^^^^^^^^^^^^^^^^^^^^^^^^^^^^^^^^^^^^^^^^^^^^^^^^^^^^^^^^^^^^
2025-08-20T19:30:54.0551080Z     |   File "/opt/hostedtoolcache/Python/3.11.13/x64/lib/python3.11/site-packages/pluggy/_manager.py", line 120, in _hookexec
2025-08-20T19:30:54.0552009Z     |     return self._inner_hookexec(hook_name, methods, kwargs, firstresult)
2025-08-20T19:30:54.0552566Z     |            ^^^^^^^^^^^^^^^^^^^^^^^^^^^^^^^^^^^^^^^^^^^^^^^^^^^^^^^^^^^^^
2025-08-20T19:30:54.0553462Z     |   File "/opt/hostedtoolcache/Python/3.11.13/x64/lib/python3.11/site-packages/pluggy/_callers.py", line 167, in _multicall
2025-08-20T19:30:54.0554335Z     |     raise exception
2025-08-20T19:30:54.0555166Z     |   File "/opt/hostedtoolcache/Python/3.11.13/x64/lib/python3.11/site-packages/pluggy/_callers.py", line 139, in _multicall
2025-08-20T19:30:54.0556065Z     |     teardown.throw(exception)
2025-08-20T19:30:54.0557202Z     |   File "/opt/hostedtoolcache/Python/3.11.13/x64/lib/python3.11/site-packages/pluggy/_callers.py", line 53, in run_old_style_hookwrapper
2025-08-20T19:30:54.0558195Z     |     return result.get_result()
2025-08-20T19:30:54.0558594Z     |            ^^^^^^^^^^^^^^^^^^^
2025-08-20T19:30:54.0559450Z     |   File "/opt/hostedtoolcache/Python/3.11.13/x64/lib/python3.11/site-packages/pluggy/_result.py", line 103, in get_result
2025-08-20T19:30:54.0560342Z     |     raise exc.with_traceback(tb)
2025-08-20T19:30:54.0561313Z     |   File "/opt/hostedtoolcache/Python/3.11.13/x64/lib/python3.11/site-packages/pluggy/_callers.py", line 38, in run_old_style_hookwrapper
2025-08-20T19:30:54.0562263Z     |     res = yield
2025-08-20T19:30:54.0562580Z     |           ^^^^^
2025-08-20T19:30:54.0563598Z     |   File "/opt/hostedtoolcache/Python/3.11.13/x64/lib/python3.11/site-packages/pluggy/_callers.py", line 139, in _multicall
2025-08-20T19:30:54.0564540Z     |     teardown.throw(exception)
2025-08-20T19:30:54.0565711Z     |   File "/opt/hostedtoolcache/Python/3.11.13/x64/lib/python3.11/site-packages/pluggy/_callers.py", line 53, in run_old_style_hookwrapper
2025-08-20T19:30:54.0566945Z     |     return result.get_result()
2025-08-20T19:30:54.0567335Z     |            ^^^^^^^^^^^^^^^^^^^
2025-08-20T19:30:54.0568172Z     |   File "/opt/hostedtoolcache/Python/3.11.13/x64/lib/python3.11/site-packages/pluggy/_result.py", line 103, in get_result
2025-08-20T19:30:54.0569064Z     |     raise exc.with_traceback(tb)
2025-08-20T19:30:54.0570017Z     |   File "/opt/hostedtoolcache/Python/3.11.13/x64/lib/python3.11/site-packages/pluggy/_callers.py", line 38, in run_old_style_hookwrapper
2025-08-20T19:30:54.0570969Z     |     res = yield
2025-08-20T19:30:54.0571285Z     |           ^^^^^
2025-08-20T19:30:54.0572071Z     |   File "/opt/hostedtoolcache/Python/3.11.13/x64/lib/python3.11/site-packages/pluggy/_callers.py", line 139, in _multicall
2025-08-20T19:30:54.0572957Z     |     teardown.throw(exception)
2025-08-20T19:30:54.0573925Z     |   File "/opt/hostedtoolcache/Python/3.11.13/x64/lib/python3.11/site-packages/pluggy/_callers.py", line 53, in run_old_style_hookwrapper
2025-08-20T19:30:54.0574903Z     |     return result.get_result()
2025-08-20T19:30:54.0575286Z     |            ^^^^^^^^^^^^^^^^^^^
2025-08-20T19:30:54.0576107Z     |   File "/opt/hostedtoolcache/Python/3.11.13/x64/lib/python3.11/site-packages/pluggy/_result.py", line 103, in get_result
2025-08-20T19:30:54.0577153Z     |     raise exc.with_traceback(tb)
2025-08-20T19:30:54.0578106Z     |   File "/opt/hostedtoolcache/Python/3.11.13/x64/lib/python3.11/site-packages/pluggy/_callers.py", line 38, in run_old_style_hookwrapper
2025-08-20T19:30:54.0579056Z     |     res = yield
2025-08-20T19:30:54.0579362Z     |           ^^^^^
2025-08-20T19:30:54.0580152Z     |   File "/opt/hostedtoolcache/Python/3.11.13/x64/lib/python3.11/site-packages/pluggy/_callers.py", line 139, in _multicall
2025-08-20T19:30:54.0581049Z     |     teardown.throw(exception)
2025-08-20T19:30:54.0581994Z     |   File "/opt/hostedtoolcache/Python/3.11.13/x64/lib/python3.11/site-packages/pluggy/_callers.py", line 53, in run_old_style_hookwrapper
2025-08-20T19:30:54.0582969Z     |     return result.get_result()
2025-08-20T19:30:54.0583358Z     |            ^^^^^^^^^^^^^^^^^^^
2025-08-20T19:30:54.0584174Z     |   File "/opt/hostedtoolcache/Python/3.11.13/x64/lib/python3.11/site-packages/pluggy/_result.py", line 103, in get_result
2025-08-20T19:30:54.0585063Z     |     raise exc.with_traceback(tb)
2025-08-20T19:30:54.0586037Z     |   File "/opt/hostedtoolcache/Python/3.11.13/x64/lib/python3.11/site-packages/pluggy/_callers.py", line 38, in run_old_style_hookwrapper
2025-08-20T19:30:54.0587177Z     |     res = yield
2025-08-20T19:30:54.0587486Z     |           ^^^^^
2025-08-20T19:30:54.0588253Z     |   File "/opt/hostedtoolcache/Python/3.11.13/x64/lib/python3.11/site-packages/pluggy/_callers.py", line 139, in _multicall
2025-08-20T19:30:54.0589144Z     |     teardown.throw(exception)
2025-08-20T19:30:54.0590080Z     |   File "/opt/hostedtoolcache/Python/3.11.13/x64/lib/python3.11/site-packages/pluggy/_callers.py", line 53, in run_old_style_hookwrapper
2025-08-20T19:30:54.0591058Z     |     return result.get_result()
2025-08-20T19:30:54.0591442Z     |            ^^^^^^^^^^^^^^^^^^^
2025-08-20T19:30:54.0592268Z     |   File "/opt/hostedtoolcache/Python/3.11.13/x64/lib/python3.11/site-packages/pluggy/_result.py", line 103, in get_result
2025-08-20T19:30:54.0593153Z     |     raise exc.with_traceback(tb)
2025-08-20T19:30:54.0594088Z     |   File "/opt/hostedtoolcache/Python/3.11.13/x64/lib/python3.11/site-packages/pluggy/_callers.py", line 38, in run_old_style_hookwrapper
2025-08-20T19:30:54.0595011Z     |     res = yield
2025-08-20T19:30:54.0595307Z     |           ^^^^^
2025-08-20T19:30:54.0596277Z     |   File "/opt/hostedtoolcache/Python/3.11.13/x64/lib/python3.11/site-packages/pluggy/_callers.py", line 139, in _multicall
2025-08-20T19:30:54.0597391Z     |     teardown.throw(exception)
2025-08-20T19:30:54.0598351Z     |   File "/opt/hostedtoolcache/Python/3.11.13/x64/lib/python3.11/site-packages/pluggy/_callers.py", line 53, in run_old_style_hookwrapper
2025-08-20T19:30:54.0599550Z     |     return result.get_result()
2025-08-20T19:30:54.0599935Z     |            ^^^^^^^^^^^^^^^^^^^
2025-08-20T19:30:54.0600757Z     |   File "/opt/hostedtoolcache/Python/3.11.13/x64/lib/python3.11/site-packages/pluggy/_result.py", line 103, in get_result
2025-08-20T19:30:54.0601650Z     |     raise exc.with_traceback(tb)
2025-08-20T19:30:54.0602592Z     |   File "/opt/hostedtoolcache/Python/3.11.13/x64/lib/python3.11/site-packages/pluggy/_callers.py", line 38, in run_old_style_hookwrapper
2025-08-20T19:30:54.0603537Z     |     res = yield
2025-08-20T19:30:54.0603838Z     |           ^^^^^
2025-08-20T19:30:54.0604600Z     |   File "/opt/hostedtoolcache/Python/3.11.13/x64/lib/python3.11/site-packages/pluggy/_callers.py", line 121, in _multicall
2025-08-20T19:30:54.0605465Z     |     res = hook_impl.function(*args)
2025-08-20T19:30:54.0605881Z     |           ^^^^^^^^^^^^^^^^^^^^^^^^^
2025-08-20T19:30:54.0606927Z     |   File "/opt/hostedtoolcache/Python/3.11.13/x64/lib/python3.11/site-packages/_pytest/runner.py", line 177, in pytest_runtest_call
2025-08-20T19:30:54.0607833Z     |     raise e
2025-08-20T19:30:54.0608629Z     |   File "/opt/hostedtoolcache/Python/3.11.13/x64/lib/python3.11/site-packages/_pytest/runner.py", line 169, in pytest_runtest_call
2025-08-20T19:30:54.0609516Z     |     item.runtest()
2025-08-20T19:30:54.0610304Z     |   File "/opt/hostedtoolcache/Python/3.11.13/x64/lib/python3.11/site-packages/_pytest/python.py", line 1792, in runtest
2025-08-20T19:30:54.0611236Z     |     self.ihook.pytest_pyfunc_call(pyfuncitem=self)
2025-08-20T19:30:54.0612140Z     |   File "/opt/hostedtoolcache/Python/3.11.13/x64/lib/python3.11/site-packages/pluggy/_hooks.py", line 512, in __call__
2025-08-20T19:30:54.0613198Z     |     return self._hookexec(self.name, self._hookimpls.copy(), kwargs, firstresult)
2025-08-20T19:30:54.0613774Z     |            ^^^^^^^^^^^^^^^^^^^^^^^^^^^^^^^^^^^^^^^^^^^^^^^^^^^^^^^^^^^^^^^^^^^^^^
2025-08-20T19:30:54.0614586Z     |   File "/opt/hostedtoolcache/Python/3.11.13/x64/lib/python3.11/site-packages/pluggy/_manager.py", line 120, in _hookexec
2025-08-20T19:30:54.0615563Z     |     return self._inner_hookexec(hook_name, methods, kwargs, firstresult)
2025-08-20T19:30:54.0616089Z     |            ^^^^^^^^^^^^^^^^^^^^^^^^^^^^^^^^^^^^^^^^^^^^^^^^^^^^^^^^^^^^^
2025-08-20T19:30:54.0617076Z     |   File "/opt/hostedtoolcache/Python/3.11.13/x64/lib/python3.11/site-packages/pluggy/_callers.py", line 167, in _multicall
2025-08-20T19:30:54.0617858Z     |     raise exception
2025-08-20T19:30:54.0618563Z     |   File "/opt/hostedtoolcache/Python/3.11.13/x64/lib/python3.11/site-packages/pluggy/_callers.py", line 139, in _multicall
2025-08-20T19:30:54.0619338Z     |     teardown.throw(exception)
2025-08-20T19:30:54.0620141Z     |   File "/opt/hostedtoolcache/Python/3.11.13/x64/lib/python3.11/site-packages/pluggy/_callers.py", line 53, in run_old_style_hookwrapper
2025-08-20T19:30:54.0620979Z     |     return result.get_result()
2025-08-20T19:30:54.0621311Z     |            ^^^^^^^^^^^^^^^^^^^
2025-08-20T19:30:54.0622038Z     |   File "/opt/hostedtoolcache/Python/3.11.13/x64/lib/python3.11/site-packages/pluggy/_result.py", line 103, in get_result
2025-08-20T19:30:54.0622806Z     |     raise exc.with_traceback(tb)
2025-08-20T19:30:54.0623637Z     |   File "/opt/hostedtoolcache/Python/3.11.13/x64/lib/python3.11/site-packages/pluggy/_callers.py", line 38, in run_old_style_hookwrapper
2025-08-20T19:30:54.0624451Z     |     res = yield
2025-08-20T19:30:54.0624715Z     |           ^^^^^
2025-08-20T19:30:54.0625358Z     |   File "/opt/hostedtoolcache/Python/3.11.13/x64/lib/python3.11/site-packages/pluggy/_callers.py", line 121, in _multicall
2025-08-20T19:30:54.0626328Z     |     res = hook_impl.function(*args)
2025-08-20T19:30:54.0626851Z     |           ^^^^^^^^^^^^^^^^^^^^^^^^^
2025-08-20T19:30:54.0627622Z     |   File "/opt/hostedtoolcache/Python/3.11.13/x64/lib/python3.11/site-packages/_pytest/python.py", line 194, in pytest_pyfunc_call
2025-08-20T19:30:54.0628628Z     |     result = testfunction(**testargs)
2025-08-20T19:30:54.0628988Z     |              ^^^^^^^^^^^^^^^^^^^^^^^^
2025-08-20T19:30:54.0629855Z     |   File "/home/runner/work/AI-Investment/AI-Investment/apps/api/tests/unit/routers/test_auth.py", line 103, in test_login_nonexistent_user
2025-08-20T19:30:54.0630722Z     |     response = client.post(
2025-08-20T19:30:54.0631039Z     |                ^^^^^^^^^^^^
2025-08-20T19:30:54.0631759Z     |   File "/opt/hostedtoolcache/Python/3.11.13/x64/lib/python3.11/site-packages/starlette/testclient.py", line 633, in post
2025-08-20T19:30:54.0632506Z     |     return super().post(
2025-08-20T19:30:54.0632814Z     |            ^^^^^^^^^^^^^
2025-08-20T19:30:54.0633478Z     |   File "/opt/hostedtoolcache/Python/3.11.13/x64/lib/python3.11/site-packages/httpx/_client.py", line 1145, in post
2025-08-20T19:30:54.0634195Z     |     return self.request(
2025-08-20T19:30:54.0634510Z     |            ^^^^^^^^^^^^^
2025-08-20T19:30:54.0635227Z     |   File "/opt/hostedtoolcache/Python/3.11.13/x64/lib/python3.11/site-packages/starlette/testclient.py", line 516, in request
2025-08-20T19:30:54.0635999Z     |     return super().request(
2025-08-20T19:30:54.0636316Z     |            ^^^^^^^^^^^^^^^^
2025-08-20T19:30:54.0637159Z     |   File "/opt/hostedtoolcache/Python/3.11.13/x64/lib/python3.11/site-packages/httpx/_client.py", line 827, in request
2025-08-20T19:30:54.0638047Z     |     return self.send(request, auth=auth, follow_redirects=follow_redirects)
2025-08-20T19:30:54.0638557Z     |            ^^^^^^^^^^^^^^^^^^^^^^^^^^^^^^^^^^^^^^^^^^^^^^^^^^^^^^^^^^^^^^^^
2025-08-20T19:30:54.0639306Z     |   File "/opt/hostedtoolcache/Python/3.11.13/x64/lib/python3.11/site-packages/httpx/_client.py", line 914, in send
2025-08-20T19:30:54.0640053Z     |     response = self._send_handling_auth(
2025-08-20T19:30:54.0640436Z     |                ^^^^^^^^^^^^^^^^^^^^^^^^^
2025-08-20T19:30:54.0641220Z     |   File "/opt/hostedtoolcache/Python/3.11.13/x64/lib/python3.11/site-packages/httpx/_client.py", line 942, in _send_handling_auth
2025-08-20T19:30:54.0642055Z     |     response = self._send_handling_redirects(
2025-08-20T19:30:54.0642434Z     |                ^^^^^^^^^^^^^^^^^^^^^^^^^^^^^^
2025-08-20T19:30:54.0643242Z     |   File "/opt/hostedtoolcache/Python/3.11.13/x64/lib/python3.11/site-packages/httpx/_client.py", line 979, in _send_handling_redirects
2025-08-20T19:30:54.0644090Z     |     response = self._send_single_request(request)
2025-08-20T19:30:54.0644484Z     |                ^^^^^^^^^^^^^^^^^^^^^^^^^^^^^^^^^^
2025-08-20T19:30:54.0645279Z     |   File "/opt/hostedtoolcache/Python/3.11.13/x64/lib/python3.11/site-packages/httpx/_client.py", line 1015, in _send_single_request
2025-08-20T19:30:54.0646131Z     |     response = transport.handle_request(request)
2025-08-20T19:30:54.0646658Z     |                ^^^^^^^^^^^^^^^^^^^^^^^^^^^^^^^^^
2025-08-20T19:30:54.0647462Z     |   File "/opt/hostedtoolcache/Python/3.11.13/x64/lib/python3.11/site-packages/starlette/testclient.py", line 398, in handle_request
2025-08-20T19:30:54.0648229Z     |     raise exc
2025-08-20T19:30:54.0648928Z     |   File "/opt/hostedtoolcache/Python/3.11.13/x64/lib/python3.11/site-packages/starlette/testclient.py", line 395, in handle_request
2025-08-20T19:30:54.0649764Z     |     portal.call(self.app, scope, receive, send)
2025-08-20T19:30:54.0650510Z     |   File "/opt/hostedtoolcache/Python/3.11.13/x64/lib/python3.11/site-packages/anyio/from_thread.py", line 291, in call
2025-08-20T19:30:54.0651349Z     |     return cast(T_Retval, self.start_task_soon(func, *args).result())
2025-08-20T19:30:54.0651822Z     |                           ^^^^^^^^^^^^^^^^^^^^^^^^^^^^^^^^^^^^^^^^^^
2025-08-20T19:30:54.0652702Z     |   File "/opt/hostedtoolcache/Python/3.11.13/x64/lib/python3.11/concurrent/futures/_base.py", line 456, in result
2025-08-20T19:30:54.0653416Z     |     return self.__get_result()
2025-08-20T19:30:54.0653908Z     |            ^^^^^^^^^^^^^^^^^^^
2025-08-20T19:30:54.0654598Z     |   File "/opt/hostedtoolcache/Python/3.11.13/x64/lib/python3.11/concurrent/futures/_base.py", line 401, in __get_result
2025-08-20T19:30:54.0655318Z     |     raise self._exception
2025-08-20T19:30:54.0656042Z     |   File "/opt/hostedtoolcache/Python/3.11.13/x64/lib/python3.11/site-packages/anyio/from_thread.py", line 222, in _call_func
2025-08-20T19:30:54.0656994Z     |     retval = await retval_or_awaitable
2025-08-20T19:30:54.0657362Z     |              ^^^^^^^^^^^^^^^^^^^^^^^^^
2025-08-20T19:30:54.0658124Z     |   File "/opt/hostedtoolcache/Python/3.11.13/x64/lib/python3.11/site-packages/fastapi/applications.py", line 1054, in __call__
2025-08-20T19:30:54.0658941Z     |     await super().__call__(scope, receive, send)
2025-08-20T19:30:54.0659780Z     |   File "/opt/hostedtoolcache/Python/3.11.13/x64/lib/python3.11/site-packages/starlette/applications.py", line 123, in __call__
2025-08-20T19:30:54.0660647Z     |     await self.middleware_stack(scope, receive, send)
2025-08-20T19:30:54.0661526Z     |   File "/opt/hostedtoolcache/Python/3.11.13/x64/lib/python3.11/site-packages/starlette/middleware/errors.py", line 186, in __call__
2025-08-20T19:30:54.0662326Z     |     raise exc
2025-08-20T19:30:54.0663061Z     |   File "/opt/hostedtoolcache/Python/3.11.13/x64/lib/python3.11/site-packages/starlette/middleware/errors.py", line 164, in __call__
2025-08-20T19:30:54.0663926Z     |     await self.app(scope, receive, _send)
2025-08-20T19:30:54.0664758Z     |   File "/opt/hostedtoolcache/Python/3.11.13/x64/lib/python3.11/site-packages/starlette/middleware/cors.py", line 85, in __call__
2025-08-20T19:30:54.0665576Z     |     await self.app(scope, receive, send)
2025-08-20T19:30:54.0666578Z     |   File "/opt/hostedtoolcache/Python/3.11.13/x64/lib/python3.11/site-packages/starlette/middleware/base.py", line 189, in __call__
2025-08-20T19:30:54.0667385Z     |     with collapse_excgroups():
2025-08-20T19:30:54.0667989Z     |   File "/opt/hostedtoolcache/Python/3.11.13/x64/lib/python3.11/contextlib.py", line 158, in __exit__
2025-08-20T19:30:54.0668660Z     |     self.gen.throw(typ, value, traceback)
2025-08-20T19:30:54.0669472Z     |   File "/opt/hostedtoolcache/Python/3.11.13/x64/lib/python3.11/site-packages/starlette/_utils.py", line 93, in collapse_excgroups
2025-08-20T19:30:54.0670322Z     |     raise exc
2025-08-20T19:30:54.0671028Z     |   File "/opt/hostedtoolcache/Python/3.11.13/x64/lib/python3.11/site-packages/starlette/middleware/base.py", line 191, in __call__
2025-08-20T19:30:54.0671919Z     |     response = await self.dispatch_func(request, call_next)
2025-08-20T19:30:54.0672355Z     |                ^^^^^^^^^^^^^^^^^^^^^^^^^^^^^^^^^^^^^^^^^^^^
2025-08-20T19:30:54.0673019Z     |   File "/home/runner/work/AI-Investment/AI-Investment/apps/api/app/main.py", line 88, in dispatch
2025-08-20T19:30:54.0673711Z     |     response = await call_next(request)
2025-08-20T19:30:54.0674070Z     |                ^^^^^^^^^^^^^^^^^^^^^^^^
2025-08-20T19:30:54.0674882Z     |   File "/opt/hostedtoolcache/Python/3.11.13/x64/lib/python3.11/site-packages/starlette/middleware/base.py", line 165, in call_next
2025-08-20T19:30:54.0675689Z     |     raise app_exc
2025-08-20T19:30:54.0676544Z     |   File "/opt/hostedtoolcache/Python/3.11.13/x64/lib/python3.11/site-packages/starlette/middleware/base.py", line 151, in coro
2025-08-20T19:30:54.0677457Z     |     await self.app(scope, receive_or_disconnect, send_no_error)
2025-08-20T19:30:54.0678332Z     |   File "/opt/hostedtoolcache/Python/3.11.13/x64/lib/python3.11/site-packages/starlette/middleware/base.py", line 189, in __call__
2025-08-20T19:30:54.0679133Z     |     with collapse_excgroups():
2025-08-20T19:30:54.0679772Z     |   File "/opt/hostedtoolcache/Python/3.11.13/x64/lib/python3.11/contextlib.py", line 158, in __exit__
2025-08-20T19:30:54.0680632Z     |     self.gen.throw(typ, value, traceback)
2025-08-20T19:30:54.0681465Z     |   File "/opt/hostedtoolcache/Python/3.11.13/x64/lib/python3.11/site-packages/starlette/_utils.py", line 93, in collapse_excgroups
2025-08-20T19:30:54.0682413Z     |     raise exc
2025-08-20T19:30:54.0683155Z     |   File "/opt/hostedtoolcache/Python/3.11.13/x64/lib/python3.11/site-packages/starlette/middleware/base.py", line 191, in __call__
2025-08-20T19:30:54.0684043Z     |     response = await self.dispatch_func(request, call_next)
2025-08-20T19:30:54.0684481Z     |                ^^^^^^^^^^^^^^^^^^^^^^^^^^^^^^^^^^^^^^^^^^^^
2025-08-20T19:30:54.0685119Z     |   File "/home/runner/work/AI-Investment/AI-Investment/apps/api/app/main.py", line 138, in dispatch
2025-08-20T19:30:54.0685792Z     |     response = await call_next(request)
2025-08-20T19:30:54.0686159Z     |                ^^^^^^^^^^^^^^^^^^^^^^^^
2025-08-20T19:30:54.0687124Z     |   File "/opt/hostedtoolcache/Python/3.11.13/x64/lib/python3.11/site-packages/starlette/middleware/base.py", line 165, in call_next
2025-08-20T19:30:54.0687951Z     |     raise app_exc
2025-08-20T19:30:54.0688670Z     |   File "/opt/hostedtoolcache/Python/3.11.13/x64/lib/python3.11/site-packages/starlette/middleware/base.py", line 151, in coro
2025-08-20T19:30:54.0689562Z     |     await self.app(scope, receive_or_disconnect, send_no_error)
2025-08-20T19:30:54.0690511Z     |   File "/opt/hostedtoolcache/Python/3.11.13/x64/lib/python3.11/site-packages/starlette/middleware/exceptions.py", line 65, in __call__
2025-08-20T19:30:54.0691510Z     |     await wrap_app_handling_exceptions(self.app, conn)(scope, receive, send)
2025-08-20T19:30:54.0692506Z     |   File "/opt/hostedtoolcache/Python/3.11.13/x64/lib/python3.11/site-packages/starlette/_exception_handler.py", line 64, in wrapped_app
2025-08-20T19:30:54.0693308Z     |     raise exc
2025-08-20T19:30:54.0694080Z     |   File "/opt/hostedtoolcache/Python/3.11.13/x64/lib/python3.11/site-packages/starlette/_exception_handler.py", line 53, in wrapped_app
2025-08-20T19:30:54.0694924Z     |     await app(scope, receive, sender)
2025-08-20T19:30:54.0695669Z     |   File "/opt/hostedtoolcache/Python/3.11.13/x64/lib/python3.11/site-packages/starlette/routing.py", line 756, in __call__
2025-08-20T19:30:54.0696666Z     |     await self.middleware_stack(scope, receive, send)
2025-08-20T19:30:54.0697462Z     |   File "/opt/hostedtoolcache/Python/3.11.13/x64/lib/python3.11/site-packages/starlette/routing.py", line 776, in app
2025-08-20T19:30:54.0698228Z     |     await route.handle(scope, receive, send)
2025-08-20T19:30:54.0698995Z     |   File "/opt/hostedtoolcache/Python/3.11.13/x64/lib/python3.11/site-packages/starlette/routing.py", line 297, in handle
2025-08-20T19:30:54.0699760Z     |     await self.app(scope, receive, send)
2025-08-20T19:30:54.0700499Z     |   File "/opt/hostedtoolcache/Python/3.11.13/x64/lib/python3.11/site-packages/starlette/routing.py", line 77, in app
2025-08-20T19:30:54.0701373Z     |     await wrap_app_handling_exceptions(app, request)(scope, receive, send)
2025-08-20T19:30:54.0702363Z     |   File "/opt/hostedtoolcache/Python/3.11.13/x64/lib/python3.11/site-packages/starlette/_exception_handler.py", line 75, in wrapped_app
2025-08-20T19:30:54.0703227Z     |     response = await handler(conn, exc)
2025-08-20T19:30:54.0703591Z     |                ^^^^^^^^^^^^^^^^^^^^^^^^
2025-08-20T19:30:54.0704335Z     |   File "/home/runner/work/AI-Investment/AI-Investment/apps/api/app/main.py", line 179, in validation_exception_handler
2025-08-20T19:30:54.0705102Z     |     response = JSONResponse(
2025-08-20T19:30:54.0705422Z     |                ^^^^^^^^^^^^^
2025-08-20T19:30:54.0706151Z     |   File "/opt/hostedtoolcache/Python/3.11.13/x64/lib/python3.11/site-packages/starlette/responses.py", line 184, in __init__
2025-08-20T19:30:54.0707211Z     |     super().__init__(content, status_code, headers, media_type, background)
2025-08-20T19:30:54.0708275Z     |   File "/opt/hostedtoolcache/Python/3.11.13/x64/lib/python3.11/site-packages/starlette/responses.py", line 41, in __init__
2025-08-20T19:30:54.0709075Z     |     self.body = self.render(content)
2025-08-20T19:30:54.0709435Z     |                 ^^^^^^^^^^^^^^^^^^^^
2025-08-20T19:30:54.0710358Z     |   File "/opt/hostedtoolcache/Python/3.11.13/x64/lib/python3.11/site-packages/starlette/responses.py", line 187, in render
2025-08-20T19:30:54.0711130Z     |     return json.dumps(
2025-08-20T19:30:54.0711427Z     |            ^^^^^^^^^^^
2025-08-20T19:30:54.0712005Z     |   File "/opt/hostedtoolcache/Python/3.11.13/x64/lib/python3.11/json/__init__.py", line 238, in dumps
2025-08-20T19:30:54.0712636Z     |     **kw).encode(obj)
2025-08-20T19:30:54.0712912Z     |           ^^^^^^^^^^^
2025-08-20T19:30:54.0713476Z     |   File "/opt/hostedtoolcache/Python/3.11.13/x64/lib/python3.11/json/encoder.py", line 200, in encode
2025-08-20T19:30:54.0714139Z     |     chunks = self.iterencode(o, _one_shot=True)
2025-08-20T19:30:54.0714526Z     |              ^^^^^^^^^^^^^^^^^^^^^^^^^^^^^^^^^^
2025-08-20T19:30:54.0715171Z     |   File "/opt/hostedtoolcache/Python/3.11.13/x64/lib/python3.11/json/encoder.py", line 258, in iterencode
2025-08-20T19:30:54.0715875Z     |     return _iterencode(o, 0)
2025-08-20T19:30:54.0716195Z     |            ^^^^^^^^^^^^^^^^^
2025-08-20T19:30:54.0716969Z     |   File "/opt/hostedtoolcache/Python/3.11.13/x64/lib/python3.11/json/encoder.py", line 180, in default
2025-08-20T19:30:54.0717706Z     |     raise TypeError(f'Object of type {o.__class__.__name__} '
2025-08-20T19:30:54.0718239Z     | TypeError: Object of type bytes is not JSON serializable
2025-08-20T19:30:54.0718682Z     +------------------------------------
2025-08-20T19:30:54.0719048Z 
2025-08-20T19:30:54.0719294Z During handling of the above exception, another exception occurred:
2025-08-20T19:30:54.0719900Z tests/unit/routers/test_auth.py:103: in test_login_nonexistent_user
2025-08-20T19:30:54.0720386Z     response = client.post(
2025-08-20T19:30:54.0721019Z /opt/hostedtoolcache/Python/3.11.13/x64/lib/python3.11/site-packages/starlette/testclient.py:633: in post
2025-08-20T19:30:54.0721700Z     return super().post(
2025-08-20T19:30:54.0722273Z /opt/hostedtoolcache/Python/3.11.13/x64/lib/python3.11/site-packages/httpx/_client.py:1145: in post
2025-08-20T19:30:54.0722927Z     return self.request(
2025-08-20T19:30:54.0723554Z /opt/hostedtoolcache/Python/3.11.13/x64/lib/python3.11/site-packages/starlette/testclient.py:516: in request
2025-08-20T19:30:54.0724231Z     return super().request(
2025-08-20T19:30:54.0724829Z /opt/hostedtoolcache/Python/3.11.13/x64/lib/python3.11/site-packages/httpx/_client.py:827: in request
2025-08-20T19:30:54.0725623Z     return self.send(request, auth=auth, follow_redirects=follow_redirects)
2025-08-20T19:30:54.0726525Z /opt/hostedtoolcache/Python/3.11.13/x64/lib/python3.11/site-packages/httpx/_client.py:914: in send
2025-08-20T19:30:54.0727180Z     response = self._send_handling_auth(
2025-08-20T19:30:54.0727929Z /opt/hostedtoolcache/Python/3.11.13/x64/lib/python3.11/site-packages/httpx/_client.py:942: in _send_handling_auth
2025-08-20T19:30:54.0728678Z     response = self._send_handling_redirects(
2025-08-20T19:30:54.0729432Z /opt/hostedtoolcache/Python/3.11.13/x64/lib/python3.11/site-packages/httpx/_client.py:979: in _send_handling_redirects
2025-08-20T19:30:54.0730218Z     response = self._send_single_request(request)
2025-08-20T19:30:54.0730956Z /opt/hostedtoolcache/Python/3.11.13/x64/lib/python3.11/site-packages/httpx/_client.py:1015: in _send_single_request
2025-08-20T19:30:54.0731715Z     response = transport.handle_request(request)
2025-08-20T19:30:54.0732466Z /opt/hostedtoolcache/Python/3.11.13/x64/lib/python3.11/site-packages/starlette/testclient.py:398: in handle_request
2025-08-20T19:30:54.0733175Z     raise exc
2025-08-20T19:30:54.0733776Z /opt/hostedtoolcache/Python/3.11.13/x64/lib/python3.11/site-packages/starlette/testclient.py:395: in handle_request
2025-08-20T19:30:54.0734523Z     portal.call(self.app, scope, receive, send)
2025-08-20T19:30:54.0735363Z /opt/hostedtoolcache/Python/3.11.13/x64/lib/python3.11/site-packages/anyio/from_thread.py:291: in call
2025-08-20T19:30:54.0736157Z     return cast(T_Retval, self.start_task_soon(func, *args).result())
2025-08-20T19:30:54.0737238Z /opt/hostedtoolcache/Python/3.11.13/x64/lib/python3.11/concurrent/futures/_base.py:456: in result
2025-08-20T19:30:54.0737880Z     return self.__get_result()
2025-08-20T19:30:54.0738507Z /opt/hostedtoolcache/Python/3.11.13/x64/lib/python3.11/concurrent/futures/_base.py:401: in __get_result
2025-08-20T19:30:54.0739159Z     raise self._exception
2025-08-20T19:30:54.0739775Z /opt/hostedtoolcache/Python/3.11.13/x64/lib/python3.11/site-packages/anyio/from_thread.py:222: in _call_func
2025-08-20T19:30:54.0740466Z     retval = await retval_or_awaitable
2025-08-20T19:30:54.0741158Z /opt/hostedtoolcache/Python/3.11.13/x64/lib/python3.11/site-packages/fastapi/applications.py:1054: in __call__
2025-08-20T19:30:54.0741882Z     await super().__call__(scope, receive, send)
2025-08-20T19:30:54.0742608Z /opt/hostedtoolcache/Python/3.11.13/x64/lib/python3.11/site-packages/starlette/applications.py:123: in __call__
2025-08-20T19:30:54.0743361Z     await self.middleware_stack(scope, receive, send)
2025-08-20T19:30:54.0744159Z /opt/hostedtoolcache/Python/3.11.13/x64/lib/python3.11/site-packages/starlette/middleware/errors.py:186: in __call__
2025-08-20T19:30:54.0744855Z     raise exc
2025-08-20T19:30:54.0745498Z /opt/hostedtoolcache/Python/3.11.13/x64/lib/python3.11/site-packages/starlette/middleware/errors.py:164: in __call__
2025-08-20T19:30:54.0746259Z     await self.app(scope, receive, _send)
2025-08-20T19:30:54.0747128Z /opt/hostedtoolcache/Python/3.11.13/x64/lib/python3.11/site-packages/starlette/middleware/cors.py:85: in __call__
2025-08-20T19:30:54.0747868Z     await self.app(scope, receive, send)
2025-08-20T19:30:54.0748576Z /opt/hostedtoolcache/Python/3.11.13/x64/lib/python3.11/site-packages/starlette/middleware/base.py:189: in __call__
2025-08-20T19:30:54.0749319Z     with collapse_excgroups():
2025-08-20T19:30:54.0749853Z /opt/hostedtoolcache/Python/3.11.13/x64/lib/python3.11/contextlib.py:158: in __exit__
2025-08-20T19:30:54.0750444Z     self.gen.throw(typ, value, traceback)
2025-08-20T19:30:54.0751169Z /opt/hostedtoolcache/Python/3.11.13/x64/lib/python3.11/site-packages/starlette/_utils.py:93: in collapse_excgroups
2025-08-20T19:30:54.0751880Z     raise exc
2025-08-20T19:30:54.0752505Z /opt/hostedtoolcache/Python/3.11.13/x64/lib/python3.11/site-packages/starlette/middleware/base.py:191: in __call__
2025-08-20T19:30:54.0753295Z     response = await self.dispatch_func(request, call_next)
2025-08-20T19:30:54.0753737Z app/main.py:88: in dispatch
2025-08-20T19:30:54.0754050Z     response = await call_next(request)
2025-08-20T19:30:54.0754762Z /opt/hostedtoolcache/Python/3.11.13/x64/lib/python3.11/site-packages/starlette/middleware/base.py:165: in call_next
2025-08-20T19:30:54.0755480Z     raise app_exc
2025-08-20T19:30:54.0756071Z /opt/hostedtoolcache/Python/3.11.13/x64/lib/python3.11/site-packages/starlette/middleware/base.py:151: in coro
2025-08-20T19:30:54.0757028Z     await self.app(scope, receive_or_disconnect, send_no_error)
2025-08-20T19:30:54.0757839Z /opt/hostedtoolcache/Python/3.11.13/x64/lib/python3.11/site-packages/starlette/middleware/base.py:189: in __call__
2025-08-20T19:30:54.0758559Z     with collapse_excgroups():
2025-08-20T19:30:54.0759085Z /opt/hostedtoolcache/Python/3.11.13/x64/lib/python3.11/contextlib.py:158: in __exit__
2025-08-20T19:30:54.0759665Z     self.gen.throw(typ, value, traceback)
2025-08-20T19:30:54.0760378Z /opt/hostedtoolcache/Python/3.11.13/x64/lib/python3.11/site-packages/starlette/_utils.py:93: in collapse_excgroups
2025-08-20T19:30:54.0761064Z     raise exc
2025-08-20T19:30:54.0761668Z /opt/hostedtoolcache/Python/3.11.13/x64/lib/python3.11/site-packages/starlette/middleware/base.py:191: in __call__
2025-08-20T19:30:54.0762436Z     response = await self.dispatch_func(request, call_next)
2025-08-20T19:30:54.0762861Z app/main.py:138: in dispatch
2025-08-20T19:30:54.0763347Z     response = await call_next(request)
2025-08-20T19:30:54.0764075Z /opt/hostedtoolcache/Python/3.11.13/x64/lib/python3.11/site-packages/starlette/middleware/base.py:165: in call_next
2025-08-20T19:30:54.0764951Z     raise app_exc
2025-08-20T19:30:54.0765545Z /opt/hostedtoolcache/Python/3.11.13/x64/lib/python3.11/site-packages/starlette/middleware/base.py:151: in coro
2025-08-20T19:30:54.0766317Z     await self.app(scope, receive_or_disconnect, send_no_error)
2025-08-20T19:30:54.0767276Z /opt/hostedtoolcache/Python/3.11.13/x64/lib/python3.11/site-packages/starlette/middleware/exceptions.py:65: in __call__
2025-08-20T19:30:54.0768192Z     await wrap_app_handling_exceptions(self.app, conn)(scope, receive, send)
2025-08-20T19:30:54.0769093Z /opt/hostedtoolcache/Python/3.11.13/x64/lib/python3.11/site-packages/starlette/_exception_handler.py:64: in wrapped_app
2025-08-20T19:30:54.0769809Z     raise exc
2025-08-20T19:30:54.0770457Z /opt/hostedtoolcache/Python/3.11.13/x64/lib/python3.11/site-packages/starlette/_exception_handler.py:53: in wrapped_app
2025-08-20T19:30:54.0771214Z     await app(scope, receive, sender)
2025-08-20T19:30:54.0771882Z /opt/hostedtoolcache/Python/3.11.13/x64/lib/python3.11/site-packages/starlette/routing.py:756: in __call__
2025-08-20T19:30:54.0772630Z     await self.middleware_stack(scope, receive, send)
2025-08-20T19:30:54.0773312Z /opt/hostedtoolcache/Python/3.11.13/x64/lib/python3.11/site-packages/starlette/routing.py:776: in app
2025-08-20T19:30:54.0773999Z     await route.handle(scope, receive, send)
2025-08-20T19:30:54.0774695Z /opt/hostedtoolcache/Python/3.11.13/x64/lib/python3.11/site-packages/starlette/routing.py:297: in handle
2025-08-20T19:30:54.0775383Z     await self.app(scope, receive, send)
2025-08-20T19:30:54.0776011Z /opt/hostedtoolcache/Python/3.11.13/x64/lib/python3.11/site-packages/starlette/routing.py:77: in app
2025-08-20T19:30:54.0776938Z     await wrap_app_handling_exceptions(app, request)(scope, receive, send)
2025-08-20T19:30:54.0777826Z /opt/hostedtoolcache/Python/3.11.13/x64/lib/python3.11/site-packages/starlette/_exception_handler.py:75: in wrapped_app
2025-08-20T19:30:54.0778598Z     response = await handler(conn, exc)
2025-08-20T19:30:54.0779001Z app/main.py:179: in validation_exception_handler
2025-08-20T19:30:54.0779391Z     response = JSONResponse(
2025-08-20T19:30:54.0780037Z /opt/hostedtoolcache/Python/3.11.13/x64/lib/python3.11/site-packages/starlette/responses.py:184: in __init__
2025-08-20T19:30:54.0780843Z     super().__init__(content, status_code, headers, media_type, background)
2025-08-20T19:30:54.0781641Z /opt/hostedtoolcache/Python/3.11.13/x64/lib/python3.11/site-packages/starlette/responses.py:41: in __init__
2025-08-20T19:30:54.0782340Z     self.body = self.render(content)
2025-08-20T19:30:54.0783009Z /opt/hostedtoolcache/Python/3.11.13/x64/lib/python3.11/site-packages/starlette/responses.py:187: in render
2025-08-20T19:30:54.0783675Z     return json.dumps(
2025-08-20T19:30:54.0784176Z /opt/hostedtoolcache/Python/3.11.13/x64/lib/python3.11/json/__init__.py:238: in dumps
2025-08-20T19:30:54.0784739Z     **kw).encode(obj)
2025-08-20T19:30:54.0785215Z /opt/hostedtoolcache/Python/3.11.13/x64/lib/python3.11/json/encoder.py:200: in encode
2025-08-20T19:30:54.0785851Z     chunks = self.iterencode(o, _one_shot=True)
2025-08-20T19:30:54.0786641Z /opt/hostedtoolcache/Python/3.11.13/x64/lib/python3.11/json/encoder.py:258: in iterencode
2025-08-20T19:30:54.0787231Z     return _iterencode(o, 0)
2025-08-20T19:30:54.0787771Z /opt/hostedtoolcache/Python/3.11.13/x64/lib/python3.11/json/encoder.py:180: in default
2025-08-20T19:30:54.0788412Z     raise TypeError(f'Object of type {o.__class__.__name__} '
2025-08-20T19:30:54.0788934Z E   TypeError: Object of type bytes is not JSON serializable
2025-08-20T19:30:54.0789510Z ------------------------------ Captured log setup ------------------------------
2025-08-20T19:30:54.0790329Z WARNING  app.utils.run_migrations:run_migrations.py:39 Table prices does not exist, skipping index idx_price_asset_date
2025-08-20T19:30:54.0791524Z WARNING  app.utils.run_migrations:run_migrations.py:39 Table prices does not exist, skipping index idx_price_date
2025-08-20T19:30:54.0792531Z WARNING  app.utils.run_migrations:run_migrations.py:39 Table prices does not exist, skipping index idx_price_asset_id
2025-08-20T19:30:54.0793750Z WARNING  app.utils.run_migrations:run_migrations.py:39 Table allocations does not exist, skipping index idx_allocation_date
2025-08-20T19:30:54.0794872Z WARNING  app.utils.run_migrations:run_migrations.py:39 Table allocations does not exist, skipping index idx_allocation_asset_date
2025-08-20T19:30:54.0795980Z WARNING  app.utils.run_migrations:run_migrations.py:39 Table index_values does not exist, skipping index idx_index_value_date
2025-08-20T19:30:54.0797357Z ERROR    app.utils.run_migrations:run_migrations.py:169 Google auth migration failed: (psycopg2.errors.UndefinedTable) relation "users" does not exist
2025-08-20T19:30:54.0798082Z 
2025-08-20T19:30:54.0798172Z [SQL: 
2025-08-20T19:30:54.0798411Z                 ALTER TABLE users 
2025-08-20T19:30:54.0798799Z                 ADD COLUMN is_google_user BOOLEAN DEFAULT FALSE
2025-08-20T19:30:54.0799178Z             ]
2025-08-20T19:30:54.0799549Z (Background on this error at: https://sqlalche.me/e/20/f405)
2025-08-20T19:30:54.0800195Z ERROR    app.utils.run_migrations:run_migrations.py:188 Migration google_auth failed
2025-08-20T19:30:54.0800900Z WARNING  app.main:main.py:45 Some database migrations failed - check logs
2025-08-20T19:30:54.0801485Z ------------------------------ Captured log call -------------------------------
2025-08-20T19:30:54.0802174Z ERROR    app.main:main.py:188 Unhandled exception: Object of type bytes is not JSON serializable
2025-08-20T19:30:54.0802822Z   + Exception Group Traceback (most recent call last):
2025-08-20T19:30:54.0803659Z   |   File "/opt/hostedtoolcache/Python/3.11.13/x64/lib/python3.11/site-packages/starlette/_utils.py", line 87, in collapse_excgroups
2025-08-20T19:30:54.0804421Z   |     yield
2025-08-20T19:30:54.0805099Z   |   File "/opt/hostedtoolcache/Python/3.11.13/x64/lib/python3.11/site-packages/starlette/middleware/base.py", line 190, in __call__
2025-08-20T19:30:54.0805943Z   |     async with anyio.create_task_group() as task_group:
2025-08-20T19:30:54.0806973Z   |   File "/opt/hostedtoolcache/Python/3.11.13/x64/lib/python3.11/site-packages/anyio/_backends/_asyncio.py", line 772, in __aexit__
2025-08-20T19:30:54.0807753Z   |     raise BaseExceptionGroup(
2025-08-20T19:30:54.0808232Z   | ExceptionGroup: unhandled errors in a TaskGroup (1 sub-exception)
2025-08-20T19:30:54.0808704Z   +-+---------------- 1 ----------------
2025-08-20T19:30:54.0809059Z     | Traceback (most recent call last):
2025-08-20T19:30:54.0809847Z     |   File "/opt/hostedtoolcache/Python/3.11.13/x64/lib/python3.11/site-packages/starlette/middleware/errors.py", line 164, in __call__
2025-08-20T19:30:54.0810689Z     |     await self.app(scope, receive, _send)
2025-08-20T19:30:54.0811494Z     |   File "/opt/hostedtoolcache/Python/3.11.13/x64/lib/python3.11/site-packages/starlette/middleware/cors.py", line 85, in __call__
2025-08-20T19:30:54.0812297Z     |     await self.app(scope, receive, send)
2025-08-20T19:30:54.0813105Z     |   File "/opt/hostedtoolcache/Python/3.11.13/x64/lib/python3.11/site-packages/starlette/middleware/base.py", line 189, in __call__
2025-08-20T19:30:54.0813908Z     |     with collapse_excgroups():
2025-08-20T19:30:54.0814515Z     |   File "/opt/hostedtoolcache/Python/3.11.13/x64/lib/python3.11/contextlib.py", line 158, in __exit__
2025-08-20T19:30:54.0815149Z     |     self.gen.throw(typ, value, traceback)
2025-08-20T19:30:54.0815971Z     |   File "/opt/hostedtoolcache/Python/3.11.13/x64/lib/python3.11/site-packages/starlette/_utils.py", line 93, in collapse_excgroups
2025-08-20T19:30:54.0816866Z     |     raise exc
2025-08-20T19:30:54.0817543Z     |   File "/opt/hostedtoolcache/Python/3.11.13/x64/lib/python3.11/site-packages/starlette/middleware/base.py", line 191, in __call__
2025-08-20T19:30:54.0818393Z     |     response = await self.dispatch_func(request, call_next)
2025-08-20T19:30:54.0818984Z     |                ^^^^^^^^^^^^^^^^^^^^^^^^^^^^^^^^^^^^^^^^^^^^
2025-08-20T19:30:54.0819611Z     |   File "/home/runner/work/AI-Investment/AI-Investment/apps/api/app/main.py", line 88, in dispatch
2025-08-20T19:30:54.0820388Z     |     response = await call_next(request)
2025-08-20T19:30:54.0820749Z     |                ^^^^^^^^^^^^^^^^^^^^^^^^
2025-08-20T19:30:54.0821539Z     |   File "/opt/hostedtoolcache/Python/3.11.13/x64/lib/python3.11/site-packages/starlette/middleware/base.py", line 165, in call_next
2025-08-20T19:30:54.0822316Z     |     raise app_exc
2025-08-20T19:30:54.0823009Z     |   File "/opt/hostedtoolcache/Python/3.11.13/x64/lib/python3.11/site-packages/starlette/middleware/base.py", line 151, in coro
2025-08-20T19:30:54.0823856Z     |     await self.app(scope, receive_or_disconnect, send_no_error)
2025-08-20T19:30:54.0824726Z     |   File "/opt/hostedtoolcache/Python/3.11.13/x64/lib/python3.11/site-packages/starlette/middleware/base.py", line 189, in __call__
2025-08-20T19:30:54.0825516Z     |     with collapse_excgroups():
2025-08-20T19:30:54.0826129Z     |   File "/opt/hostedtoolcache/Python/3.11.13/x64/lib/python3.11/contextlib.py", line 158, in __exit__
2025-08-20T19:30:54.0826938Z     |     self.gen.throw(typ, value, traceback)
2025-08-20T19:30:54.0827734Z     |   File "/opt/hostedtoolcache/Python/3.11.13/x64/lib/python3.11/site-packages/starlette/_utils.py", line 93, in collapse_excgroups
2025-08-20T19:30:54.0828486Z     |     raise exc
2025-08-20T19:30:54.0829169Z     |   File "/opt/hostedtoolcache/Python/3.11.13/x64/lib/python3.11/site-packages/starlette/middleware/base.py", line 191, in __call__
2025-08-20T19:30:54.0830013Z     |     response = await self.dispatch_func(request, call_next)
2025-08-20T19:30:54.0830443Z     |                ^^^^^^^^^^^^^^^^^^^^^^^^^^^^^^^^^^^^^^^^^^^^
2025-08-20T19:30:54.0831065Z     |   File "/home/runner/work/AI-Investment/AI-Investment/apps/api/app/main.py", line 138, in dispatch
2025-08-20T19:30:54.0831713Z     |     response = await call_next(request)
2025-08-20T19:30:54.0832074Z     |                ^^^^^^^^^^^^^^^^^^^^^^^^
2025-08-20T19:30:54.0832825Z     |   File "/opt/hostedtoolcache/Python/3.11.13/x64/lib/python3.11/site-packages/starlette/middleware/base.py", line 165, in call_next
2025-08-20T19:30:54.0833600Z     |     raise app_exc
2025-08-20T19:30:54.0834269Z     |   File "/opt/hostedtoolcache/Python/3.11.13/x64/lib/python3.11/site-packages/starlette/middleware/base.py", line 151, in coro
2025-08-20T19:30:54.0835120Z     |     await self.app(scope, receive_or_disconnect, send_no_error)
2025-08-20T19:30:54.0836040Z     |   File "/opt/hostedtoolcache/Python/3.11.13/x64/lib/python3.11/site-packages/starlette/middleware/exceptions.py", line 65, in __call__
2025-08-20T19:30:54.0837185Z     |     await wrap_app_handling_exceptions(self.app, conn)(scope, receive, send)
2025-08-20T19:30:54.0838163Z     |   File "/opt/hostedtoolcache/Python/3.11.13/x64/lib/python3.11/site-packages/starlette/_exception_handler.py", line 64, in wrapped_app
2025-08-20T19:30:54.0838954Z     |     raise exc
2025-08-20T19:30:54.0839664Z     |   File "/opt/hostedtoolcache/Python/3.11.13/x64/lib/python3.11/site-packages/starlette/_exception_handler.py", line 53, in wrapped_app
2025-08-20T19:30:54.0840499Z     |     await app(scope, receive, sender)
2025-08-20T19:30:54.0841236Z     |   File "/opt/hostedtoolcache/Python/3.11.13/x64/lib/python3.11/site-packages/starlette/routing.py", line 756, in __call__
2025-08-20T19:30:54.0842031Z     |     await self.middleware_stack(scope, receive, send)
2025-08-20T19:30:54.0842800Z     |   File "/opt/hostedtoolcache/Python/3.11.13/x64/lib/python3.11/site-packages/starlette/routing.py", line 776, in app
2025-08-20T19:30:54.0843586Z     |     await route.handle(scope, receive, send)
2025-08-20T19:30:54.0844342Z     |   File "/opt/hostedtoolcache/Python/3.11.13/x64/lib/python3.11/site-packages/starlette/routing.py", line 297, in handle
2025-08-20T19:30:54.0845119Z     |     await self.app(scope, receive, send)
2025-08-20T19:30:54.0846027Z     |   File "/opt/hostedtoolcache/Python/3.11.13/x64/lib/python3.11/site-packages/starlette/routing.py", line 77, in app
2025-08-20T19:30:54.0847174Z     |     await wrap_app_handling_exceptions(app, request)(scope, receive, send)
2025-08-20T19:30:54.0848152Z     |   File "/opt/hostedtoolcache/Python/3.11.13/x64/lib/python3.11/site-packages/starlette/_exception_handler.py", line 75, in wrapped_app
2025-08-20T19:30:54.0848989Z     |     response = await handler(conn, exc)
2025-08-20T19:30:54.0849365Z     |                ^^^^^^^^^^^^^^^^^^^^^^^^
2025-08-20T19:30:54.0850086Z     |   File "/home/runner/work/AI-Investment/AI-Investment/apps/api/app/main.py", line 179, in validation_exception_handler
2025-08-20T19:30:54.0850825Z     |     response = JSONResponse(
2025-08-20T19:30:54.0851147Z     |                ^^^^^^^^^^^^^
2025-08-20T19:30:54.0851847Z     |   File "/opt/hostedtoolcache/Python/3.11.13/x64/lib/python3.11/site-packages/starlette/responses.py", line 184, in __init__
2025-08-20T19:30:54.0852735Z     |     super().__init__(content, status_code, headers, media_type, background)
2025-08-20T19:30:54.0853599Z     |   File "/opt/hostedtoolcache/Python/3.11.13/x64/lib/python3.11/site-packages/starlette/responses.py", line 41, in __init__
2025-08-20T19:30:54.0854377Z     |     self.body = self.render(content)
2025-08-20T19:30:54.0854733Z     |                 ^^^^^^^^^^^^^^^^^^^^
2025-08-20T19:30:54.0855452Z     |   File "/opt/hostedtoolcache/Python/3.11.13/x64/lib/python3.11/site-packages/starlette/responses.py", line 187, in render
2025-08-20T19:30:54.0856187Z     |     return json.dumps(
2025-08-20T19:30:54.0856624Z     |            ^^^^^^^^^^^
2025-08-20T19:30:54.0857189Z     |   File "/opt/hostedtoolcache/Python/3.11.13/x64/lib/python3.11/json/__init__.py", line 238, in dumps
2025-08-20T19:30:54.0857789Z     |     **kw).encode(obj)
2025-08-20T19:30:54.0858063Z     |           ^^^^^^^^^^^
2025-08-20T19:30:54.0858614Z     |   File "/opt/hostedtoolcache/Python/3.11.13/x64/lib/python3.11/json/encoder.py", line 200, in encode
2025-08-20T19:30:54.0859262Z     |     chunks = self.iterencode(o, _one_shot=True)
2025-08-20T19:30:54.0859655Z     |              ^^^^^^^^^^^^^^^^^^^^^^^^^^^^^^^^^^
2025-08-20T19:30:54.0860289Z     |   File "/opt/hostedtoolcache/Python/3.11.13/x64/lib/python3.11/json/encoder.py", line 258, in iterencode
2025-08-20T19:30:54.0860946Z     |     return _iterencode(o, 0)
2025-08-20T19:30:54.0861276Z     |            ^^^^^^^^^^^^^^^^^
2025-08-20T19:30:54.0861850Z     |   File "/opt/hostedtoolcache/Python/3.11.13/x64/lib/python3.11/json/encoder.py", line 180, in default
2025-08-20T19:30:54.0862552Z     |     raise TypeError(f'Object of type {o.__class__.__name__} '
2025-08-20T19:30:54.0863057Z     | TypeError: Object of type bytes is not JSON serializable
2025-08-20T19:30:54.0863486Z     +------------------------------------
2025-08-20T19:30:54.0863716Z 
2025-08-20T19:30:54.0863957Z During handling of the above exception, another exception occurred:
2025-08-20T19:30:54.0864317Z 
2025-08-20T19:30:54.0864446Z Traceback (most recent call last):
2025-08-20T19:30:54.0872146Z   File "/opt/hostedtoolcache/Python/3.11.13/x64/lib/python3.11/site-packages/starlette/middleware/errors.py", line 164, in __call__
2025-08-20T19:30:54.0873075Z     await self.app(scope, receive, _send)
2025-08-20T19:30:54.0873978Z   File "/opt/hostedtoolcache/Python/3.11.13/x64/lib/python3.11/site-packages/starlette/middleware/cors.py", line 85, in __call__
2025-08-20T19:30:54.0874817Z     await self.app(scope, receive, send)
2025-08-20T19:30:54.0875673Z   File "/opt/hostedtoolcache/Python/3.11.13/x64/lib/python3.11/site-packages/starlette/middleware/base.py", line 189, in __call__
2025-08-20T19:30:54.0876721Z     with collapse_excgroups():
2025-08-20T19:30:54.0877341Z   File "/opt/hostedtoolcache/Python/3.11.13/x64/lib/python3.11/contextlib.py", line 158, in __exit__
2025-08-20T19:30:54.0877807Z     self.gen.throw(typ, value, traceback)
2025-08-20T19:30:54.0878587Z   File "/opt/hostedtoolcache/Python/3.11.13/x64/lib/python3.11/site-packages/starlette/_utils.py", line 93, in collapse_excgroups
2025-08-20T19:30:54.0879117Z     raise exc
2025-08-20T19:30:54.0879605Z   File "/opt/hostedtoolcache/Python/3.11.13/x64/lib/python3.11/site-packages/starlette/middleware/base.py", line 191, in __call__
2025-08-20T19:30:54.0880301Z     response = await self.dispatch_func(request, call_next)
2025-08-20T19:30:54.0880616Z                ^^^^^^^^^^^^^^^^^^^^^^^^^^^^^^^^^^^^^^^^^^^^
2025-08-20T19:30:54.0881069Z   File "/home/runner/work/AI-Investment/AI-Investment/apps/api/app/main.py", line 88, in dispatch
2025-08-20T19:30:54.0881491Z     response = await call_next(request)
2025-08-20T19:30:54.0881719Z                ^^^^^^^^^^^^^^^^^^^^^^^^
2025-08-20T19:30:54.0882252Z   File "/opt/hostedtoolcache/Python/3.11.13/x64/lib/python3.11/site-packages/starlette/middleware/base.py", line 165, in call_next
2025-08-20T19:30:54.0882789Z     raise app_exc
2025-08-20T19:30:54.0883266Z   File "/opt/hostedtoolcache/Python/3.11.13/x64/lib/python3.11/site-packages/starlette/middleware/base.py", line 151, in coro
2025-08-20T19:30:54.0883836Z     await self.app(scope, receive_or_disconnect, send_no_error)
2025-08-20T19:30:54.0884442Z   File "/opt/hostedtoolcache/Python/3.11.13/x64/lib/python3.11/site-packages/starlette/middleware/base.py", line 189, in __call__
2025-08-20T19:30:54.0884961Z     with collapse_excgroups():
2025-08-20T19:30:54.0885380Z   File "/opt/hostedtoolcache/Python/3.11.13/x64/lib/python3.11/contextlib.py", line 158, in __exit__
2025-08-20T19:30:54.0885802Z     self.gen.throw(typ, value, traceback)
2025-08-20T19:30:54.0886352Z   File "/opt/hostedtoolcache/Python/3.11.13/x64/lib/python3.11/site-packages/starlette/_utils.py", line 93, in collapse_excgroups
2025-08-20T19:30:54.0887024Z     raise exc
2025-08-20T19:30:54.0887493Z   File "/opt/hostedtoolcache/Python/3.11.13/x64/lib/python3.11/site-packages/starlette/middleware/base.py", line 191, in __call__
2025-08-20T19:30:54.0888055Z     response = await self.dispatch_func(request, call_next)
2025-08-20T19:30:54.0888344Z                ^^^^^^^^^^^^^^^^^^^^^^^^^^^^^^^^^^^^^^^^^^^^
2025-08-20T19:30:54.0888778Z   File "/home/runner/work/AI-Investment/AI-Investment/apps/api/app/main.py", line 138, in dispatch
2025-08-20T19:30:54.0889207Z     response = await call_next(request)
2025-08-20T19:30:54.0889429Z                ^^^^^^^^^^^^^^^^^^^^^^^^
2025-08-20T19:30:54.0889952Z   File "/opt/hostedtoolcache/Python/3.11.13/x64/lib/python3.11/site-packages/starlette/middleware/base.py", line 165, in call_next
2025-08-20T19:30:54.0890471Z     raise app_exc
2025-08-20T19:30:54.0890935Z   File "/opt/hostedtoolcache/Python/3.11.13/x64/lib/python3.11/site-packages/starlette/middleware/base.py", line 151, in coro
2025-08-20T19:30:54.0891496Z     await self.app(scope, receive_or_disconnect, send_no_error)
2025-08-20T19:30:54.0892118Z   File "/opt/hostedtoolcache/Python/3.11.13/x64/lib/python3.11/site-packages/starlette/middleware/exceptions.py", line 65, in __call__
2025-08-20T19:30:54.0892757Z     await wrap_app_handling_exceptions(self.app, conn)(scope, receive, send)
2025-08-20T19:30:54.0893409Z   File "/opt/hostedtoolcache/Python/3.11.13/x64/lib/python3.11/site-packages/starlette/_exception_handler.py", line 64, in wrapped_app
2025-08-20T19:30:54.0893933Z     raise exc
2025-08-20T19:30:54.0894410Z   File "/opt/hostedtoolcache/Python/3.11.13/x64/lib/python3.11/site-packages/starlette/_exception_handler.py", line 53, in wrapped_app
2025-08-20T19:30:54.0894948Z     await app(scope, receive, sender)
2025-08-20T19:30:54.0895457Z   File "/opt/hostedtoolcache/Python/3.11.13/x64/lib/python3.11/site-packages/starlette/routing.py", line 756, in __call__
2025-08-20T19:30:54.0895974Z     await self.middleware_stack(scope, receive, send)
2025-08-20T19:30:54.0896615Z   File "/opt/hostedtoolcache/Python/3.11.13/x64/lib/python3.11/site-packages/starlette/routing.py", line 776, in app
2025-08-20T19:30:54.0897106Z     await route.handle(scope, receive, send)
2025-08-20T19:30:54.0897733Z   File "/opt/hostedtoolcache/Python/3.11.13/x64/lib/python3.11/site-packages/starlette/routing.py", line 297, in handle
2025-08-20T19:30:54.0898224Z     await self.app(scope, receive, send)
2025-08-20T19:30:54.0898809Z   File "/opt/hostedtoolcache/Python/3.11.13/x64/lib/python3.11/site-packages/starlette/routing.py", line 77, in app
2025-08-20T19:30:54.0899366Z     await wrap_app_handling_exceptions(app, request)(scope, receive, send)
2025-08-20T19:30:54.0900008Z   File "/opt/hostedtoolcache/Python/3.11.13/x64/lib/python3.11/site-packages/starlette/_exception_handler.py", line 75, in wrapped_app
2025-08-20T19:30:54.0900542Z     response = await handler(conn, exc)
2025-08-20T19:30:54.0900769Z                ^^^^^^^^^^^^^^^^^^^^^^^^
2025-08-20T19:30:54.0901263Z   File "/home/runner/work/AI-Investment/AI-Investment/apps/api/app/main.py", line 179, in validation_exception_handler
2025-08-20T19:30:54.0901743Z     response = JSONResponse(
2025-08-20T19:30:54.0901960Z                ^^^^^^^^^^^^^
2025-08-20T19:30:54.0902475Z   File "/opt/hostedtoolcache/Python/3.11.13/x64/lib/python3.11/site-packages/starlette/responses.py", line 184, in __init__
2025-08-20T19:30:54.0903086Z     super().__init__(content, status_code, headers, media_type, background)
2025-08-20T19:30:54.0903708Z   File "/opt/hostedtoolcache/Python/3.11.13/x64/lib/python3.11/site-packages/starlette/responses.py", line 41, in __init__
2025-08-20T19:30:54.0904204Z     self.body = self.render(content)
2025-08-20T19:30:54.0904429Z                 ^^^^^^^^^^^^^^^^^^^^
2025-08-20T19:30:54.0904920Z   File "/opt/hostedtoolcache/Python/3.11.13/x64/lib/python3.11/site-packages/starlette/responses.py", line 187, in render
2025-08-20T19:30:54.0905401Z     return json.dumps(
2025-08-20T19:30:54.0905586Z            ^^^^^^^^^^^
2025-08-20T19:30:54.0905959Z   File "/opt/hostedtoolcache/Python/3.11.13/x64/lib/python3.11/json/__init__.py", line 238, in dumps
2025-08-20T19:30:54.0906477Z     **kw).encode(obj)
2025-08-20T19:30:54.0906659Z           ^^^^^^^^^^^
2025-08-20T19:30:54.0907059Z   File "/opt/hostedtoolcache/Python/3.11.13/x64/lib/python3.11/json/encoder.py", line 200, in encode
2025-08-20T19:30:54.0907500Z     chunks = self.iterencode(o, _one_shot=True)
2025-08-20T19:30:54.0907756Z              ^^^^^^^^^^^^^^^^^^^^^^^^^^^^^^^^^^
2025-08-20T19:30:54.0908199Z   File "/opt/hostedtoolcache/Python/3.11.13/x64/lib/python3.11/json/encoder.py", line 258, in iterencode
2025-08-20T19:30:54.0908629Z     return _iterencode(o, 0)
2025-08-20T19:30:54.0908828Z            ^^^^^^^^^^^^^^^^^
2025-08-20T19:30:54.0909225Z   File "/opt/hostedtoolcache/Python/3.11.13/x64/lib/python3.11/json/encoder.py", line 180, in default
2025-08-20T19:30:54.0909722Z     raise TypeError(f'Object of type {o.__class__.__name__} '
2025-08-20T19:30:54.0910070Z TypeError: Object of type bytes is not JSON serializable
2025-08-20T19:30:54.0910498Z ERROR    app.main:main.py:189 Traceback:   + Exception Group Traceback (most recent call last):
2025-08-20T19:30:54.0911168Z   |   File "/opt/hostedtoolcache/Python/3.11.13/x64/lib/python3.11/site-packages/starlette/_utils.py", line 87, in collapse_excgroups
2025-08-20T19:30:54.0911677Z   |     yield
2025-08-20T19:30:54.0912130Z   |   File "/opt/hostedtoolcache/Python/3.11.13/x64/lib/python3.11/site-packages/starlette/middleware/base.py", line 190, in __call__
2025-08-20T19:30:54.0912698Z   |     async with anyio.create_task_group() as task_group:
2025-08-20T19:30:54.0913255Z   |   File "/opt/hostedtoolcache/Python/3.11.13/x64/lib/python3.11/site-packages/anyio/_backends/_asyncio.py", line 772, in __aexit__
2025-08-20T19:30:54.0913778Z   |     raise BaseExceptionGroup(
2025-08-20T19:30:54.0914101Z   | ExceptionGroup: unhandled errors in a TaskGroup (1 sub-exception)
2025-08-20T19:30:54.0914430Z   +-+---------------- 1 ----------------
2025-08-20T19:30:54.0914671Z     | Traceback (most recent call last):
2025-08-20T19:30:54.0915203Z     |   File "/opt/hostedtoolcache/Python/3.11.13/x64/lib/python3.11/site-packages/starlette/middleware/errors.py", line 164, in __call__
2025-08-20T19:30:54.0915987Z     |     await self.app(scope, receive, _send)
2025-08-20T19:30:54.0916615Z     |   File "/opt/hostedtoolcache/Python/3.11.13/x64/lib/python3.11/site-packages/starlette/middleware/cors.py", line 85, in __call__
2025-08-20T19:30:54.0917252Z     |     await self.app(scope, receive, send)
2025-08-20T19:30:54.0917777Z     |   File "/opt/hostedtoolcache/Python/3.11.13/x64/lib/python3.11/site-packages/starlette/middleware/base.py", line 189, in __call__
2025-08-20T19:30:54.0918289Z     |     with collapse_excgroups():
2025-08-20T19:30:54.0918698Z     |   File "/opt/hostedtoolcache/Python/3.11.13/x64/lib/python3.11/contextlib.py", line 158, in __exit__
2025-08-20T19:30:54.0919123Z     |     self.gen.throw(typ, value, traceback)
2025-08-20T19:30:54.0919649Z     |   File "/opt/hostedtoolcache/Python/3.11.13/x64/lib/python3.11/site-packages/starlette/_utils.py", line 93, in collapse_excgroups
2025-08-20T19:30:54.0920153Z     |     raise exc
2025-08-20T19:30:54.0920608Z     |   File "/opt/hostedtoolcache/Python/3.11.13/x64/lib/python3.11/site-packages/starlette/middleware/base.py", line 191, in __call__
2025-08-20T19:30:54.0921175Z     |     response = await self.dispatch_func(request, call_next)
2025-08-20T19:30:54.0921468Z     |                ^^^^^^^^^^^^^^^^^^^^^^^^^^^^^^^^^^^^^^^^^^^^
2025-08-20T19:30:54.0921889Z     |   File "/home/runner/work/AI-Investment/AI-Investment/apps/api/app/main.py", line 88, in dispatch
2025-08-20T19:30:54.0922307Z     |     response = await call_next(request)
2025-08-20T19:30:54.0922540Z     |                ^^^^^^^^^^^^^^^^^^^^^^^^
2025-08-20T19:30:54.0923050Z     |   File "/opt/hostedtoolcache/Python/3.11.13/x64/lib/python3.11/site-packages/starlette/middleware/base.py", line 165, in call_next
2025-08-20T19:30:54.0923560Z     |     raise app_exc
2025-08-20T19:30:54.0924020Z     |   File "/opt/hostedtoolcache/Python/3.11.13/x64/lib/python3.11/site-packages/starlette/middleware/base.py", line 151, in coro
2025-08-20T19:30:54.0924588Z     |     await self.app(scope, receive_or_disconnect, send_no_error)
2025-08-20T19:30:54.0925166Z     |   File "/opt/hostedtoolcache/Python/3.11.13/x64/lib/python3.11/site-packages/starlette/middleware/base.py", line 189, in __call__
2025-08-20T19:30:54.0925690Z     |     with collapse_excgroups():
2025-08-20T19:30:54.0926094Z     |   File "/opt/hostedtoolcache/Python/3.11.13/x64/lib/python3.11/contextlib.py", line 158, in __exit__
2025-08-20T19:30:54.0926626Z     |     self.gen.throw(typ, value, traceback)
2025-08-20T19:30:54.0927139Z     |   File "/opt/hostedtoolcache/Python/3.11.13/x64/lib/python3.11/site-packages/starlette/_utils.py", line 93, in collapse_excgroups
2025-08-20T19:30:54.0927638Z     |     raise exc
2025-08-20T19:30:54.0928095Z     |   File "/opt/hostedtoolcache/Python/3.11.13/x64/lib/python3.11/site-packages/starlette/middleware/base.py", line 191, in __call__
2025-08-20T19:30:54.0928663Z     |     response = await self.dispatch_func(request, call_next)
2025-08-20T19:30:54.0928952Z     |                ^^^^^^^^^^^^^^^^^^^^^^^^^^^^^^^^^^^^^^^^^^^^
2025-08-20T19:30:54.0929373Z     |   File "/home/runner/work/AI-Investment/AI-Investment/apps/api/app/main.py", line 138, in dispatch
2025-08-20T19:30:54.0929800Z     |     response = await call_next(request)
2025-08-20T19:30:54.0930038Z     |                ^^^^^^^^^^^^^^^^^^^^^^^^
2025-08-20T19:30:54.0930542Z     |   File "/opt/hostedtoolcache/Python/3.11.13/x64/lib/python3.11/site-packages/starlette/middleware/base.py", line 165, in call_next
2025-08-20T19:30:54.0931054Z     |     raise app_exc
2025-08-20T19:30:54.0931504Z     |   File "/opt/hostedtoolcache/Python/3.11.13/x64/lib/python3.11/site-packages/starlette/middleware/base.py", line 151, in coro
2025-08-20T19:30:54.0932069Z     |     await self.app(scope, receive_or_disconnect, send_no_error)
2025-08-20T19:30:54.0932680Z     |   File "/opt/hostedtoolcache/Python/3.11.13/x64/lib/python3.11/site-packages/starlette/middleware/exceptions.py", line 65, in __call__
2025-08-20T19:30:54.0933481Z     |     await wrap_app_handling_exceptions(self.app, conn)(scope, receive, send)
2025-08-20T19:30:54.0934345Z     |   File "/opt/hostedtoolcache/Python/3.11.13/x64/lib/python3.11/site-packages/starlette/_exception_handler.py", line 64, in wrapped_app
2025-08-20T19:30:54.0935221Z     |     raise exc
2025-08-20T19:30:54.0935760Z     |   File "/opt/hostedtoolcache/Python/3.11.13/x64/lib/python3.11/site-packages/starlette/_exception_handler.py", line 53, in wrapped_app
2025-08-20T19:30:54.0936523Z     |     await app(scope, receive, sender)
2025-08-20T19:30:54.0937195Z     |   File "/opt/hostedtoolcache/Python/3.11.13/x64/lib/python3.11/site-packages/starlette/routing.py", line 756, in __call__
2025-08-20T19:30:54.0990291Z     |     await self.middleware_stack(scope, receive, send)
2025-08-20T19:30:54.0991139Z     |   File "/opt/hostedtoolcache/Python/3.11.13/x64/lib/python3.11/site-packages/starlette/routing.py", line 776, in app
2025-08-20T19:30:54.0991927Z     |     await route.handle(scope, receive, send)
2025-08-20T19:30:54.0992763Z     |   File "/opt/hostedtoolcache/Python/3.11.13/x64/lib/python3.11/site-packages/starlette/routing.py", line 297, in handle
2025-08-20T19:30:54.0993519Z     |     await self.app(scope, receive, send)
2025-08-20T19:30:54.0994318Z     |   File "/opt/hostedtoolcache/Python/3.11.13/x64/lib/python3.11/site-packages/starlette/routing.py", line 77, in app
2025-08-20T19:30:54.0995293Z     |     await wrap_app_handling_exceptions(app, request)(scope, receive, send)
2025-08-20T19:30:54.0996602Z     |   File "/opt/hostedtoolcache/Python/3.11.13/x64/lib/python3.11/site-packages/starlette/_exception_handler.py", line 75, in wrapped_app
2025-08-20T19:30:54.0997604Z     |     response = await handler(conn, exc)
2025-08-20T19:30:54.0998042Z     |                ^^^^^^^^^^^^^^^^^^^^^^^^
2025-08-20T19:30:54.0998892Z     |   File "/home/runner/work/AI-Investment/AI-Investment/apps/api/app/main.py", line 179, in validation_exception_handler
2025-08-20T19:30:54.0999672Z     |     response = JSONResponse(
2025-08-20T19:30:54.0999910Z     |                ^^^^^^^^^^^^^
2025-08-20T19:30:54.1000428Z     |   File "/opt/hostedtoolcache/Python/3.11.13/x64/lib/python3.11/site-packages/starlette/responses.py", line 184, in __init__
2025-08-20T19:30:54.1001042Z     |     super().__init__(content, status_code, headers, media_type, background)
2025-08-20T19:30:54.1001634Z     |   File "/opt/hostedtoolcache/Python/3.11.13/x64/lib/python3.11/site-packages/starlette/responses.py", line 41, in __init__
2025-08-20T19:30:54.1002131Z     |     self.body = self.render(content)
2025-08-20T19:30:54.1002360Z     |                 ^^^^^^^^^^^^^^^^^^^^
2025-08-20T19:30:54.1002834Z     |   File "/opt/hostedtoolcache/Python/3.11.13/x64/lib/python3.11/site-packages/starlette/responses.py", line 187, in render
2025-08-20T19:30:54.1003313Z     |     return json.dumps(
2025-08-20T19:30:54.1003515Z     |            ^^^^^^^^^^^
2025-08-20T19:30:54.1003892Z     |   File "/opt/hostedtoolcache/Python/3.11.13/x64/lib/python3.11/json/__init__.py", line 238, in dumps
2025-08-20T19:30:54.1004302Z     |     **kw).encode(obj)
2025-08-20T19:30:54.1004501Z     |           ^^^^^^^^^^^
2025-08-20T19:30:54.1004862Z     |   File "/opt/hostedtoolcache/Python/3.11.13/x64/lib/python3.11/json/encoder.py", line 200, in encode
2025-08-20T19:30:54.1005300Z     |     chunks = self.iterencode(o, _one_shot=True)
2025-08-20T19:30:54.1005564Z     |              ^^^^^^^^^^^^^^^^^^^^^^^^^^^^^^^^^^
2025-08-20T19:30:54.1006002Z     |   File "/opt/hostedtoolcache/Python/3.11.13/x64/lib/python3.11/json/encoder.py", line 258, in iterencode
2025-08-20T19:30:54.1006617Z     |     return _iterencode(o, 0)
2025-08-20T19:30:54.1006852Z     |            ^^^^^^^^^^^^^^^^^
2025-08-20T19:30:54.1007252Z     |   File "/opt/hostedtoolcache/Python/3.11.13/x64/lib/python3.11/json/encoder.py", line 180, in default
2025-08-20T19:30:54.1007726Z     |     raise TypeError(f'Object of type {o.__class__.__name__} '
2025-08-20T19:30:54.1008083Z     | TypeError: Object of type bytes is not JSON serializable
2025-08-20T19:30:54.1008375Z     +------------------------------------
2025-08-20T19:30:54.1008741Z 
2025-08-20T19:30:54.1008919Z During handling of the above exception, another exception occurred:
2025-08-20T19:30:54.1009280Z 
2025-08-20T19:30:54.1009369Z Traceback (most recent call last):
2025-08-20T19:30:54.1010018Z   File "/opt/hostedtoolcache/Python/3.11.13/x64/lib/python3.11/site-packages/starlette/middleware/errors.py", line 164, in __call__
2025-08-20T19:30:54.1010597Z     await self.app(scope, receive, _send)
2025-08-20T19:30:54.1011155Z   File "/opt/hostedtoolcache/Python/3.11.13/x64/lib/python3.11/site-packages/starlette/middleware/cors.py", line 85, in __call__
2025-08-20T19:30:54.1011690Z     await self.app(scope, receive, send)
2025-08-20T19:30:54.1012242Z   File "/opt/hostedtoolcache/Python/3.11.13/x64/lib/python3.11/site-packages/starlette/middleware/base.py", line 189, in __call__
2025-08-20T19:30:54.1012768Z     with collapse_excgroups():
2025-08-20T19:30:54.1013195Z   File "/opt/hostedtoolcache/Python/3.11.13/x64/lib/python3.11/contextlib.py", line 158, in __exit__
2025-08-20T19:30:54.1013629Z     self.gen.throw(typ, value, traceback)
2025-08-20T19:30:54.1014175Z   File "/opt/hostedtoolcache/Python/3.11.13/x64/lib/python3.11/site-packages/starlette/_utils.py", line 93, in collapse_excgroups
2025-08-20T19:30:54.1014688Z     raise exc
2025-08-20T19:30:54.1015169Z   File "/opt/hostedtoolcache/Python/3.11.13/x64/lib/python3.11/site-packages/starlette/middleware/base.py", line 191, in __call__
2025-08-20T19:30:54.1015779Z     response = await self.dispatch_func(request, call_next)
2025-08-20T19:30:54.1016076Z                ^^^^^^^^^^^^^^^^^^^^^^^^^^^^^^^^^^^^^^^^^^^^
2025-08-20T19:30:54.1016689Z   File "/home/runner/work/AI-Investment/AI-Investment/apps/api/app/main.py", line 88, in dispatch
2025-08-20T19:30:54.1017128Z     response = await call_next(request)
2025-08-20T19:30:54.1017368Z                ^^^^^^^^^^^^^^^^^^^^^^^^
2025-08-20T19:30:54.1017896Z   File "/opt/hostedtoolcache/Python/3.11.13/x64/lib/python3.11/site-packages/starlette/middleware/base.py", line 165, in call_next
2025-08-20T19:30:54.1018419Z     raise app_exc
2025-08-20T19:30:54.1018890Z   File "/opt/hostedtoolcache/Python/3.11.13/x64/lib/python3.11/site-packages/starlette/middleware/base.py", line 151, in coro
2025-08-20T19:30:54.1019459Z     await self.app(scope, receive_or_disconnect, send_no_error)
2025-08-20T19:30:54.1020055Z   File "/opt/hostedtoolcache/Python/3.11.13/x64/lib/python3.11/site-packages/starlette/middleware/base.py", line 189, in __call__
2025-08-20T19:30:54.1020575Z     with collapse_excgroups():
2025-08-20T19:30:54.1020997Z   File "/opt/hostedtoolcache/Python/3.11.13/x64/lib/python3.11/contextlib.py", line 158, in __exit__
2025-08-20T19:30:54.1021428Z     self.gen.throw(typ, value, traceback)
2025-08-20T19:30:54.1021966Z   File "/opt/hostedtoolcache/Python/3.11.13/x64/lib/python3.11/site-packages/starlette/_utils.py", line 93, in collapse_excgroups
2025-08-20T19:30:54.1022466Z     raise exc
2025-08-20T19:30:54.1022935Z   File "/opt/hostedtoolcache/Python/3.11.13/x64/lib/python3.11/site-packages/starlette/middleware/base.py", line 191, in __call__
2025-08-20T19:30:54.1023490Z     response = await self.dispatch_func(request, call_next)
2025-08-20T19:30:54.1023779Z                ^^^^^^^^^^^^^^^^^^^^^^^^^^^^^^^^^^^^^^^^^^^^
2025-08-20T19:30:54.1024213Z   File "/home/runner/work/AI-Investment/AI-Investment/apps/api/app/main.py", line 138, in dispatch
2025-08-20T19:30:54.1024637Z     response = await call_next(request)
2025-08-20T19:30:54.1024866Z                ^^^^^^^^^^^^^^^^^^^^^^^^
2025-08-20T19:30:54.1025378Z   File "/opt/hostedtoolcache/Python/3.11.13/x64/lib/python3.11/site-packages/starlette/middleware/base.py", line 165, in call_next
2025-08-20T19:30:54.1025889Z     raise app_exc
2025-08-20T19:30:54.1026350Z   File "/opt/hostedtoolcache/Python/3.11.13/x64/lib/python3.11/site-packages/starlette/middleware/base.py", line 151, in coro
2025-08-20T19:30:54.1027063Z     await self.app(scope, receive_or_disconnect, send_no_error)
2025-08-20T19:30:54.1027821Z   File "/opt/hostedtoolcache/Python/3.11.13/x64/lib/python3.11/site-packages/starlette/middleware/exceptions.py", line 65, in __call__
2025-08-20T19:30:54.1028472Z     await wrap_app_handling_exceptions(self.app, conn)(scope, receive, send)
2025-08-20T19:30:54.1029236Z   File "/opt/hostedtoolcache/Python/3.11.13/x64/lib/python3.11/site-packages/starlette/_exception_handler.py", line 64, in wrapped_app
2025-08-20T19:30:54.1029766Z     raise exc
2025-08-20T19:30:54.1030266Z   File "/opt/hostedtoolcache/Python/3.11.13/x64/lib/python3.11/site-packages/starlette/_exception_handler.py", line 53, in wrapped_app
2025-08-20T19:30:54.1030817Z     await app(scope, receive, sender)
2025-08-20T19:30:54.1031346Z   File "/opt/hostedtoolcache/Python/3.11.13/x64/lib/python3.11/site-packages/starlette/routing.py", line 756, in __call__
2025-08-20T19:30:54.1031875Z     await self.middleware_stack(scope, receive, send)
2025-08-20T19:30:54.1032407Z   File "/opt/hostedtoolcache/Python/3.11.13/x64/lib/python3.11/site-packages/starlette/routing.py", line 776, in app
2025-08-20T19:30:54.1032912Z     await route.handle(scope, receive, send)
2025-08-20T19:30:54.1033416Z   File "/opt/hostedtoolcache/Python/3.11.13/x64/lib/python3.11/site-packages/starlette/routing.py", line 297, in handle
2025-08-20T19:30:54.1033914Z     await self.app(scope, receive, send)
2025-08-20T19:30:54.1034404Z   File "/opt/hostedtoolcache/Python/3.11.13/x64/lib/python3.11/site-packages/starlette/routing.py", line 77, in app
2025-08-20T19:30:54.1034963Z     await wrap_app_handling_exceptions(app, request)(scope, receive, send)
2025-08-20T19:30:54.1035611Z   File "/opt/hostedtoolcache/Python/3.11.13/x64/lib/python3.11/site-packages/starlette/_exception_handler.py", line 75, in wrapped_app
2025-08-20T19:30:54.1036149Z     response = await handler(conn, exc)
2025-08-20T19:30:54.1036508Z                ^^^^^^^^^^^^^^^^^^^^^^^^
2025-08-20T19:30:54.1037040Z   File "/home/runner/work/AI-Investment/AI-Investment/apps/api/app/main.py", line 179, in validation_exception_handler
2025-08-20T19:30:54.1037533Z     response = JSONResponse(
2025-08-20T19:30:54.1037744Z                ^^^^^^^^^^^^^
2025-08-20T19:30:54.1038229Z   File "/opt/hostedtoolcache/Python/3.11.13/x64/lib/python3.11/site-packages/starlette/responses.py", line 184, in __init__
2025-08-20T19:30:54.1038812Z     super().__init__(content, status_code, headers, media_type, background)
2025-08-20T19:30:54.1039408Z   File "/opt/hostedtoolcache/Python/3.11.13/x64/lib/python3.11/site-packages/starlette/responses.py", line 41, in __init__
2025-08-20T19:30:54.1039911Z     self.body = self.render(content)
2025-08-20T19:30:54.1040133Z                 ^^^^^^^^^^^^^^^^^^^^
2025-08-20T19:30:54.1040615Z   File "/opt/hostedtoolcache/Python/3.11.13/x64/lib/python3.11/site-packages/starlette/responses.py", line 187, in render
2025-08-20T19:30:54.1041090Z     return json.dumps(
2025-08-20T19:30:54.1041277Z            ^^^^^^^^^^^
2025-08-20T19:30:54.1041663Z   File "/opt/hostedtoolcache/Python/3.11.13/x64/lib/python3.11/json/__init__.py", line 238, in dumps
2025-08-20T19:30:54.1042071Z     **kw).encode(obj)
2025-08-20T19:30:54.1042246Z           ^^^^^^^^^^^
2025-08-20T19:30:54.1042622Z   File "/opt/hostedtoolcache/Python/3.11.13/x64/lib/python3.11/json/encoder.py", line 200, in encode
2025-08-20T19:30:54.1043066Z     chunks = self.iterencode(o, _one_shot=True)
2025-08-20T19:30:54.1043317Z              ^^^^^^^^^^^^^^^^^^^^^^^^^^^^^^^^^^
2025-08-20T19:30:54.1043753Z   File "/opt/hostedtoolcache/Python/3.11.13/x64/lib/python3.11/json/encoder.py", line 258, in iterencode
2025-08-20T19:30:54.1044180Z     return _iterencode(o, 0)
2025-08-20T19:30:54.1044383Z            ^^^^^^^^^^^^^^^^^
2025-08-20T19:30:54.1044770Z   File "/opt/hostedtoolcache/Python/3.11.13/x64/lib/python3.11/json/encoder.py", line 180, in default
2025-08-20T19:30:54.1045273Z     raise TypeError(f'Object of type {o.__class__.__name__} '
2025-08-20T19:30:54.1045625Z TypeError: Object of type bytes is not JSON serializable
2025-08-20T19:30:54.1046130Z __________________ TestAuthEndpoints.test_login_inactive_user __________________
2025-08-20T19:30:54.1046710Z tests/unit/routers/test_auth.py:119: in test_login_inactive_user
2025-08-20T19:30:54.1047037Z     inactive_user = User(
2025-08-20T19:30:54.1047352Z <string>:4: in __init__
2025-08-20T19:30:54.1047530Z     ???
2025-08-20T19:30:54.1047969Z /opt/hostedtoolcache/Python/3.11.13/x64/lib/python3.11/site-packages/sqlalchemy/orm/state.py:571: in _initialize_instance
2025-08-20T19:30:54.1048470Z     with util.safe_reraise():
2025-08-20T19:30:54.1048944Z /opt/hostedtoolcache/Python/3.11.13/x64/lib/python3.11/site-packages/sqlalchemy/util/langhelpers.py:146: in __exit__
2025-08-20T19:30:54.1049451Z     raise exc_value.with_traceback(exc_tb)
2025-08-20T19:30:54.1049956Z /opt/hostedtoolcache/Python/3.11.13/x64/lib/python3.11/site-packages/sqlalchemy/orm/state.py:569: in _initialize_instance
2025-08-20T19:30:54.1050480Z     manager.original_init(*mixed[1:], **kwargs)
2025-08-20T19:30:54.1051029Z /opt/hostedtoolcache/Python/3.11.13/x64/lib/python3.11/site-packages/sqlalchemy/orm/decl_base.py:2167: in _declarative_constructor
2025-08-20T19:30:54.1051561Z     raise TypeError(
2025-08-20T19:30:54.1051829Z E   TypeError: 'username' is an invalid keyword argument for User
2025-08-20T19:30:54.1052210Z ------------------------------ Captured log setup ------------------------------
2025-08-20T19:30:54.1052758Z WARNING  app.utils.run_migrations:run_migrations.py:39 Table prices does not exist, skipping index idx_price_asset_date
2025-08-20T19:30:54.1053429Z WARNING  app.utils.run_migrations:run_migrations.py:39 Table prices does not exist, skipping index idx_price_date
2025-08-20T19:30:54.1054098Z WARNING  app.utils.run_migrations:run_migrations.py:39 Table prices does not exist, skipping index idx_price_asset_id
2025-08-20T19:30:54.1054802Z WARNING  app.utils.run_migrations:run_migrations.py:39 Table allocations does not exist, skipping index idx_allocation_date
2025-08-20T19:30:54.1055534Z WARNING  app.utils.run_migrations:run_migrations.py:39 Table allocations does not exist, skipping index idx_allocation_asset_date
2025-08-20T19:30:54.1056271Z WARNING  app.utils.run_migrations:run_migrations.py:39 Table index_values does not exist, skipping index idx_index_value_date
2025-08-20T19:30:54.1057358Z ERROR    app.utils.run_migrations:run_migrations.py:169 Google auth migration failed: (psycopg2.errors.UndefinedTable) relation "users" does not exist
2025-08-20T19:30:54.1057864Z 
2025-08-20T19:30:54.1057928Z [SQL: 
2025-08-20T19:30:54.1058100Z                 ALTER TABLE users 
2025-08-20T19:30:54.1058360Z                 ADD COLUMN is_google_user BOOLEAN DEFAULT FALSE
2025-08-20T19:30:54.1058625Z             ]
2025-08-20T19:30:54.1058877Z (Background on this error at: https://sqlalche.me/e/20/f405)
2025-08-20T19:30:54.1059311Z ERROR    app.utils.run_migrations:run_migrations.py:188 Migration google_auth failed
2025-08-20T19:30:54.1059767Z WARNING  app.main:main.py:45 Some database migrations failed - check logs
2025-08-20T19:30:54.1060211Z ____________ TestAuthEndpoints.test_get_current_user_expired_token _____________
2025-08-20T19:30:54.1060678Z tests/unit/routers/test_auth.py:165: in test_get_current_user_expired_token
2025-08-20T19:30:54.1061034Z     expired_token = create_access_token(
2025-08-20T19:30:54.1061387Z E   TypeError: create_access_token() got an unexpected keyword argument 'data'
2025-08-20T19:30:54.1061791Z ------------------------------ Captured log setup ------------------------------
2025-08-20T19:30:54.1062330Z WARNING  app.utils.run_migrations:run_migrations.py:39 Table prices does not exist, skipping index idx_price_asset_date
2025-08-20T19:30:54.1063008Z WARNING  app.utils.run_migrations:run_migrations.py:39 Table prices does not exist, skipping index idx_price_date
2025-08-20T19:30:54.1063672Z WARNING  app.utils.run_migrations:run_migrations.py:39 Table prices does not exist, skipping index idx_price_asset_id
2025-08-20T19:30:54.1064372Z WARNING  app.utils.run_migrations:run_migrations.py:39 Table allocations does not exist, skipping index idx_allocation_date
2025-08-20T19:30:54.1065226Z WARNING  app.utils.run_migrations:run_migrations.py:39 Table allocations does not exist, skipping index idx_allocation_asset_date
2025-08-20T19:30:54.1066064Z WARNING  app.utils.run_migrations:run_migrations.py:39 Table index_values does not exist, skipping index idx_index_value_date
2025-08-20T19:30:54.1067046Z ERROR    app.utils.run_migrations:run_migrations.py:169 Google auth migration failed: (psycopg2.errors.UndefinedTable) relation "users" does not exist
2025-08-20T19:30:54.1067535Z 
2025-08-20T19:30:54.1067604Z [SQL: 
2025-08-20T19:30:54.1067777Z                 ALTER TABLE users 
2025-08-20T19:30:54.1068034Z                 ADD COLUMN is_google_user BOOLEAN DEFAULT FALSE
2025-08-20T19:30:54.1068294Z             ]
2025-08-20T19:30:54.1068539Z (Background on this error at: https://sqlalche.me/e/20/f405)
2025-08-20T19:30:54.1068969Z ERROR    app.utils.run_migrations:run_migrations.py:188 Migration google_auth failed
2025-08-20T19:30:54.1069438Z WARNING  app.main:main.py:45 Some database migrations failed - check logs
2025-08-20T19:30:54.1069798Z =============================== warnings summary ===============================
2025-08-20T19:30:54.1070308Z ../../../../../../../opt/hostedtoolcache/Python/3.11.13/x64/lib/python3.11/site-packages/pydantic/fields.py:826: 19 warnings
2025-08-20T19:30:54.1071776Z   /opt/hostedtoolcache/Python/3.11.13/x64/lib/python3.11/site-packages/pydantic/fields.py:826: PydanticDeprecatedSince20: Using extra keyword arguments on `Field` is deprecated and will be removed. Use `json_schema_extra` instead. (Extra keys: 'env'). Deprecated in Pydantic V2.0 to be removed in V3.0. See Pydantic V2 Migration Guide at https://errors.pydantic.dev/2.9/migration/
2025-08-20T19:30:54.1073011Z     warn(
2025-08-20T19:30:54.1073111Z 
2025-08-20T19:30:54.1073454Z ../../../../../../../opt/hostedtoolcache/Python/3.11.13/x64/lib/python3.11/site-packages/pydantic/_internal/_config.py:291: 10 warnings
2025-08-20T19:30:54.1074843Z   /opt/hostedtoolcache/Python/3.11.13/x64/lib/python3.11/site-packages/pydantic/_internal/_config.py:291: PydanticDeprecatedSince20: Support for class-based `config` is deprecated, use ConfigDict instead. Deprecated in Pydantic V2.0 to be removed in V3.0. See Pydantic V2 Migration Guide at https://errors.pydantic.dev/2.9/migration/
2025-08-20T19:30:54.1076028Z     warnings.warn(DEPRECATION_MESSAGE, DeprecationWarning)
2025-08-20T19:30:54.1076252Z 
2025-08-20T19:30:54.1076680Z ../../../../../../../opt/hostedtoolcache/Python/3.11.13/x64/lib/python3.11/site-packages/passlib/utils/__init__.py:854
2025-08-20T19:30:54.1077570Z   /opt/hostedtoolcache/Python/3.11.13/x64/lib/python3.11/site-packages/passlib/utils/__init__.py:854: DeprecationWarning: 'crypt' is deprecated and slated for removal in Python 3.13
2025-08-20T19:30:54.1078258Z     from crypt import crypt as _crypt
2025-08-20T19:30:54.1078425Z 
2025-08-20T19:30:54.1078694Z ../../../../../../../opt/hostedtoolcache/Python/3.11.13/x64/lib/python3.11/site-packages/twelvedata/__init__.py:2
2025-08-20T19:30:54.1080005Z   /opt/hostedtoolcache/Python/3.11.13/x64/lib/python3.11/site-packages/twelvedata/__init__.py:2: UserWarning: pkg_resources is deprecated as an API. See https://setuptools.pypa.io/en/latest/pkg_resources.html. The pkg_resources package is slated for removal as early as 2025-11-30. Refrain from using this package or pin to Setuptools<81.
2025-08-20T19:30:54.1081239Z     from pkg_resources import get_distribution, DistributionNotFound
2025-08-20T19:30:54.1081486Z 
2025-08-20T19:30:54.1081776Z ../../../../../../../opt/hostedtoolcache/Python/3.11.13/x64/lib/python3.11/site-packages/pkg_resources/__init__.py:3146
2025-08-20T19:30:54.1082411Z ../../../../../../../opt/hostedtoolcache/Python/3.11.13/x64/lib/python3.11/site-packages/pkg_resources/__init__.py:3146
2025-08-20T19:30:54.1083298Z   /opt/hostedtoolcache/Python/3.11.13/x64/lib/python3.11/site-packages/pkg_resources/__init__.py:3146: DeprecationWarning: Deprecated call to `pkg_resources.declare_namespace('zope')`.
2025-08-20T19:30:54.1084651Z   Implementing implicit namespace packages (as specified in PEP 420) is preferred to `pkg_resources.declare_namespace`. See https://setuptools.pypa.io/en/latest/references/keywords.html#keyword-namespace-packages
2025-08-20T19:30:54.1085538Z     declare_namespace(pkg)
2025-08-20T19:30:54.1085681Z 
2025-08-20T19:30:54.1085751Z app/main.py:35
2025-08-20T19:30:54.1086112Z   /home/runner/work/AI-Investment/AI-Investment/apps/api/app/main.py:35: DeprecationWarning: 
2025-08-20T19:30:54.1086750Z           on_event is deprecated, use lifespan event handlers instead.
2025-08-20T19:30:54.1087049Z   
2025-08-20T19:30:54.1087211Z           Read more about it in the
2025-08-20T19:30:54.1087581Z           [FastAPI docs for Lifespan Events](https://fastapi.tiangolo.com/advanced/events/).
2025-08-20T19:30:54.1087939Z           
2025-08-20T19:30:54.1088116Z     @app.on_event("startup")
2025-08-20T19:30:54.1088259Z 
2025-08-20T19:30:54.1088549Z ../../../../../../../opt/hostedtoolcache/Python/3.11.13/x64/lib/python3.11/site-packages/fastapi/applications.py:4495
2025-08-20T19:30:54.1089257Z   /opt/hostedtoolcache/Python/3.11.13/x64/lib/python3.11/site-packages/fastapi/applications.py:4495: DeprecationWarning: 
2025-08-20T19:30:54.1089827Z           on_event is deprecated, use lifespan event handlers instead.
2025-08-20T19:30:54.1090108Z   
2025-08-20T19:30:54.1090272Z           Read more about it in the
2025-08-20T19:30:54.1090626Z           [FastAPI docs for Lifespan Events](https://fastapi.tiangolo.com/advanced/events/).
2025-08-20T19:30:54.1090989Z           
2025-08-20T19:30:54.1091176Z     return self.router.on_event(event_type)
2025-08-20T19:30:54.1091361Z 
2025-08-20T19:30:54.1091458Z tests/unit/models/test_portfolio.py:13
2025-08-20T19:30:54.1092494Z   /home/runner/work/AI-Investment/AI-Investment/apps/api/tests/unit/models/test_portfolio.py:13: PytestUnknownMarkWarning: Unknown pytest.mark.unit - is this a typo?  You can register custom marks to avoid this warning - for details, see https://docs.pytest.org/en/stable/how-to/mark.html
2025-08-20T19:30:54.1093501Z     @pytest.mark.unit
2025-08-20T19:30:54.1093634Z 
2025-08-20T19:30:54.1093720Z tests/unit/routers/test_auth.py:16
2025-08-20T19:30:54.1094707Z   /home/runner/work/AI-Investment/AI-Investment/apps/api/tests/unit/routers/test_auth.py:16: PytestUnknownMarkWarning: Unknown pytest.mark.unit - is this a typo?  You can register custom marks to avoid this warning - for details, see https://docs.pytest.org/en/stable/how-to/mark.html
2025-08-20T19:30:54.1095690Z     @pytest.mark.unit
2025-08-20T19:30:54.1095808Z 
2025-08-20T19:30:54.1095898Z tests/unit/routers/test_auth.py:17
2025-08-20T19:30:54.1097050Z   /home/runner/work/AI-Investment/AI-Investment/apps/api/tests/unit/routers/test_auth.py:17: PytestUnknownMarkWarning: Unknown pytest.mark.critical - is this a typo?  You can register custom marks to avoid this warning - for details, see https://docs.pytest.org/en/stable/how-to/mark.html
2025-08-20T19:30:54.1098070Z     @pytest.mark.critical
2025-08-20T19:30:54.1098207Z 
2025-08-20T19:30:54.1098333Z tests/unit/schemas/test_portfolio_schemas.py:16
2025-08-20T19:30:54.1099396Z   /home/runner/work/AI-Investment/AI-Investment/apps/api/tests/unit/schemas/test_portfolio_schemas.py:16: PytestUnknownMarkWarning: Unknown pytest.mark.unit - is this a typo?  You can register custom marks to avoid this warning - for details, see https://docs.pytest.org/en/stable/how-to/mark.html
2025-08-20T19:30:54.1100431Z     @pytest.mark.unit
2025-08-20T19:30:54.1100553Z 
2025-08-20T19:30:54.1100671Z tests/unit/services/test_return_calculator.py:15
2025-08-20T19:30:54.1101766Z   /home/runner/work/AI-Investment/AI-Investment/apps/api/tests/unit/services/test_return_calculator.py:15: PytestUnknownMarkWarning: Unknown pytest.mark.financial - is this a typo?  You can register custom marks to avoid this warning - for details, see https://docs.pytest.org/en/stable/how-to/mark.html
2025-08-20T19:30:54.1102825Z     @pytest.mark.financial
2025-08-20T19:30:54.1102961Z 
2025-08-20T19:30:54.1103189Z tests/unit/services/test_return_calculator.py:16
2025-08-20T19:30:54.1104259Z   /home/runner/work/AI-Investment/AI-Investment/apps/api/tests/unit/services/test_return_calculator.py:16: PytestUnknownMarkWarning: Unknown pytest.mark.unit - is this a typo?  You can register custom marks to avoid this warning - for details, see https://docs.pytest.org/en/stable/how-to/mark.html
2025-08-20T19:30:54.1105399Z     @pytest.mark.unit
2025-08-20T19:30:54.1105523Z 
2025-08-20T19:30:54.1105631Z tests/unit/services/test_return_calculator.py:17
2025-08-20T19:30:54.1106854Z   /home/runner/work/AI-Investment/AI-Investment/apps/api/tests/unit/services/test_return_calculator.py:17: PytestUnknownMarkWarning: Unknown pytest.mark.critical - is this a typo?  You can register custom marks to avoid this warning - for details, see https://docs.pytest.org/en/stable/how-to/mark.html
2025-08-20T19:30:54.1107914Z     @pytest.mark.critical
2025-08-20T19:30:54.1108043Z 
2025-08-20T19:30:54.1108152Z tests/unit/services/test_risk_calculator.py:15
2025-08-20T19:30:54.1109239Z   /home/runner/work/AI-Investment/AI-Investment/apps/api/tests/unit/services/test_risk_calculator.py:15: PytestUnknownMarkWarning: Unknown pytest.mark.financial - is this a typo?  You can register custom marks to avoid this warning - for details, see https://docs.pytest.org/en/stable/how-to/mark.html
2025-08-20T19:30:54.1110282Z     @pytest.mark.financial
2025-08-20T19:30:54.1110414Z 
2025-08-20T19:30:54.1110518Z tests/unit/services/test_risk_calculator.py:16
2025-08-20T19:30:54.1111571Z   /home/runner/work/AI-Investment/AI-Investment/apps/api/tests/unit/services/test_risk_calculator.py:16: PytestUnknownMarkWarning: Unknown pytest.mark.unit - is this a typo?  You can register custom marks to avoid this warning - for details, see https://docs.pytest.org/en/stable/how-to/mark.html
2025-08-20T19:30:54.1112588Z     @pytest.mark.unit
2025-08-20T19:30:54.1112711Z 
2025-08-20T19:30:54.1112814Z tests/unit/services/test_risk_calculator.py:17
2025-08-20T19:30:54.1113880Z   /home/runner/work/AI-Investment/AI-Investment/apps/api/tests/unit/services/test_risk_calculator.py:17: PytestUnknownMarkWarning: Unknown pytest.mark.critical - is this a typo?  You can register custom marks to avoid this warning - for details, see https://docs.pytest.org/en/stable/how-to/mark.html
2025-08-20T19:30:54.1114915Z     @pytest.mark.critical
2025-08-20T19:30:54.1115050Z 
2025-08-20T19:30:54.1115162Z tests/unit/services/test_weight_calculator.py:15
2025-08-20T19:30:54.1116281Z   /home/runner/work/AI-Investment/AI-Investment/apps/api/tests/unit/services/test_weight_calculator.py:15: PytestUnknownMarkWarning: Unknown pytest.mark.financial - is this a typo?  You can register custom marks to avoid this warning - for details, see https://docs.pytest.org/en/stable/how-to/mark.html
2025-08-20T19:30:54.1117476Z     @pytest.mark.financial
2025-08-20T19:30:54.1117614Z 
2025-08-20T19:30:54.1117722Z tests/unit/services/test_weight_calculator.py:16
2025-08-20T19:30:54.1118780Z   /home/runner/work/AI-Investment/AI-Investment/apps/api/tests/unit/services/test_weight_calculator.py:16: PytestUnknownMarkWarning: Unknown pytest.mark.unit - is this a typo?  You can register custom marks to avoid this warning - for details, see https://docs.pytest.org/en/stable/how-to/mark.html
2025-08-20T19:30:54.1119810Z     @pytest.mark.unit
2025-08-20T19:30:54.1119926Z 
2025-08-20T19:30:54.1120024Z tests/unit/utils/test_security.py:19
2025-08-20T19:30:54.1121014Z   /home/runner/work/AI-Investment/AI-Investment/apps/api/tests/unit/utils/test_security.py:19: PytestUnknownMarkWarning: Unknown pytest.mark.unit - is this a typo?  You can register custom marks to avoid this warning - for details, see https://docs.pytest.org/en/stable/how-to/mark.html
2025-08-20T19:30:54.1122006Z     @pytest.mark.unit
2025-08-20T19:30:54.1122120Z 
2025-08-20T19:30:54.1122210Z tests/unit/utils/test_security.py:20
2025-08-20T19:30:54.1123332Z   /home/runner/work/AI-Investment/AI-Investment/apps/api/tests/unit/utils/test_security.py:20: PytestUnknownMarkWarning: Unknown pytest.mark.critical - is this a typo?  You can register custom marks to avoid this warning - for details, see https://docs.pytest.org/en/stable/how-to/mark.html
2025-08-20T19:30:54.1124449Z     @pytest.mark.critical
2025-08-20T19:30:54.1124578Z 
2025-08-20T19:30:54.1124761Z -- Docs: https://docs.pytest.org/en/stable/how-to/capture-warnings.html
2025-08-20T19:30:54.1125149Z =========================== short test summary info ============================
2025-08-20T19:30:54.1125821Z FAILED tests/unit/models/test_portfolio.py::TestPortfolioModel::test_portfolio_validation_constraints - Failed: DID NOT RAISE <class 'Exception'>
2025-08-20T19:30:54.1126883Z FAILED tests/unit/routers/test_auth.py::TestAuthEndpoints::test_login_nonexistent_user - TypeError: Object of type bytes is not JSON serializable
2025-08-20T19:30:54.1127783Z FAILED tests/unit/routers/test_auth.py::TestAuthEndpoints::test_login_inactive_user - TypeError: 'username' is an invalid keyword argument for User
2025-08-20T19:30:54.1128758Z FAILED tests/unit/routers/test_auth.py::TestAuthEndpoints::test_get_current_user_expired_token - TypeError: create_access_token() got an unexpected keyword argument 'data'
2025-08-20T19:30:54.1129712Z ERROR tests/unit/routers/test_auth.py::TestAuthEndpoints::test_get_current_user - AttributeError: 'Settings' object has no attribute 'ALGORITHM'
2025-08-20T19:30:54.1130319Z !!!!!!!!!!!!!!!!!!!!!!!!!! stopping after 5 failures !!!!!!!!!!!!!!!!!!!!!!!!!!!
2025-08-20T19:30:54.1130672Z ============== 4 failed, 15 passed, 49 warnings, 1 error in 4.60s ==============
2025-08-20T19:30:54.3487128Z ##[error]Process completed with exit code 1.
2025-08-20T19:30:54.3559167Z ##[group]Run dorny/test-reporter@v1
2025-08-20T19:30:54.3559439Z with:
2025-08-20T19:30:54.3559617Z   name: Backend Test Results
2025-08-20T19:30:54.3559859Z   path: ./apps/api/test-results.xml
2025-08-20T19:30:54.3560091Z   reporter: java-junit
2025-08-20T19:30:54.3560304Z   path-replace-backslashes: false
2025-08-20T19:30:54.3560529Z   list-suites: all
2025-08-20T19:30:54.3560704Z   list-tests: all
2025-08-20T19:30:54.3560882Z   max-annotations: 10
2025-08-20T19:30:54.3561067Z   fail-on-error: true
2025-08-20T19:30:54.3561249Z   fail-on-empty: true
2025-08-20T19:30:54.3561440Z   only-summary: false
2025-08-20T19:30:54.3561739Z   token: ***
2025-08-20T19:30:54.3561897Z env:
2025-08-20T19:30:54.3562057Z   PYTHON_VERSION: 3.11
2025-08-20T19:30:54.3562253Z   WORKING_DIR: ./apps/api
2025-08-20T19:30:54.3562519Z   pythonLocation: /opt/hostedtoolcache/Python/3.11.13/x64
2025-08-20T19:30:54.3562915Z   PKG_CONFIG_PATH: /opt/hostedtoolcache/Python/3.11.13/x64/lib/pkgconfig
2025-08-20T19:30:54.3563326Z   Python_ROOT_DIR: /opt/hostedtoolcache/Python/3.11.13/x64
2025-08-20T19:30:54.3563659Z   Python2_ROOT_DIR: /opt/hostedtoolcache/Python/3.11.13/x64
2025-08-20T19:30:54.3563996Z   Python3_ROOT_DIR: /opt/hostedtoolcache/Python/3.11.13/x64
2025-08-20T19:30:54.3564331Z   LD_LIBRARY_PATH: /opt/hostedtoolcache/Python/3.11.13/x64/lib
2025-08-20T19:30:54.3564607Z ##[endgroup]
2025-08-20T19:30:54.4723282Z Check runs will be created with SHA=08980fb49c284f5c3cf9f3ba659a6186c9cc715c
2025-08-20T19:30:54.4727647Z ##[group]Listing all files tracked by git
2025-08-20T19:30:54.4767883Z [command]/usr/bin/git ls-files -z
2025-08-20T19:30:54.4893892Z .azuredevops/azure-pipelines.yml .azuredevops/templates/docker-build.yml .azuredevops/templates/node-build.yml .azuredevops/templates/python-build.yml .claude/settings.local.json .cursorindexingignore .env.example .github/dependabot.yml .github/workflows/README.md .github/workflows/build-deploy.yml .github/workflows/dependency-review.yml .github/workflows/deploy.yml .github/workflows/quality-gates.yml .github/workflows/security.yml .github/workflows/test-backend.yml .github/workflows/test-frontend.yml .gitignore .pre-commit-config.yaml .specstory/.gitignore CLAUDE.md README.md apps/api/.env.example apps/api/Dockerfile apps/api/Makefile apps/api/app/__init__.py apps/api/app/core/celery_app.py apps/api/app/core/config.py apps/api/app/core/database.py apps/api/app/core/dependencies.py apps/api/app/core/redis_client.py apps/api/app/core/security.py apps/api/app/db_init.py apps/api/app/main.py apps/api/app/migrations/add_google_auth.py apps/api/app/migrations/add_news_tables.py apps/api/app/models/__init__.py apps/api/app/models/asset.py apps/api/app/models/index.py apps/api/app/models/news.py apps/api/app/models/portfolio.py apps/api/app/models/strategy.py apps/api/app/models/user.py apps/api/app/providers/__init__.py apps/api/app/providers/base.py apps/api/app/providers/market_data/__init__.py apps/api/app/providers/market_data/interface.py apps/api/app/providers/market_data/twelvedata.py apps/api/app/providers/market_data/twelvedata_provider/__init__.py apps/api/app/providers/market_data/twelvedata_provider/api_client.py apps/api/app/providers/market_data/twelvedata_provider/cache_manager.py apps/api/app/providers/market_data/twelvedata_provider/data_processor.py apps/api/app/providers/market_data/twelvedata_provider/rate_limiter.py apps/api/app/providers/news/__init__.py apps/api/app/providers/news/interface.py apps/api/app/providers/news/marketaux.py apps/api/app/providers/news/marketaux_provider/__init__.py apps/api/app/providers/news/marketaux_provider/api_client.py apps/api/app/providers/news/marketaux_provider/cache_manager.py apps/api/app/providers/news/marketaux_provider/data_parser.py apps/api/app/routers/__init__.py apps/api/app/routers/auth.py apps/api/app/routers/background.py apps/api/app/routers/benchmark.py apps/api/app/routers/diagnostics.py apps/api/app/routers/health.py apps/api/app/routers/index.py apps/api/app/routers/manual_refresh.py apps/api/app/routers/metrics.py apps/api/app/routers/news.py apps/api/app/routers/portfolio_calculations.py apps/api/app/routers/root.py apps/api/app/routers/strategy.py apps/api/app/routers/system_status.py apps/api/app/routers/tasks.py apps/api/app/schemas/__init__.py apps/api/app/schemas/auth.py apps/api/app/schemas/benchmark.py apps/api/app/schemas/index.py apps/api/app/schemas/news.py apps/api/app/schemas/portfolio.py apps/api/app/schemas/strategy.py apps/api/app/schemas/validation.py apps/api/app/services/__init__.py apps/api/app/services/currency.py apps/api/app/services/market_data/__init__.py apps/api/app/services/market_data/data_transformer.py apps/api/app/services/market_data/market_cache.py apps/api/app/services/market_data/rate_limiter.py apps/api/app/services/market_data/twelvedata_client.py apps/api/app/services/news.py apps/api/app/services/news_modules/__init__.py apps/api/app/services/news_modules/entity_extractor.py apps/api/app/services/news_modules/news_aggregator.py apps/api/app/services/news_modules/news_processor.py apps/api/app/services/news_modules/sentiment_analyzer.py apps/api/app/services/performance.py apps/api/app/services/performance_modules/__init__.py apps/api/app/services/performance_modules/benchmark_comparison.py apps/api/app/services/performance_modules/performance_tracker.py apps/api/app/services/performance_modules/return_calculator.py apps/api/app/services/performance_modules/risk_metrics.py apps/api/app/services/refresh.py apps/api/app/services/strategy.py apps/api/app/services/strategy_modules/__init__.py apps/api/app/services/strategy_modules/data_validator.py apps/api/app/services/strategy_modules/portfolio_optimizer.py apps/api/app/services/strategy_modules/risk_calculator.py apps/api/app/services/strategy_modules/weight_calculator.py apps/api/app/services/twelvedata.py apps/api/app/tasks/__init__.py apps/api/app/tasks/background_tasks.py apps/api/app/tasks/base.py apps/api/app/tasks/cleanup.py apps/api/app/tasks/index_computation.py apps/api/app/tasks/market_refresh.py apps/api/app/tasks/report_generation.py apps/api/app/utils/cache.py apps/api/app/utils/cache_utils.py apps/api/app/utils/create_indexes.py apps/api/app/utils/password_validator.py apps/api/app/utils/run_migrations.py apps/api/app/utils/security.py apps/api/app/utils/token_dep.py apps/api/migrations/add_composite_indexes.sql apps/api/migrations/add_performance_indexes.sql apps/api/pyproject.toml apps/api/pytest.ini apps/api/requirements-test.txt apps/api/requirements.in apps/api/requirements.txt apps/api/run_tests.py apps/api/run_tests.sh apps/api/scripts/setup-pre-commit.bat apps/api/scripts/setup-pre-commit.sh apps/api/scripts/start_beat.sh apps/api/scripts/start_flower.sh apps/api/scripts/start_worker.sh apps/api/scripts/startup.sh apps/api/tests/conftest.py apps/api/tests/contract/test_api_contracts.py apps/api/tests/factories/__init__.py apps/api/tests/factories/asset_factory.py apps/api/tests/factories/base.py apps/api/tests/factories/portfolio_factory.py apps/api/tests/factories/strategy_factory.py apps/api/tests/factories/user_factory.py apps/api/tests/fixtures/factories.py apps/api/tests/helpers/__init__.py apps/api/tests/helpers/adapters.py apps/api/tests/helpers/assertions.py apps/api/tests/integration/test_auth_integration.py apps/api/tests/integration/test_portfolio_integration.py apps/api/tests/smoke/test_production_health.py apps/api/tests/unit/models/test_portfolio.py apps/api/tests/unit/routers/test_auth.py apps/api/tests/unit/schemas/test_portfolio_schemas.py apps/api/tests/unit/services/test_return_calculator.py apps/api/tests/unit/services/test_risk_calculator.py apps/api/tests/unit/services/test_weight_calculator.py apps/api/tests/unit/utils/test_security.py apps/web/.env.example apps/web/.env.local.example apps/web/.env.production apps/web/.eslintrc.json apps/web/Dockerfile apps/web/app/__tests__/components/dashboard/DashboardMetrics.test.tsx apps/web/app/__tests__/hooks/useAuth.test.tsx apps/web/app/__tests__/services/api/diagnostics.test.ts apps/web/app/__tests__/setup/verify-setup.test.ts apps/web/app/__tests__/utils/mock-api.ts apps/web/app/__tests__/utils/mock-data.ts apps/web/app/__tests__/utils/test-utils.tsx apps/web/app/admin/page.tsx apps/web/app/components/SmartRefresh.tsx apps/web/app/components/StrategyConfig.tsx apps/web/app/components/StrategyConfig/BacktestResults.tsx apps/web/app/components/StrategyConfig/RiskSettings.tsx apps/web/app/components/StrategyConfig/StrategyForm.tsx apps/web/app/components/StrategyConfig/ValidationRules.tsx apps/web/app/components/StrategyConfig/WeightAllocation.tsx apps/web/app/components/StrategyConfig/index.tsx apps/web/app/components/dashboard/AdvancedAnalytics.tsx apps/web/app/components/dashboard/PerformanceCards.tsx apps/web/app/components/dashboard/PerformanceChart.old.tsx apps/web/app/components/dashboard/PerformanceChart.tsx apps/web/app/components/dashboard/PerformanceChart/AssetSelector.tsx apps/web/app/components/dashboard/PerformanceChart/ChartControlsPanel.tsx apps/web/app/components/dashboard/PerformanceChart/ChartTooltip.tsx apps/web/app/components/dashboard/PerformanceChart/chartConfig.ts apps/web/app/components/dashboard/PerformanceChart/chartDataProcessor.ts apps/web/app/components/dashboard/PerformanceChart/index.tsx apps/web/app/components/dashboard/PortfolioAllocation.tsx apps/web/app/components/dashboard/SimulationPanel.tsx apps/web/app/components/dashboard/TopHoldings.tsx apps/web/app/components/shared/Button/Button.styles.ts apps/web/app/components/shared/Button/Button.tsx apps/web/app/components/shared/Button/Button.types.ts apps/web/app/components/shared/Button/index.ts apps/web/app/components/shared/Card/Card.styles.ts apps/web/app/components/shared/Card/Card.tsx apps/web/app/components/shared/Card/Card.types.ts apps/web/app/components/shared/Card/index.ts apps/web/app/components/shared/ErrorBoundary.tsx apps/web/app/components/shared/LoadingSkeleton.tsx apps/web/app/components/shared/TaskNotifications.tsx apps/web/app/constants/config.ts apps/web/app/constants/theme.ts apps/web/app/core/application/usecases/auth/GoogleAuthUseCase.ts apps/web/app/core/application/usecases/auth/LoginUseCase.ts apps/web/app/core/domain/entities/DataQuality.ts apps/web/app/core/domain/entities/Portfolio.ts apps/web/app/core/domain/entities/SystemHealth.ts apps/web/app/core/domain/entities/User.ts apps/web/app/core/domain/repositories/IAuthRepository.ts apps/web/app/core/domain/repositories/IDataQualityRepository.ts apps/web/app/core/domain/repositories/IPortfolioRepository.ts apps/web/app/core/domain/repositories/ISystemHealthRepository.ts apps/web/app/core/domain/usecases/AssessDataQualityUseCase.ts apps/web/app/core/domain/usecases/MonitorSystemHealthUseCase.ts apps/web/app/core/infrastructure/api/ApiClient.ts apps/web/app/core/infrastructure/api/HttpClient.ts apps/web/app/core/infrastructure/auth/GoogleAuthProvider.ts apps/web/app/core/infrastructure/auth/TokenManager.ts apps/web/app/core/infrastructure/repositories/AuthRepository.ts apps/web/app/core/infrastructure/repositories/DataQualityRepository.ts apps/web/app/core/infrastructure/repositories/SystemHealthRepository.ts apps/web/app/core/presentation/components/DataQualityIndicator/DataQualityIndicator.styles.ts apps/web/app/core/presentation/components/DataQualityIndicator/DataQualityIndicator.tsx apps/web/app/core/presentation/components/DataQualityIndicator/DataQualityIndicator.types.ts apps/web/app/core/presentation/components/DataQualityIndicator/index.ts apps/web/app/core/presentation/components/ProtectedRoute.tsx apps/web/app/core/presentation/components/SystemHealthIndicator/SystemHealthIndicator.styles.ts apps/web/app/core/presentation/components/SystemHealthIndicator/SystemHealthIndicator.tsx apps/web/app/core/presentation/components/SystemHealthIndicator/SystemHealthIndicator.types.ts apps/web/app/core/presentation/components/SystemHealthIndicator/index.ts apps/web/app/core/presentation/components/auth/LoginForm.tsx apps/web/app/core/presentation/contexts/AuthContext.tsx apps/web/app/core/presentation/hooks/useApiRequest.ts apps/web/app/core/presentation/hooks/useDataQuality.ts apps/web/app/core/presentation/hooks/useSystemHealth.ts apps/web/app/dashboard/components/AllocationChart.tsx apps/web/app/dashboard/components/ChartControls.tsx apps/web/app/dashboard/components/DashboardLayout.tsx apps/web/app/dashboard/components/DashboardMetrics.tsx apps/web/app/dashboard/components/PortfolioChart.tsx apps/web/app/dashboard/components/SimulationPanel.tsx apps/web/app/dashboard/hooks/useChartControls.ts apps/web/app/dashboard/hooks/useDashboardData.ts apps/web/app/dashboard/hooks/useSimulation.ts apps/web/app/dashboard/page.old.tsx apps/web/app/dashboard/page.tsx apps/web/app/dashboard/providers/DashboardProvider.tsx apps/web/app/diagnostics/components/CacheStatusCard.tsx apps/web/app/diagnostics/components/DatabaseStatusCard.tsx apps/web/app/diagnostics/components/RefreshStatusCard.tsx apps/web/app/diagnostics/components/SystemSummaryCard.tsx apps/web/app/diagnostics/hooks/useDiagnosticsData.ts apps/web/app/diagnostics/page.old.tsx apps/web/app/diagnostics/page.tsx apps/web/app/globals.css apps/web/app/hooks/api/useApiCall.ts apps/web/app/hooks/useChartData.ts apps/web/app/hooks/usePortfolioData.ts apps/web/app/hooks/useSimulation.ts apps/web/app/layout.tsx apps/web/app/lib/utils.ts apps/web/app/login/page.tsx apps/web/app/news/page.tsx apps/web/app/page.tsx apps/web/app/providers/index.tsx apps/web/app/register/page.tsx apps/web/app/services/api/background.ts apps/web/app/services/api/base.ts apps/web/app/services/api/benchmark.ts apps/web/app/services/api/client.ts apps/web/app/services/api/diagnostics.ts apps/web/app/services/api/index.ts apps/web/app/services/api/manual.ts apps/web/app/services/api/market.ts apps/web/app/services/api/news.ts apps/web/app/services/api/portfolio.ts apps/web/app/services/api/strategy.ts apps/web/app/services/api/types.ts apps/web/app/strategy/page.tsx apps/web/app/tasks/page.tsx apps/web/app/types/api.ts apps/web/app/types/chart.ts apps/web/app/types/portfolio.ts apps/web/app/utils/api.ts apps/web/app/utils/env-validator.ts apps/web/jest.config.js apps/web/jest.setup.js apps/web/next-env.d.ts apps/web/next.config.js apps/web/package.json apps/web/postcss.config.js apps/web/public/.gitkeep apps/web/tailwind.config.js apps/web/tsconfig.json apps/web/tsconfig.tsbuildinfo docs/00-project-status/CHANGELOG.md docs/00-project-status/CURRENT_STATUS.md docs/00-project-status/README.md docs/00-project-status/REFACTORING_STATUS.md docs/00-project-status/ROADMAP.md docs/00-project-status/TESTING_PROGRESS_2025-01-20.md docs/01-getting-started/ENVIRONMENT_VARIABLES.md docs/01-getting-started/QUICK_START.md docs/01-getting-started/README.md docs/01-getting-started/quick-cards/dev-quickstart.md docs/02-api-reference/COMPLETE_API_REFERENCE.md docs/02-api-reference/README.md docs/02-api-reference/authentication/README.md docs/02-api-reference/quick-cards/api-cheatsheet.md docs/03-implementation/README.md docs/03-implementation/backend/architecture/SYSTEM_ARCHITECTURE.md docs/03-implementation/backend/operations/OPERATIONS_GUIDE.md docs/03-implementation/backend/testing/README.md docs/03-implementation/backend/testing/TESTING_STRATEGY.md docs/03-implementation/deployment/CI_CD_ARCHITECTURE.md docs/03-implementation/diagrams/system-overview.mermaid docs/03-implementation/frontend/architecture/CLEAN_ARCHITECTURE.md docs/03-implementation/frontend/testing/FRONTEND_TESTING.md docs/03-implementation/frontend/testing/README.md docs/04-features/README.md docs/04-features/implemented/README.md docs/04-features/planned/AI_DATA_FUSION.md docs/04-features/planned/README.md docs/05-roadmap/CRITICAL.md docs/05-roadmap/HIGH_PRIORITY.md docs/05-roadmap/README.md docs/05-roadmap/quick-cards/todo-summary.md docs/BACKEND_TEST_REFACTORING_ANALYSIS.md docs/BACKEND_TEST_STATUS_REPORT.md docs/INDEX.md docs/README.md docs/TESTING_IMPLEMENTATION_PLAN.md docs/TESTING_STRUCTURAL_ANALYSIS.md docs/TEST_ARCHITECTURE_DECISIONS.md docs/_GLOSSARY.md gh.bat install-render-cli.ps1 openapi.json package-lock.json package.json render.yaml run-local-no-docker.bat scripts/generate-docs.js turbo.json 
2025-08-20T19:30:54.4951259Z ##[endgroup]
2025-08-20T19:30:54.4951648Z Found 349 files tracked by GitHub
2025-08-20T19:30:54.4951916Z Using test report parser 'java-junit'
2025-08-20T19:30:54.4952347Z ##[group]Creating test report Backend Test Results
2025-08-20T19:30:54.4963380Z ##[warning]No file matches path ./apps/api/test-results.xml
2025-08-20T19:30:54.4964443Z ##[endgroup]
2025-08-20T19:30:54.4965249Z ##[error]No test report files were found
2025-08-20T19:30:54.5018374Z Post job cleanup.
2025-08-20T19:30:54.5936914Z [command]/usr/bin/git version
2025-08-20T19:30:54.5972347Z git version 2.50.1
2025-08-20T19:30:54.6013864Z Temporarily overriding HOME='/home/runner/work/_temp/a04d4cf4-2c08-453a-8be2-cb0e9330f3c0' before making global git config changes
2025-08-20T19:30:54.6014934Z Adding repository directory to the temporary git global config as a safe directory
2025-08-20T19:30:54.6019681Z [command]/usr/bin/git config --global --add safe.directory /home/runner/work/AI-Investment/AI-Investment
2025-08-20T19:30:54.6058905Z [command]/usr/bin/git config --local --name-only --get-regexp core\.sshCommand
2025-08-20T19:30:54.6090003Z [command]/usr/bin/git submodule foreach --recursive sh -c "git config --local --name-only --get-regexp 'core\.sshCommand' && git config --local --unset-all 'core.sshCommand' || :"
2025-08-20T19:30:54.6312807Z [command]/usr/bin/git config --local --name-only --get-regexp http\.https\:\/\/github\.com\/\.extraheader
2025-08-20T19:30:54.6332357Z http.https://github.com/.extraheader
2025-08-20T19:30:54.6344364Z [command]/usr/bin/git config --local --unset-all http.https://github.com/.extraheader
2025-08-20T19:30:54.6373494Z [command]/usr/bin/git submodule foreach --recursive sh -c "git config --local --name-only --get-regexp 'http\.https\:\/\/github\.com\/\.extraheader' && git config --local --unset-all 'http.https://github.com/.extraheader' || :"
2025-08-20T19:30:54.6692206Z Print service container logs: 7964195e740b43da88257b134d654928_postgres15_e05b21
2025-08-20T19:30:54.6697122Z ##[command]/usr/bin/docker logs --details 101acff1e13e46b4e5d700ad2a49ac9c16fe2bf7d3763c6dd21a0812f9b01d5b
2025-08-20T19:30:54.6812672Z  The files belonging to this database system will be owned by user "postgres".
2025-08-20T19:30:54.6815482Z  initdb: warning: enabling "trust" authentication for local connections
2025-08-20T19:30:54.6816735Z  initdb: hint: You can change this by editing pg_hba.conf or using the option -A, or --auth-local and --auth-host, the next time you run initdb.
2025-08-20T19:30:54.6817666Z  This user must also own the server process.
2025-08-20T19:30:54.6818073Z  
2025-08-20T19:30:54.6818486Z  The database cluster will be initialized with locale "en_US.utf8".
2025-08-20T19:30:54.6819427Z  The default database encoding has accordingly been set to "UTF8".
2025-08-20T19:30:54.6820077Z  The default text search configuration will be set to "english".
2025-08-20T19:30:54.6820606Z  
2025-08-20T19:30:54.6820881Z  Data page checksums are disabled.
2025-08-20T19:30:54.6821239Z  
2025-08-20T19:30:54.6821671Z  fixing permissions on existing directory /var/lib/postgresql/data ... ok
2025-08-20T19:30:54.6822271Z  creating subdirectories ... ok
2025-08-20T19:30:54.6822739Z  selecting dynamic shared memory implementation ... posix
2025-08-20T19:30:54.6823261Z  selecting default max_connections ... 100
2025-08-20T19:30:54.6823703Z  selecting default shared_buffers ... 128MB
2025-08-20T19:30:54.6824141Z  selecting default time zone ... Etc/UTC
2025-08-20T19:30:54.6824558Z  creating configuration files ... ok
2025-08-20T19:30:54.6824967Z  running bootstrap script ... ok
2025-08-20T19:30:54.6825400Z  performing post-bootstrap initialization ... ok
2025-08-20T19:30:54.6825866Z  syncing data to disk ... ok
2025-08-20T19:30:54.6826204Z  
2025-08-20T19:30:54.6826619Z  
2025-08-20T19:30:54.6826956Z  Success. You can now start the database server using:
2025-08-20T19:30:54.6827405Z  
2025-08-20T19:30:54.6827739Z      pg_ctl -D /var/lib/postgresql/data -l logfile start
2025-08-20T19:30:54.6828181Z  
2025-08-20T19:30:54.6829111Z  waiting for server to start....2025-08-20 19:29:51.065 UTC [48] LOG:  starting PostgreSQL 15.14 (Debian 15.14-1.pgdg13+1) on x86_64-pc-linux-gnu, compiled by gcc (Debian 14.2.0-19) 14.2.0, 64-bit
2025-08-20T19:30:54.6830413Z  2025-08-20 19:29:51.066 UTC [48] LOG:  listening on Unix socket "/var/run/postgresql/.s.PGSQL.5432"
2025-08-20T19:30:54.6831239Z  2025-08-20 19:29:51.070 UTC [51] LOG:  database system was shut down at 2025-08-20 19:29:50 UTC
2025-08-20T19:30:54.6832152Z  2025-08-20 19:29:51.074 UTC [48] LOG:  database system is ready to accept connections
2025-08-20T19:30:54.6832686Z   done
2025-08-20T19:30:54.6832945Z  server started
2025-08-20T19:30:54.6833208Z  CREATE DATABASE
2025-08-20T19:30:54.6833381Z  
2025-08-20T19:30:54.6833520Z  
2025-08-20T19:30:54.6833815Z  /usr/local/bin/docker-entrypoint.sh: ignoring /docker-entrypoint-initdb.d/*
2025-08-20T19:30:54.6834175Z  
2025-08-20T19:30:54.6834482Z  waiting for server to shut down...2025-08-20 19:29:51.283 UTC [48] LOG:  received fast shutdown request
2025-08-20T19:30:54.6834943Z  .2025-08-20 19:29:51.284 UTC [48] LOG:  aborting any active transactions
2025-08-20T19:30:54.6835436Z  2025-08-20 19:29:51.286 UTC [48] LOG:  background worker "logical replication launcher" (PID 54) exited with exit code 1
2025-08-20T19:30:54.6835888Z  2025-08-20 19:29:51.287 UTC [49] LOG:  shutting down
2025-08-20T19:30:54.6836665Z  2025-08-20 19:29:51.408 UTC [1] LOG:  starting PostgreSQL 15.14 (Debian 15.14-1.pgdg13+1) on x86_64-pc-linux-gnu, compiled by gcc (Debian 14.2.0-19) 14.2.0, 64-bit
2025-08-20T19:30:54.6837275Z  2025-08-20 19:29:51.409 UTC [1] LOG:  listening on IPv4 address "0.0.0.0", port 5432
2025-08-20T19:30:54.6837671Z  2025-08-20 19:29:51.409 UTC [1] LOG:  listening on IPv6 address "::", port 5432
2025-08-20T19:30:54.6838310Z  2025-08-20 19:29:51.409 UTC [1] LOG:  listening on Unix socket "/var/run/postgresql/.s.PGSQL.5432"
2025-08-20T19:30:54.6838808Z  2025-08-20 19:29:51.412 UTC [64] LOG:  database system was shut down at 2025-08-20 19:29:51 UTC
2025-08-20T19:30:54.6839240Z  2025-08-20 19:29:51.418 UTC [1] LOG:  database system is ready to accept connections
2025-08-20T19:30:54.6839616Z  2025-08-20 19:30:00.400 UTC [75] FATAL:  role "root" does not exist
2025-08-20T19:30:54.6839949Z  2025-08-20 19:30:10.464 UTC [83] FATAL:  role "root" does not exist
2025-08-20T19:30:54.6840265Z  2025-08-20 19:30:20.527 UTC [91] FATAL:  role "root" does not exist
2025-08-20T19:30:54.6840592Z  2025-08-20 19:30:30.593 UTC [100] FATAL:  role "root" does not exist
2025-08-20T19:30:54.6840917Z  2025-08-20 19:30:40.661 UTC [108] FATAL:  role "root" does not exist
2025-08-20T19:30:54.6841378Z  2025-08-20 19:30:50.503 UTC [110] ERROR:  relation "users" does not exist
2025-08-20T19:30:54.6841693Z  2025-08-20 19:30:50.503 UTC [110] STATEMENT:  
2025-08-20T19:30:54.6841943Z  	                ALTER TABLE users 
2025-08-20T19:30:54.6842208Z  	                ADD COLUMN is_google_user BOOLEAN DEFAULT FALSE
2025-08-20T19:30:54.6842472Z  	            
2025-08-20T19:30:54.6842699Z  2025-08-20 19:30:50.730 UTC [118] FATAL:  role "root" does not exist
2025-08-20T19:30:54.6843049Z  2025-08-20 19:30:50.850 UTC [110] ERROR:  relation "users" does not exist
2025-08-20T19:30:54.6843357Z  2025-08-20 19:30:50.850 UTC [110] STATEMENT:  
2025-08-20T19:30:54.6843601Z  	                ALTER TABLE users 
2025-08-20T19:30:54.6843856Z  	                ADD COLUMN is_google_user BOOLEAN DEFAULT FALSE
2025-08-20T19:30:54.6844104Z  	            
2025-08-20T19:30:54.6844334Z  2025-08-20 19:30:51.160 UTC [110] ERROR:  relation "users" does not exist
2025-08-20T19:30:54.6844645Z  2025-08-20 19:30:51.160 UTC [110] STATEMENT:  
2025-08-20T19:30:54.6844901Z  	                ALTER TABLE users 
2025-08-20T19:30:54.6845166Z  	                ADD COLUMN is_google_user BOOLEAN DEFAULT FALSE
2025-08-20T19:30:54.6845426Z  	            
2025-08-20T19:30:54.6845674Z  2025-08-20 19:30:51.195 UTC [110] ERROR:  relation "users" does not exist
2025-08-20T19:30:54.6845994Z  2025-08-20 19:30:51.195 UTC [110] STATEMENT:  
2025-08-20T19:30:54.6846239Z  	                ALTER TABLE users 
2025-08-20T19:30:54.6846668Z  	                ADD COLUMN is_google_user BOOLEAN DEFAULT FALSE
2025-08-20T19:30:54.6846927Z  	            
2025-08-20T19:30:54.6847157Z  2025-08-20 19:30:51.772 UTC [110] ERROR:  relation "users" does not exist
2025-08-20T19:30:54.6847469Z  2025-08-20 19:30:51.772 UTC [110] STATEMENT:  
2025-08-20T19:30:54.6847713Z  	                ALTER TABLE users 
2025-08-20T19:30:54.6847964Z  	                ADD COLUMN is_google_user BOOLEAN DEFAULT FALSE
2025-08-20T19:30:54.6848214Z  	            
2025-08-20T19:30:54.6848436Z  2025-08-20 19:30:52.351 UTC [110] ERROR:  relation "users" does not exist
2025-08-20T19:30:54.6848747Z  2025-08-20 19:30:52.351 UTC [110] STATEMENT:  
2025-08-20T19:30:54.6848977Z  	                ALTER TABLE users 
2025-08-20T19:30:54.6849228Z  	                ADD COLUMN is_google_user BOOLEAN DEFAULT FALSE
2025-08-20T19:30:54.6849477Z  	            
2025-08-20T19:30:54.6849695Z  2025-08-20 19:30:52.880 UTC [110] ERROR:  relation "users" does not exist
2025-08-20T19:30:54.6850000Z  2025-08-20 19:30:52.880 UTC [110] STATEMENT:  
2025-08-20T19:30:54.6850238Z  	                ALTER TABLE users 
2025-08-20T19:30:54.6850475Z  	                ADD COLUMN is_google_user BOOLEAN DEFAULT FALSE
2025-08-20T19:30:54.6850727Z  	            
2025-08-20T19:30:54.6850945Z  2025-08-20 19:30:53.353 UTC [110] ERROR:  relation "users" does not exist
2025-08-20T19:30:54.6851249Z  2025-08-20 19:30:53.353 UTC [110] STATEMENT:  
2025-08-20T19:30:54.6851488Z  	                ALTER TABLE users 
2025-08-20T19:30:54.6851726Z  	                ADD COLUMN is_google_user BOOLEAN DEFAULT FALSE
2025-08-20T19:30:54.6851974Z  	            
2025-08-20T19:30:54.6852195Z  2025-08-20 19:30:53.691 UTC [110] ERROR:  relation "users" does not exist
2025-08-20T19:30:54.6852627Z  2025-08-20 19:30:53.691 UTC [110] STATEMENT:  
2025-08-20T19:30:54.6852869Z  	                ALTER TABLE users 
2025-08-20T19:30:54.6853108Z  	                ADD COLUMN is_google_user BOOLEAN DEFAULT FALSE
2025-08-20T19:30:54.6853353Z  	            
2025-08-20T19:30:54.6853576Z  2025-08-20 19:30:53.727 UTC [110] ERROR:  relation "users" does not exist
2025-08-20T19:30:54.6853877Z  2025-08-20 19:30:53.727 UTC [110] STATEMENT:  
2025-08-20T19:30:54.6854111Z  	                ALTER TABLE users 
2025-08-20T19:30:54.6854349Z  	                ADD COLUMN is_google_user BOOLEAN DEFAULT FALSE
2025-08-20T19:30:54.6854595Z  	            
2025-08-20T19:30:54.6854822Z  2025-08-20 19:30:53.763 UTC [110] ERROR:  relation "users" does not exist
2025-08-20T19:30:54.6855121Z  2025-08-20 19:30:53.763 UTC [110] STATEMENT:  
2025-08-20T19:30:54.6855465Z  	                ALTER TABLE users 
2025-08-20T19:30:54.6855710Z  	                ADD COLUMN is_google_user BOOLEAN DEFAULT FALSE
2025-08-20T19:30:54.6855949Z  	            
2025-08-20T19:30:54.6856194Z  2025-08-20 19:29:51.287 UTC [49] LOG:  checkpoint starting: shutdown immediate
2025-08-20T19:30:54.6857238Z  2025-08-20 19:29:51.308 UTC [49] LOG:  checkpoint complete: wrote 922 buffers (5.6%); 0 WAL file(s) added, 0 removed, 0 recycled; write=0.017 s, sync=0.003 s, total=0.022 s; sync files=301, longest=0.001 s, average=0.001 s; distance=4239 kB, estimate=4239 kB
2025-08-20T19:30:54.6858021Z  2025-08-20 19:29:51.317 UTC [48] LOG:  database system is shut down
2025-08-20T19:30:54.6858297Z   done
2025-08-20T19:30:54.6858448Z  server stopped
2025-08-20T19:30:54.6858612Z  
2025-08-20T19:30:54.6858821Z  PostgreSQL init process complete; ready for start up.
2025-08-20T19:30:54.6859085Z  
2025-08-20T19:30:54.6864424Z Stop and remove container: 7964195e740b43da88257b134d654928_postgres15_e05b21
2025-08-20T19:30:54.6869042Z ##[command]/usr/bin/docker rm --force 101acff1e13e46b4e5d700ad2a49ac9c16fe2bf7d3763c6dd21a0812f9b01d5b
2025-08-20T19:30:55.2302886Z 101acff1e13e46b4e5d700ad2a49ac9c16fe2bf7d3763c6dd21a0812f9b01d5b
2025-08-20T19:30:55.2322662Z Print service container logs: b5dd1f2741e24740baad41026642ba05_redis7alpine_bb90a6
2025-08-20T19:30:55.2323748Z ##[command]/usr/bin/docker logs --details 23074dc5014dbcb400da537f971bb155a4db391d1fa85896ed4bbd53a4aa2c42
2025-08-20T19:30:55.2441829Z  1:C 20 Aug 2025 19:29:51.613 # WARNING Memory overcommit must be enabled! Without it, a background save or replication may fail under low memory condition. Being disabled, it can also cause failures without low memory condition, see https://github.com/jemalloc/jemalloc/issues/1328. To fix this issue add 'vm.overcommit_memory = 1' to /etc/sysctl.conf and then reboot or run the command 'sysctl vm.overcommit_memory=1' for this to take effect.
2025-08-20T19:30:55.2443345Z  1:C 20 Aug 2025 19:29:51.613 * oO0OoO0OoO0Oo Redis is starting oO0OoO0OoO0Oo
2025-08-20T19:30:55.2443832Z  1:C 20 Aug 2025 19:29:51.613 * Redis version=7.4.5, bits=64, commit=00000000, modified=0, pid=1, just started
2025-08-20T19:30:55.2444538Z  1:C 20 Aug 2025 19:29:51.613 # Warning: no config file specified, using the default config. In order to specify a config file use redis-server /path/to/redis.conf
2025-08-20T19:30:55.2445150Z  1:M 20 Aug 2025 19:29:51.613 * monotonic clock: POSIX clock_gettime
2025-08-20T19:30:55.2445488Z  1:M 20 Aug 2025 19:29:51.614 * Running mode=standalone, port=6379.
2025-08-20T19:30:55.2445807Z  1:M 20 Aug 2025 19:29:51.614 * Server initialized
2025-08-20T19:30:55.2446108Z  1:M 20 Aug 2025 19:29:51.614 * Ready to accept connections tcp
2025-08-20T19:30:55.2452905Z Stop and remove container: b5dd1f2741e24740baad41026642ba05_redis7alpine_bb90a6
2025-08-20T19:30:55.2453596Z ##[command]/usr/bin/docker rm --force 23074dc5014dbcb400da537f971bb155a4db391d1fa85896ed4bbd53a4aa2c42
2025-08-20T19:30:55.3533490Z 23074dc5014dbcb400da537f971bb155a4db391d1fa85896ed4bbd53a4aa2c42
2025-08-20T19:30:55.3555758Z Remove container network: github_network_6babc8a2ce824d2e9ee7efb85dacd322
2025-08-20T19:30:55.3560621Z ##[command]/usr/bin/docker network rm github_network_6babc8a2ce824d2e9ee7efb85dacd322
2025-08-20T19:30:55.4754140Z github_network_6babc8a2ce824d2e9ee7efb85dacd322
2025-08-20T19:30:55.4810850Z Cleaning up orphan processes
